[0.711s] DEBUG:colcon:Command line arguments: ['/usr/bin/colcon', 'build']
[0.711s] DEBUG:colcon:Parsed command line arguments: Namespace(allow_overriding=[], ament_cmake_args=None, base_paths=['.'], build_base='build', catkin_cmake_args=None, catkin_skip_building_tests=False, cmake_args=None, cmake_clean_cache=False, cmake_clean_first=False, cmake_force_configure=False, cmake_target=None, cmake_target_skip_unavailable=False, continue_on_error=False, event_handlers=None, executor='parallel', ignore_user_meta=False, install_base='install', log_base=None, log_level=None, main=<bound method BuildVerb.main of <colcon_core.verb.build.BuildVerb object at 0x7fed71428220>>, merge_install=False, metas=['./colcon.meta'], mixin=None, mixin_files=None, mixin_verb=('build',), packages_above=None, packages_above_and_dependencies=None, packages_above_depth=None, packages_end=None, packages_ignore=None, packages_ignore_regex=None, packages_select=None, packages_select_build_failed=False, packages_select_by_dep=None, packages_select_regex=None, packages_select_test_failures=False, packages_skip=None, packages_skip_build_finished=False, packages_skip_by_dep=None, packages_skip_regex=None, packages_skip_test_passed=False, packages_skip_up_to=None, packages_start=None, packages_up_to=None, packages_up_to_regex=None, parallel_workers=16, paths=None, symlink_install=False, test_result_base=None, verb_extension=<colcon_core.verb.build.BuildVerb object at 0x7fed71428220>, verb_name='build', verb_parser=<colcon_mixin.mixin.mixin_argument.MixinArgumentDecorator object at 0x7fed71428a30>)
[0.813s] Level 1:colcon.colcon_core.package_discovery:discover_packages(colcon_meta) check parameters
[0.813s] Level 1:colcon.colcon_core.package_discovery:discover_packages(recursive) check parameters
[0.813s] Level 1:colcon.colcon_core.package_discovery:discover_packages(ignore) check parameters
[0.813s] Level 1:colcon.colcon_core.package_discovery:discover_packages(path) check parameters
[0.813s] Level 1:colcon.colcon_core.package_discovery:discover_packages(colcon_meta) discover
[0.813s] Level 1:colcon.colcon_core.package_discovery:discover_packages(recursive) discover
[0.813s] INFO:colcon.colcon_core.package_discovery:Crawling recursively for packages in '/home/joshua_caratao/24-25-TAR-Team-2-Software/ros2_ws'
[0.813s] Level 1:colcon.colcon_core.package_identification:_identify(.) by extensions ['ignore', 'ignore_ament_install']
[0.813s] Level 1:colcon.colcon_core.package_identification:_identify(.) by extension 'ignore'
[0.813s] Level 1:colcon.colcon_core.package_identification:_identify(.) by extension 'ignore_ament_install'
[0.813s] Level 1:colcon.colcon_core.package_identification:_identify(.) by extensions ['colcon_pkg']
[0.813s] Level 1:colcon.colcon_core.package_identification:_identify(.) by extension 'colcon_pkg'
[0.814s] Level 1:colcon.colcon_core.package_identification:_identify(.) by extensions ['colcon_meta']
[0.814s] Level 1:colcon.colcon_core.package_identification:_identify(.) by extension 'colcon_meta'
[0.814s] Level 1:colcon.colcon_core.package_identification:_identify(.) by extensions ['ros']
[0.814s] Level 1:colcon.colcon_core.package_identification:_identify(.) by extension 'ros'
[0.851s] Level 1:colcon.colcon_core.package_identification:_identify(.) by extensions ['cmake', 'python']
[0.851s] Level 1:colcon.colcon_core.package_identification:_identify(.) by extension 'cmake'
[0.851s] Level 1:colcon.colcon_core.package_identification:_identify(.) by extension 'python'
[0.851s] Level 1:colcon.colcon_core.package_identification:_identify(.) by extensions ['python_setup_py']
[0.851s] Level 1:colcon.colcon_core.package_identification:_identify(.) by extension 'python_setup_py'
[0.852s] Level 1:colcon.colcon_core.package_identification:_identify(build) by extensions ['ignore', 'ignore_ament_install']
[0.852s] Level 1:colcon.colcon_core.package_identification:_identify(build) by extension 'ignore'
[0.852s] Level 1:colcon.colcon_core.package_identification:_identify(build) ignored
[0.852s] Level 1:colcon.colcon_core.package_identification:_identify(install) by extensions ['ignore', 'ignore_ament_install']
[0.852s] Level 1:colcon.colcon_core.package_identification:_identify(install) by extension 'ignore'
[0.852s] Level 1:colcon.colcon_core.package_identification:_identify(install) ignored
[0.852s] Level 1:colcon.colcon_core.package_identification:_identify(log) by extensions ['ignore', 'ignore_ament_install']
[0.852s] Level 1:colcon.colcon_core.package_identification:_identify(log) by extension 'ignore'
[0.852s] Level 1:colcon.colcon_core.package_identification:_identify(log) ignored
[0.852s] Level 1:colcon.colcon_core.package_identification:_identify(src) by extensions ['ignore', 'ignore_ament_install']
[0.852s] Level 1:colcon.colcon_core.package_identification:_identify(src) by extension 'ignore'
[0.852s] Level 1:colcon.colcon_core.package_identification:_identify(src) by extension 'ignore_ament_install'
[0.852s] Level 1:colcon.colcon_core.package_identification:_identify(src) by extensions ['colcon_pkg']
[0.852s] Level 1:colcon.colcon_core.package_identification:_identify(src) by extension 'colcon_pkg'
[0.852s] Level 1:colcon.colcon_core.package_identification:_identify(src) by extensions ['colcon_meta']
[0.852s] Level 1:colcon.colcon_core.package_identification:_identify(src) by extension 'colcon_meta'
[0.852s] Level 1:colcon.colcon_core.package_identification:_identify(src) by extensions ['ros']
[0.852s] Level 1:colcon.colcon_core.package_identification:_identify(src) by extension 'ros'
[0.852s] Level 1:colcon.colcon_core.package_identification:_identify(src) by extensions ['cmake', 'python']
[0.853s] Level 1:colcon.colcon_core.package_identification:_identify(src) by extension 'cmake'
[0.853s] Level 1:colcon.colcon_core.package_identification:_identify(src) by extension 'python'
[0.853s] Level 1:colcon.colcon_core.package_identification:_identify(src) by extensions ['python_setup_py']
[0.853s] Level 1:colcon.colcon_core.package_identification:_identify(src) by extension 'python_setup_py'
[0.853s] Level 1:colcon.colcon_core.package_identification:_identify(src/drone_controls) by extensions ['ignore', 'ignore_ament_install']
[0.853s] Level 1:colcon.colcon_core.package_identification:_identify(src/drone_controls) by extension 'ignore'
[0.853s] Level 1:colcon.colcon_core.package_identification:_identify(src/drone_controls) by extension 'ignore_ament_install'
[0.853s] Level 1:colcon.colcon_core.package_identification:_identify(src/drone_controls) by extensions ['colcon_pkg']
[0.853s] Level 1:colcon.colcon_core.package_identification:_identify(src/drone_controls) by extension 'colcon_pkg'
[0.853s] Level 1:colcon.colcon_core.package_identification:_identify(src/drone_controls) by extensions ['colcon_meta']
[0.853s] Level 1:colcon.colcon_core.package_identification:_identify(src/drone_controls) by extension 'colcon_meta'
[0.853s] Level 1:colcon.colcon_core.package_identification:_identify(src/drone_controls) by extensions ['ros']
[0.853s] Level 1:colcon.colcon_core.package_identification:_identify(src/drone_controls) by extension 'ros'
[0.857s] DEBUG:colcon.colcon_core.package_identification:Package 'src/drone_controls' with type 'ros.ament_python' and name 'drone_controls'
[0.857s] Level 1:colcon.colcon_core.package_identification:_identify(src/px4_msgs) by extensions ['ignore', 'ignore_ament_install']
[0.857s] Level 1:colcon.colcon_core.package_identification:_identify(src/px4_msgs) by extension 'ignore'
[0.857s] Level 1:colcon.colcon_core.package_identification:_identify(src/px4_msgs) by extension 'ignore_ament_install'
[0.857s] Level 1:colcon.colcon_core.package_identification:_identify(src/px4_msgs) by extensions ['colcon_pkg']
[0.857s] Level 1:colcon.colcon_core.package_identification:_identify(src/px4_msgs) by extension 'colcon_pkg'
[0.857s] Level 1:colcon.colcon_core.package_identification:_identify(src/px4_msgs) by extensions ['colcon_meta']
[0.857s] Level 1:colcon.colcon_core.package_identification:_identify(src/px4_msgs) by extension 'colcon_meta'
[0.857s] Level 1:colcon.colcon_core.package_identification:_identify(src/px4_msgs) by extensions ['ros']
[0.857s] Level 1:colcon.colcon_core.package_identification:_identify(src/px4_msgs) by extension 'ros'
[0.858s] DEBUG:colcon.colcon_core.package_identification:Package 'src/px4_msgs' with type 'ros.ament_cmake' and name 'px4_msgs'
[0.858s] Level 1:colcon.colcon_core.package_identification:_identify(src/px4_ros_com) by extensions ['ignore', 'ignore_ament_install']
[0.858s] Level 1:colcon.colcon_core.package_identification:_identify(src/px4_ros_com) by extension 'ignore'
[0.858s] Level 1:colcon.colcon_core.package_identification:_identify(src/px4_ros_com) by extension 'ignore_ament_install'
[0.858s] Level 1:colcon.colcon_core.package_identification:_identify(src/px4_ros_com) by extensions ['colcon_pkg']
[0.858s] Level 1:colcon.colcon_core.package_identification:_identify(src/px4_ros_com) by extension 'colcon_pkg'
[0.858s] Level 1:colcon.colcon_core.package_identification:_identify(src/px4_ros_com) by extensions ['colcon_meta']
[0.858s] Level 1:colcon.colcon_core.package_identification:_identify(src/px4_ros_com) by extension 'colcon_meta'
[0.858s] Level 1:colcon.colcon_core.package_identification:_identify(src/px4_ros_com) by extensions ['ros']
[0.858s] Level 1:colcon.colcon_core.package_identification:_identify(src/px4_ros_com) by extension 'ros'
[0.859s] DEBUG:colcon.colcon_core.package_identification:Package 'src/px4_ros_com' with type 'ros.ament_cmake' and name 'px4_ros_com'
[0.859s] Level 1:colcon.colcon_core.package_discovery:discover_packages(recursive) using defaults
[0.859s] Level 1:colcon.colcon_core.package_discovery:discover_packages(ignore) discover
[0.859s] Level 1:colcon.colcon_core.package_discovery:discover_packages(ignore) using defaults
[0.859s] Level 1:colcon.colcon_core.package_discovery:discover_packages(path) discover
[0.859s] Level 1:colcon.colcon_core.package_discovery:discover_packages(path) using defaults
[0.899s] Level 1:colcon.colcon_core.package_discovery:discover_packages(prefix_path) check parameters
[0.899s] Level 1:colcon.colcon_core.package_discovery:discover_packages(prefix_path) discover
[0.903s] DEBUG:colcon.colcon_installed_package_information.package_discovery:Found 3 installed packages in /home/joshua_caratao/ros2_ws/install
[0.905s] DEBUG:colcon.colcon_installed_package_information.package_discovery:Found 256 installed packages in /opt/ros/foxy
[0.907s] Level 1:colcon.colcon_core.package_discovery:discover_packages(prefix_path) using defaults
[1.037s] Level 5:colcon.colcon_core.verb:set package 'drone_controls' build argument 'cmake_args' from command line to 'None'
[1.037s] Level 5:colcon.colcon_core.verb:set package 'drone_controls' build argument 'cmake_target' from command line to 'None'
[1.037s] Level 5:colcon.colcon_core.verb:set package 'drone_controls' build argument 'cmake_target_skip_unavailable' from command line to 'False'
[1.037s] Level 5:colcon.colcon_core.verb:set package 'drone_controls' build argument 'cmake_clean_cache' from command line to 'False'
[1.037s] Level 5:colcon.colcon_core.verb:set package 'drone_controls' build argument 'cmake_clean_first' from command line to 'False'
[1.037s] Level 5:colcon.colcon_core.verb:set package 'drone_controls' build argument 'cmake_force_configure' from command line to 'False'
[1.037s] Level 5:colcon.colcon_core.verb:set package 'drone_controls' build argument 'ament_cmake_args' from command line to 'None'
[1.037s] Level 5:colcon.colcon_core.verb:set package 'drone_controls' build argument 'catkin_cmake_args' from command line to 'None'
[1.037s] Level 5:colcon.colcon_core.verb:set package 'drone_controls' build argument 'catkin_skip_building_tests' from command line to 'False'
[1.037s] DEBUG:colcon.colcon_core.verb:Building package 'drone_controls' with the following arguments: {'ament_cmake_args': None, 'build_base': '/home/joshua_caratao/24-25-TAR-Team-2-Software/ros2_ws/build/drone_controls', 'catkin_cmake_args': None, 'catkin_skip_building_tests': False, 'cmake_args': None, 'cmake_clean_cache': False, 'cmake_clean_first': False, 'cmake_force_configure': False, 'cmake_target': None, 'cmake_target_skip_unavailable': False, 'install_base': '/home/joshua_caratao/24-25-TAR-Team-2-Software/ros2_ws/install/drone_controls', 'merge_install': False, 'path': '/home/joshua_caratao/24-25-TAR-Team-2-Software/ros2_ws/src/drone_controls', 'symlink_install': False, 'test_result_base': None}
[1.037s] Level 5:colcon.colcon_core.verb:set package 'px4_msgs' build argument 'cmake_args' from command line to 'None'
[1.037s] Level 5:colcon.colcon_core.verb:set package 'px4_msgs' build argument 'cmake_target' from command line to 'None'
[1.037s] Level 5:colcon.colcon_core.verb:set package 'px4_msgs' build argument 'cmake_target_skip_unavailable' from command line to 'False'
[1.037s] Level 5:colcon.colcon_core.verb:set package 'px4_msgs' build argument 'cmake_clean_cache' from command line to 'False'
[1.037s] Level 5:colcon.colcon_core.verb:set package 'px4_msgs' build argument 'cmake_clean_first' from command line to 'False'
[1.037s] Level 5:colcon.colcon_core.verb:set package 'px4_msgs' build argument 'cmake_force_configure' from command line to 'False'
[1.037s] Level 5:colcon.colcon_core.verb:set package 'px4_msgs' build argument 'ament_cmake_args' from command line to 'None'
[1.037s] Level 5:colcon.colcon_core.verb:set package 'px4_msgs' build argument 'catkin_cmake_args' from command line to 'None'
[1.037s] Level 5:colcon.colcon_core.verb:set package 'px4_msgs' build argument 'catkin_skip_building_tests' from command line to 'False'
[1.037s] DEBUG:colcon.colcon_core.verb:Building package 'px4_msgs' with the following arguments: {'ament_cmake_args': None, 'build_base': '/home/joshua_caratao/24-25-TAR-Team-2-Software/ros2_ws/build/px4_msgs', 'catkin_cmake_args': None, 'catkin_skip_building_tests': False, 'cmake_args': None, 'cmake_clean_cache': False, 'cmake_clean_first': False, 'cmake_force_configure': False, 'cmake_target': None, 'cmake_target_skip_unavailable': False, 'install_base': '/home/joshua_caratao/24-25-TAR-Team-2-Software/ros2_ws/install/px4_msgs', 'merge_install': False, 'path': '/home/joshua_caratao/24-25-TAR-Team-2-Software/ros2_ws/src/px4_msgs', 'symlink_install': False, 'test_result_base': None}
[1.037s] Level 5:colcon.colcon_core.verb:set package 'px4_ros_com' build argument 'cmake_args' from command line to 'None'
[1.037s] Level 5:colcon.colcon_core.verb:set package 'px4_ros_com' build argument 'cmake_target' from command line to 'None'
[1.038s] Level 5:colcon.colcon_core.verb:set package 'px4_ros_com' build argument 'cmake_target_skip_unavailable' from command line to 'False'
[1.038s] Level 5:colcon.colcon_core.verb:set package 'px4_ros_com' build argument 'cmake_clean_cache' from command line to 'False'
[1.038s] Level 5:colcon.colcon_core.verb:set package 'px4_ros_com' build argument 'cmake_clean_first' from command line to 'False'
[1.038s] Level 5:colcon.colcon_core.verb:set package 'px4_ros_com' build argument 'cmake_force_configure' from command line to 'False'
[1.038s] Level 5:colcon.colcon_core.verb:set package 'px4_ros_com' build argument 'ament_cmake_args' from command line to 'None'
[1.038s] Level 5:colcon.colcon_core.verb:set package 'px4_ros_com' build argument 'catkin_cmake_args' from command line to 'None'
[1.038s] Level 5:colcon.colcon_core.verb:set package 'px4_ros_com' build argument 'catkin_skip_building_tests' from command line to 'False'
[1.038s] DEBUG:colcon.colcon_core.verb:Building package 'px4_ros_com' with the following arguments: {'ament_cmake_args': None, 'build_base': '/home/joshua_caratao/24-25-TAR-Team-2-Software/ros2_ws/build/px4_ros_com', 'catkin_cmake_args': None, 'catkin_skip_building_tests': False, 'cmake_args': None, 'cmake_clean_cache': False, 'cmake_clean_first': False, 'cmake_force_configure': False, 'cmake_target': None, 'cmake_target_skip_unavailable': False, 'install_base': '/home/joshua_caratao/24-25-TAR-Team-2-Software/ros2_ws/install/px4_ros_com', 'merge_install': False, 'path': '/home/joshua_caratao/24-25-TAR-Team-2-Software/ros2_ws/src/px4_ros_com', 'symlink_install': False, 'test_result_base': None}
[1.038s] INFO:colcon.colcon_core.executor:Executing jobs using 'parallel' executor
[1.039s] DEBUG:colcon.colcon_parallel_executor.executor.parallel:run_until_complete
[1.039s] INFO:colcon.colcon_ros.task.ament_cmake.build:Building ROS package in '/home/joshua_caratao/24-25-TAR-Team-2-Software/ros2_ws/src/px4_msgs' with build type 'ament_cmake'
[1.039s] INFO:colcon.colcon_cmake.task.cmake.build:Building CMake package in '/home/joshua_caratao/24-25-TAR-Team-2-Software/ros2_ws/src/px4_msgs'
[1.048s] INFO:colcon.colcon_core.plugin_system:Skipping extension 'colcon_core.shell.bat': Not used on non-Windows systems
[1.049s] INFO:colcon.colcon_core.shell:Skip shell extension 'powershell' for command environment: Not usable outside of PowerShell
[1.049s] DEBUG:colcon.colcon_core.shell:Skip shell extension 'dsv' for command environment
[1.056s] INFO:colcon.colcon_ros.task.ament_python.build:Building ROS package in '/home/joshua_caratao/24-25-TAR-Team-2-Software/ros2_ws/src/drone_controls' with build type 'ament_python'
[1.056s] Level 1:colcon.colcon_core.shell:create_environment_hook('drone_controls', 'ament_prefix_path')
[1.056s] INFO:colcon.colcon_core.shell:Creating environment hook '/home/joshua_caratao/24-25-TAR-Team-2-Software/ros2_ws/install/drone_controls/share/drone_controls/hook/ament_prefix_path.ps1'
[1.058s] INFO:colcon.colcon_core.shell:Creating environment descriptor '/home/joshua_caratao/24-25-TAR-Team-2-Software/ros2_ws/install/drone_controls/share/drone_controls/hook/ament_prefix_path.dsv'
[1.059s] INFO:colcon.colcon_core.shell:Creating environment hook '/home/joshua_caratao/24-25-TAR-Team-2-Software/ros2_ws/install/drone_controls/share/drone_controls/hook/ament_prefix_path.sh'
[1.060s] INFO:colcon.colcon_core.shell:Skip shell extension 'powershell' for command environment: Not usable outside of PowerShell
[1.060s] DEBUG:colcon.colcon_core.shell:Skip shell extension 'dsv' for command environment
[1.072s] DEBUG:colcon.colcon_core.event_handler.log_command:Invoking command in '/home/joshua_caratao/24-25-TAR-Team-2-Software/ros2_ws/build/px4_msgs': CMAKE_PREFIX_PATH=${CMAKE_PREFIX_PATH}:/home/joshua_caratao/ros2_ws/install/drone_controls:/opt/ros/foxy /home/joshua_caratao/cmake-3.27.6/bin/cmake --build /home/joshua_caratao/24-25-TAR-Team-2-Software/ros2_ws/build/px4_msgs -- -j16 -l16
[1.303s] INFO:colcon.colcon_core.task.python.build:Building Python package in '/home/joshua_caratao/24-25-TAR-Team-2-Software/ros2_ws/src/drone_controls'
[1.303s] INFO:colcon.colcon_core.shell:Skip shell extension 'powershell' for command environment: Not usable outside of PowerShell
[1.303s] DEBUG:colcon.colcon_core.shell:Skip shell extension 'dsv' for command environment
[1.893s] DEBUG:colcon.colcon_core.event_handler.log_command:Invoking command in '/home/joshua_caratao/24-25-TAR-Team-2-Software/ros2_ws/src/drone_controls': PYTHONPATH=/home/joshua_caratao/24-25-TAR-Team-2-Software/ros2_ws/build/drone_controls/prefix_override:/usr/lib/python3/dist-packages/colcon_core/task/python/colcon_distutils_commands:/home/joshua_caratao/24-25-TAR-Team-2-Software/ros2_ws/install/drone_controls/lib/python3.8/site-packages:${PYTHONPATH} /usr/bin/python3 -W ignore:setup.py install is deprecated setup.py egg_info --egg-base ../../build/drone_controls build --build-base /home/joshua_caratao/24-25-TAR-Team-2-Software/ros2_ws/build/drone_controls/build install --record /home/joshua_caratao/24-25-TAR-Team-2-Software/ros2_ws/build/drone_controls/install.log --install-scripts $base/lib/drone_controls --single-version-externally-managed install_data
[2.342s] DEBUG:colcon.colcon_core.event_handler.log_command:Invoked command in '/home/joshua_caratao/24-25-TAR-Team-2-Software/ros2_ws/src/drone_controls' returned '0': PYTHONPATH=/home/joshua_caratao/24-25-TAR-Team-2-Software/ros2_ws/build/drone_controls/prefix_override:/usr/lib/python3/dist-packages/colcon_core/task/python/colcon_distutils_commands:/home/joshua_caratao/24-25-TAR-Team-2-Software/ros2_ws/install/drone_controls/lib/python3.8/site-packages:${PYTHONPATH} /usr/bin/python3 -W ignore:setup.py install is deprecated setup.py egg_info --egg-base ../../build/drone_controls build --build-base /home/joshua_caratao/24-25-TAR-Team-2-Software/ros2_ws/build/drone_controls/build install --record /home/joshua_caratao/24-25-TAR-Team-2-Software/ros2_ws/build/drone_controls/install.log --install-scripts $base/lib/drone_controls --single-version-externally-managed install_data
[2.351s] Level 1:colcon.colcon_core.environment:checking '/home/joshua_caratao/24-25-TAR-Team-2-Software/ros2_ws/install/drone_controls' for CMake module files
[2.352s] Level 1:colcon.colcon_core.environment:checking '/home/joshua_caratao/24-25-TAR-Team-2-Software/ros2_ws/install/drone_controls' for CMake config files
[2.353s] Level 1:colcon.colcon_core.environment:checking '/home/joshua_caratao/24-25-TAR-Team-2-Software/ros2_ws/install/drone_controls/lib'
[2.353s] Level 1:colcon.colcon_core.environment:checking '/home/joshua_caratao/24-25-TAR-Team-2-Software/ros2_ws/install/drone_controls/bin'
[2.353s] Level 1:colcon.colcon_core.environment:checking '/home/joshua_caratao/24-25-TAR-Team-2-Software/ros2_ws/install/drone_controls/lib/pkgconfig/drone_controls.pc'
[2.354s] Level 1:colcon.colcon_core.environment:checking '/home/joshua_caratao/24-25-TAR-Team-2-Software/ros2_ws/install/drone_controls/lib/python3.8/site-packages'
[2.354s] Level 1:colcon.colcon_core.shell:create_environment_hook('drone_controls', 'pythonpath')
[2.354s] INFO:colcon.colcon_core.shell:Creating environment hook '/home/joshua_caratao/24-25-TAR-Team-2-Software/ros2_ws/install/drone_controls/share/drone_controls/hook/pythonpath.ps1'
[2.355s] INFO:colcon.colcon_core.shell:Creating environment descriptor '/home/joshua_caratao/24-25-TAR-Team-2-Software/ros2_ws/install/drone_controls/share/drone_controls/hook/pythonpath.dsv'
[2.355s] INFO:colcon.colcon_core.shell:Creating environment hook '/home/joshua_caratao/24-25-TAR-Team-2-Software/ros2_ws/install/drone_controls/share/drone_controls/hook/pythonpath.sh'
[2.356s] Level 1:colcon.colcon_core.environment:checking '/home/joshua_caratao/24-25-TAR-Team-2-Software/ros2_ws/install/drone_controls/bin'
[2.356s] Level 1:colcon.colcon_core.environment:create_environment_scripts_only(drone_controls)
[2.357s] INFO:colcon.colcon_core.shell:Creating package script '/home/joshua_caratao/24-25-TAR-Team-2-Software/ros2_ws/install/drone_controls/share/drone_controls/package.ps1'
[2.358s] INFO:colcon.colcon_core.shell:Creating package descriptor '/home/joshua_caratao/24-25-TAR-Team-2-Software/ros2_ws/install/drone_controls/share/drone_controls/package.dsv'
[2.359s] INFO:colcon.colcon_core.shell:Creating package script '/home/joshua_caratao/24-25-TAR-Team-2-Software/ros2_ws/install/drone_controls/share/drone_controls/package.sh'
[2.360s] INFO:colcon.colcon_core.shell:Creating package script '/home/joshua_caratao/24-25-TAR-Team-2-Software/ros2_ws/install/drone_controls/share/drone_controls/package.bash'
[2.361s] INFO:colcon.colcon_core.shell:Creating package script '/home/joshua_caratao/24-25-TAR-Team-2-Software/ros2_ws/install/drone_controls/share/drone_controls/package.zsh'
[2.363s] Level 1:colcon.colcon_core.environment:create_file_with_runtime_dependencies(/home/joshua_caratao/24-25-TAR-Team-2-Software/ros2_ws/install/drone_controls/share/colcon-core/packages/drone_controls)
[71.954s] DEBUG:colcon.colcon_core.event_handler.log_command:Invoked command in '/home/joshua_caratao/24-25-TAR-Team-2-Software/ros2_ws/build/px4_msgs' returned '0': CMAKE_PREFIX_PATH=${CMAKE_PREFIX_PATH}:/home/joshua_caratao/ros2_ws/install/drone_controls:/opt/ros/foxy /home/joshua_caratao/cmake-3.27.6/bin/cmake --build /home/joshua_caratao/24-25-TAR-Team-2-Software/ros2_ws/build/px4_msgs -- -j16 -l16
[77.502s] DEBUG:colcon.colcon_core.event_handler.log_command:Invoking command in '/home/joshua_caratao/24-25-TAR-Team-2-Software/ros2_ws/build/px4_msgs': CMAKE_PREFIX_PATH=${CMAKE_PREFIX_PATH}:/home/joshua_caratao/ros2_ws/install/drone_controls:/opt/ros/foxy /home/joshua_caratao/cmake-3.27.6/bin/cmake --install /home/joshua_caratao/24-25-TAR-Team-2-Software/ros2_ws/build/px4_msgs
[77.977s] Level 1:colcon.colcon_core.environment:create_environment_scripts_only(px4_msgs)
[77.977s] Level 1:colcon.colcon_core.environment:checking '/home/joshua_caratao/24-25-TAR-Team-2-Software/ros2_ws/install/px4_msgs' for CMake module files
[77.985s] Level 1:colcon.colcon_core.environment:checking '/home/joshua_caratao/24-25-TAR-Team-2-Software/ros2_ws/install/px4_msgs' for CMake config files
[78.213s] Level 1:colcon.colcon_core.shell:create_environment_hook('px4_msgs', 'cmake_prefix_path')
[78.214s] INFO:colcon.colcon_core.shell:Creating environment hook '/home/joshua_caratao/24-25-TAR-Team-2-Software/ros2_ws/install/px4_msgs/share/px4_msgs/hook/cmake_prefix_path.ps1'
[78.220s] INFO:colcon.colcon_core.shell:Creating environment descriptor '/home/joshua_caratao/24-25-TAR-Team-2-Software/ros2_ws/install/px4_msgs/share/px4_msgs/hook/cmake_prefix_path.dsv'
[78.228s] INFO:colcon.colcon_core.shell:Creating environment hook '/home/joshua_caratao/24-25-TAR-Team-2-Software/ros2_ws/install/px4_msgs/share/px4_msgs/hook/cmake_prefix_path.sh'
[78.232s] DEBUG:colcon.colcon_core.event_handler.log_command:Invoked command in '/home/joshua_caratao/24-25-TAR-Team-2-Software/ros2_ws/build/px4_msgs' returned '0': CMAKE_PREFIX_PATH=${CMAKE_PREFIX_PATH}:/home/joshua_caratao/ros2_ws/install/drone_controls:/opt/ros/foxy /home/joshua_caratao/cmake-3.27.6/bin/cmake --install /home/joshua_caratao/24-25-TAR-Team-2-Software/ros2_ws/build/px4_msgs
[78.232s] Level 1:colcon.colcon_core.environment:checking '/home/joshua_caratao/24-25-TAR-Team-2-Software/ros2_ws/install/px4_msgs/lib'
[78.233s] Level 1:colcon.colcon_core.shell:create_environment_hook('px4_msgs', 'ld_library_path_lib')
[78.233s] INFO:colcon.colcon_core.shell:Creating environment hook '/home/joshua_caratao/24-25-TAR-Team-2-Software/ros2_ws/install/px4_msgs/share/px4_msgs/hook/ld_library_path_lib.ps1'
[78.233s] INFO:colcon.colcon_core.shell:Creating environment descriptor '/home/joshua_caratao/24-25-TAR-Team-2-Software/ros2_ws/install/px4_msgs/share/px4_msgs/hook/ld_library_path_lib.dsv'
[78.233s] INFO:colcon.colcon_core.shell:Creating environment hook '/home/joshua_caratao/24-25-TAR-Team-2-Software/ros2_ws/install/px4_msgs/share/px4_msgs/hook/ld_library_path_lib.sh'
[78.234s] Level 1:colcon.colcon_core.environment:checking '/home/joshua_caratao/24-25-TAR-Team-2-Software/ros2_ws/install/px4_msgs/bin'
[78.234s] Level 1:colcon.colcon_core.environment:checking '/home/joshua_caratao/24-25-TAR-Team-2-Software/ros2_ws/install/px4_msgs/lib/pkgconfig/px4_msgs.pc'
[78.234s] Level 1:colcon.colcon_core.environment:checking '/home/joshua_caratao/24-25-TAR-Team-2-Software/ros2_ws/install/px4_msgs/lib/python3.8/site-packages'
[78.234s] Level 1:colcon.colcon_core.shell:create_environment_hook('px4_msgs', 'pythonpath')
[78.234s] INFO:colcon.colcon_core.shell:Creating environment hook '/home/joshua_caratao/24-25-TAR-Team-2-Software/ros2_ws/install/px4_msgs/share/px4_msgs/hook/pythonpath.ps1'
[78.235s] INFO:colcon.colcon_core.shell:Creating environment descriptor '/home/joshua_caratao/24-25-TAR-Team-2-Software/ros2_ws/install/px4_msgs/share/px4_msgs/hook/pythonpath.dsv'
[78.235s] INFO:colcon.colcon_core.shell:Creating environment hook '/home/joshua_caratao/24-25-TAR-Team-2-Software/ros2_ws/install/px4_msgs/share/px4_msgs/hook/pythonpath.sh'
[78.236s] Level 1:colcon.colcon_core.environment:checking '/home/joshua_caratao/24-25-TAR-Team-2-Software/ros2_ws/install/px4_msgs/bin'
[78.237s] INFO:colcon.colcon_core.shell:Creating package script '/home/joshua_caratao/24-25-TAR-Team-2-Software/ros2_ws/install/px4_msgs/share/px4_msgs/package.ps1'
[78.237s] INFO:colcon.colcon_core.shell:Creating package descriptor '/home/joshua_caratao/24-25-TAR-Team-2-Software/ros2_ws/install/px4_msgs/share/px4_msgs/package.dsv'
[78.238s] INFO:colcon.colcon_core.shell:Creating package script '/home/joshua_caratao/24-25-TAR-Team-2-Software/ros2_ws/install/px4_msgs/share/px4_msgs/package.sh'
[78.238s] INFO:colcon.colcon_core.shell:Creating package script '/home/joshua_caratao/24-25-TAR-Team-2-Software/ros2_ws/install/px4_msgs/share/px4_msgs/package.bash'
[78.238s] INFO:colcon.colcon_core.shell:Creating package script '/home/joshua_caratao/24-25-TAR-Team-2-Software/ros2_ws/install/px4_msgs/share/px4_msgs/package.zsh'
[78.239s] Level 1:colcon.colcon_core.environment:create_file_with_runtime_dependencies(/home/joshua_caratao/24-25-TAR-Team-2-Software/ros2_ws/install/px4_msgs/share/colcon-core/packages/px4_msgs)
[83.735s] Level 1:colcon.colcon_core.environment:create_environment_scripts_only(px4_msgs)
[83.735s] Level 1:colcon.colcon_core.environment:checking '/home/joshua_caratao/24-25-TAR-Team-2-Software/ros2_ws/install/px4_msgs' for CMake module files
[83.736s] Level 1:colcon.colcon_core.environment:checking '/home/joshua_caratao/24-25-TAR-Team-2-Software/ros2_ws/install/px4_msgs' for CMake config files
[83.740s] Level 1:colcon.colcon_core.shell:create_environment_hook('px4_msgs', 'cmake_prefix_path')
[83.741s] INFO:colcon.colcon_core.shell:Creating environment hook '/home/joshua_caratao/24-25-TAR-Team-2-Software/ros2_ws/install/px4_msgs/share/px4_msgs/hook/cmake_prefix_path.ps1'
[83.741s] INFO:colcon.colcon_core.shell:Creating environment descriptor '/home/joshua_caratao/24-25-TAR-Team-2-Software/ros2_ws/install/px4_msgs/share/px4_msgs/hook/cmake_prefix_path.dsv'
[83.742s] INFO:colcon.colcon_core.shell:Creating environment hook '/home/joshua_caratao/24-25-TAR-Team-2-Software/ros2_ws/install/px4_msgs/share/px4_msgs/hook/cmake_prefix_path.sh'
[83.742s] Level 1:colcon.colcon_core.environment:checking '/home/joshua_caratao/24-25-TAR-Team-2-Software/ros2_ws/install/px4_msgs/lib'
[83.742s] Level 1:colcon.colcon_core.shell:create_environment_hook('px4_msgs', 'ld_library_path_lib')
[83.743s] INFO:colcon.colcon_core.shell:Creating environment hook '/home/joshua_caratao/24-25-TAR-Team-2-Software/ros2_ws/install/px4_msgs/share/px4_msgs/hook/ld_library_path_lib.ps1'
[83.743s] INFO:colcon.colcon_core.shell:Creating environment descriptor '/home/joshua_caratao/24-25-TAR-Team-2-Software/ros2_ws/install/px4_msgs/share/px4_msgs/hook/ld_library_path_lib.dsv'
[83.744s] INFO:colcon.colcon_core.shell:Creating environment hook '/home/joshua_caratao/24-25-TAR-Team-2-Software/ros2_ws/install/px4_msgs/share/px4_msgs/hook/ld_library_path_lib.sh'
[83.744s] Level 1:colcon.colcon_core.environment:checking '/home/joshua_caratao/24-25-TAR-Team-2-Software/ros2_ws/install/px4_msgs/bin'
[83.744s] Level 1:colcon.colcon_core.environment:checking '/home/joshua_caratao/24-25-TAR-Team-2-Software/ros2_ws/install/px4_msgs/lib/pkgconfig/px4_msgs.pc'
[83.745s] Level 1:colcon.colcon_core.environment:checking '/home/joshua_caratao/24-25-TAR-Team-2-Software/ros2_ws/install/px4_msgs/lib/python3.8/site-packages'
[83.745s] Level 1:colcon.colcon_core.shell:create_environment_hook('px4_msgs', 'pythonpath')
[83.745s] INFO:colcon.colcon_core.shell:Creating environment hook '/home/joshua_caratao/24-25-TAR-Team-2-Software/ros2_ws/install/px4_msgs/share/px4_msgs/hook/pythonpath.ps1'
[83.745s] INFO:colcon.colcon_core.shell:Creating environment descriptor '/home/joshua_caratao/24-25-TAR-Team-2-Software/ros2_ws/install/px4_msgs/share/px4_msgs/hook/pythonpath.dsv'
[83.746s] INFO:colcon.colcon_core.shell:Creating environment hook '/home/joshua_caratao/24-25-TAR-Team-2-Software/ros2_ws/install/px4_msgs/share/px4_msgs/hook/pythonpath.sh'
[83.746s] Level 1:colcon.colcon_core.environment:checking '/home/joshua_caratao/24-25-TAR-Team-2-Software/ros2_ws/install/px4_msgs/bin'
[83.746s] INFO:colcon.colcon_core.shell:Creating package script '/home/joshua_caratao/24-25-TAR-Team-2-Software/ros2_ws/install/px4_msgs/share/px4_msgs/package.ps1'
[83.747s] INFO:colcon.colcon_core.shell:Creating package descriptor '/home/joshua_caratao/24-25-TAR-Team-2-Software/ros2_ws/install/px4_msgs/share/px4_msgs/package.dsv'
[83.747s] INFO:colcon.colcon_core.shell:Creating package script '/home/joshua_caratao/24-25-TAR-Team-2-Software/ros2_ws/install/px4_msgs/share/px4_msgs/package.sh'
[83.748s] INFO:colcon.colcon_core.shell:Creating package script '/home/joshua_caratao/24-25-TAR-Team-2-Software/ros2_ws/install/px4_msgs/share/px4_msgs/package.bash'
[83.748s] INFO:colcon.colcon_core.shell:Creating package script '/home/joshua_caratao/24-25-TAR-Team-2-Software/ros2_ws/install/px4_msgs/share/px4_msgs/package.zsh'
[83.748s] Level 1:colcon.colcon_core.environment:create_file_with_runtime_dependencies(/home/joshua_caratao/24-25-TAR-Team-2-Software/ros2_ws/install/px4_msgs/share/colcon-core/packages/px4_msgs)
[83.749s] INFO:colcon.colcon_ros.task.ament_cmake.build:Building ROS package in '/home/joshua_caratao/24-25-TAR-Team-2-Software/ros2_ws/src/px4_ros_com' with build type 'ament_cmake'
[83.750s] INFO:colcon.colcon_cmake.task.cmake.build:Building CMake package in '/home/joshua_caratao/24-25-TAR-Team-2-Software/ros2_ws/src/px4_ros_com'
[83.750s] INFO:colcon.colcon_core.shell:Skip shell extension 'powershell' for command environment: Not usable outside of PowerShell
[83.750s] DEBUG:colcon.colcon_core.shell:Skip shell extension 'dsv' for command environment
[83.951s] DEBUG:colcon.colcon_core.event_handler.log_command:Invoking command in '/home/joshua_caratao/24-25-TAR-Team-2-Software/ros2_ws/build/px4_ros_com': CMAKE_PREFIX_PATH=/home/joshua_caratao/24-25-TAR-Team-2-Software/ros2_ws/install/px4_msgs:/home/joshua_caratao/ros2_ws/install/px4_ros_com:/home/joshua_caratao/ros2_ws/install/px4_msgs:/home/joshua_caratao/ros2_ws/install/drone_controls:/opt/ros/foxy LD_LIBRARY_PATH=/home/joshua_caratao/24-25-TAR-Team-2-Software/ros2_ws/install/px4_msgs/lib:/home/joshua_caratao/ros2_ws/install/px4_ros_com/lib:/home/joshua_caratao/ros2_ws/install/px4_msgs/lib:/opt/ros/foxy/opt/yaml_cpp_vendor/lib:/opt/ros/foxy/opt/rviz_ogre_vendor/lib:/opt/ros/foxy/lib/x86_64-linux-gnu:/opt/ros/foxy/lib:/home/joshua_caratao/PX4-Autopilot/build/px4_sitl_default/build_gazebo-classic PYTHONPATH=/home/joshua_caratao/24-25-TAR-Team-2-Software/ros2_ws/install/px4_msgs/lib/python3.8/site-packages:${PYTHONPATH} /home/joshua_caratao/cmake-3.27.6/bin/cmake --build /home/joshua_caratao/24-25-TAR-Team-2-Software/ros2_ws/build/px4_ros_com -- -j16 -l16
[90.867s] DEBUG:colcon.colcon_core.event_handler.log_command:Invoked command in '/home/joshua_caratao/24-25-TAR-Team-2-Software/ros2_ws/build/px4_ros_com' returned '0': CMAKE_PREFIX_PATH=/home/joshua_caratao/24-25-TAR-Team-2-Software/ros2_ws/install/px4_msgs:/home/joshua_caratao/ros2_ws/install/px4_ros_com:/home/joshua_caratao/ros2_ws/install/px4_msgs:/home/joshua_caratao/ros2_ws/install/drone_controls:/opt/ros/foxy LD_LIBRARY_PATH=/home/joshua_caratao/24-25-TAR-Team-2-Software/ros2_ws/install/px4_msgs/lib:/home/joshua_caratao/ros2_ws/install/px4_ros_com/lib:/home/joshua_caratao/ros2_ws/install/px4_msgs/lib:/opt/ros/foxy/opt/yaml_cpp_vendor/lib:/opt/ros/foxy/opt/rviz_ogre_vendor/lib:/opt/ros/foxy/lib/x86_64-linux-gnu:/opt/ros/foxy/lib:/home/joshua_caratao/PX4-Autopilot/build/px4_sitl_default/build_gazebo-classic PYTHONPATH=/home/joshua_caratao/24-25-TAR-Team-2-Software/ros2_ws/install/px4_msgs/lib/python3.8/site-packages:${PYTHONPATH} /home/joshua_caratao/cmake-3.27.6/bin/cmake --build /home/joshua_caratao/24-25-TAR-Team-2-Software/ros2_ws/build/px4_ros_com -- -j16 -l16
[90.908s] DEBUG:colcon.colcon_core.event_handler.log_command:Invoking command in '/home/joshua_caratao/24-25-TAR-Team-2-Software/ros2_ws/build/px4_ros_com': CMAKE_PREFIX_PATH=/home/joshua_caratao/24-25-TAR-Team-2-Software/ros2_ws/install/px4_msgs:/home/joshua_caratao/ros2_ws/install/px4_ros_com:/home/joshua_caratao/ros2_ws/install/px4_msgs:/home/joshua_caratao/ros2_ws/install/drone_controls:/opt/ros/foxy LD_LIBRARY_PATH=/home/joshua_caratao/24-25-TAR-Team-2-Software/ros2_ws/install/px4_msgs/lib:/home/joshua_caratao/ros2_ws/install/px4_ros_com/lib:/home/joshua_caratao/ros2_ws/install/px4_msgs/lib:/opt/ros/foxy/opt/yaml_cpp_vendor/lib:/opt/ros/foxy/opt/rviz_ogre_vendor/lib:/opt/ros/foxy/lib/x86_64-linux-gnu:/opt/ros/foxy/lib:/home/joshua_caratao/PX4-Autopilot/build/px4_sitl_default/build_gazebo-classic PYTHONPATH=/home/joshua_caratao/24-25-TAR-Team-2-Software/ros2_ws/install/px4_msgs/lib/python3.8/site-packages:${PYTHONPATH} /home/joshua_caratao/cmake-3.27.6/bin/cmake --install /home/joshua_caratao/24-25-TAR-Team-2-Software/ros2_ws/build/px4_ros_com
[90.951s] Level 1:colcon.colcon_core.environment:create_environment_scripts_only(px4_ros_com)
[90.951s] DEBUG:colcon.colcon_core.event_handler.log_command:Invoked command in '/home/joshua_caratao/24-25-TAR-Team-2-Software/ros2_ws/build/px4_ros_com' returned '0': CMAKE_PREFIX_PATH=/home/joshua_caratao/24-25-TAR-Team-2-Software/ros2_ws/install/px4_msgs:/home/joshua_caratao/ros2_ws/install/px4_ros_com:/home/joshua_caratao/ros2_ws/install/px4_msgs:/home/joshua_caratao/ros2_ws/install/drone_controls:/opt/ros/foxy LD_LIBRARY_PATH=/home/joshua_caratao/24-25-TAR-Team-2-Software/ros2_ws/install/px4_msgs/lib:/home/joshua_caratao/ros2_ws/install/px4_ros_com/lib:/home/joshua_caratao/ros2_ws/install/px4_msgs/lib:/opt/ros/foxy/opt/yaml_cpp_vendor/lib:/opt/ros/foxy/opt/rviz_ogre_vendor/lib:/opt/ros/foxy/lib/x86_64-linux-gnu:/opt/ros/foxy/lib:/home/joshua_caratao/PX4-Autopilot/build/px4_sitl_default/build_gazebo-classic PYTHONPATH=/home/joshua_caratao/24-25-TAR-Team-2-Software/ros2_ws/install/px4_msgs/lib/python3.8/site-packages:${PYTHONPATH} /home/joshua_caratao/cmake-3.27.6/bin/cmake --install /home/joshua_caratao/24-25-TAR-Team-2-Software/ros2_ws/build/px4_ros_com
[90.952s] Level 1:colcon.colcon_core.environment:checking '/home/joshua_caratao/24-25-TAR-Team-2-Software/ros2_ws/install/px4_ros_com' for CMake module files
[90.953s] Level 1:colcon.colcon_core.environment:checking '/home/joshua_caratao/24-25-TAR-Team-2-Software/ros2_ws/install/px4_ros_com' for CMake config files
[90.953s] Level 1:colcon.colcon_core.shell:create_environment_hook('px4_ros_com', 'cmake_prefix_path')
[90.953s] INFO:colcon.colcon_core.shell:Creating environment hook '/home/joshua_caratao/24-25-TAR-Team-2-Software/ros2_ws/install/px4_ros_com/share/px4_ros_com/hook/cmake_prefix_path.ps1'
[90.954s] INFO:colcon.colcon_core.shell:Creating environment descriptor '/home/joshua_caratao/24-25-TAR-Team-2-Software/ros2_ws/install/px4_ros_com/share/px4_ros_com/hook/cmake_prefix_path.dsv'
[90.954s] INFO:colcon.colcon_core.shell:Creating environment hook '/home/joshua_caratao/24-25-TAR-Team-2-Software/ros2_ws/install/px4_ros_com/share/px4_ros_com/hook/cmake_prefix_path.sh'
[90.955s] Level 1:colcon.colcon_core.environment:checking '/home/joshua_caratao/24-25-TAR-Team-2-Software/ros2_ws/install/px4_ros_com/lib'
[90.955s] Level 1:colcon.colcon_core.shell:create_environment_hook('px4_ros_com', 'ld_library_path_lib')
[90.956s] INFO:colcon.colcon_core.shell:Creating environment hook '/home/joshua_caratao/24-25-TAR-Team-2-Software/ros2_ws/install/px4_ros_com/share/px4_ros_com/hook/ld_library_path_lib.ps1'
[90.956s] INFO:colcon.colcon_core.shell:Creating environment descriptor '/home/joshua_caratao/24-25-TAR-Team-2-Software/ros2_ws/install/px4_ros_com/share/px4_ros_com/hook/ld_library_path_lib.dsv'
[90.957s] INFO:colcon.colcon_core.shell:Creating environment hook '/home/joshua_caratao/24-25-TAR-Team-2-Software/ros2_ws/install/px4_ros_com/share/px4_ros_com/hook/ld_library_path_lib.sh'
[90.957s] Level 1:colcon.colcon_core.environment:checking '/home/joshua_caratao/24-25-TAR-Team-2-Software/ros2_ws/install/px4_ros_com/bin'
[90.957s] Level 1:colcon.colcon_core.environment:checking '/home/joshua_caratao/24-25-TAR-Team-2-Software/ros2_ws/install/px4_ros_com/lib/pkgconfig/px4_ros_com.pc'
[90.957s] Level 1:colcon.colcon_core.environment:checking '/home/joshua_caratao/24-25-TAR-Team-2-Software/ros2_ws/install/px4_ros_com/lib/python3.8/site-packages'
[90.957s] Level 1:colcon.colcon_core.shell:create_environment_hook('px4_ros_com', 'pythonpath')
[90.958s] INFO:colcon.colcon_core.shell:Creating environment hook '/home/joshua_caratao/24-25-TAR-Team-2-Software/ros2_ws/install/px4_ros_com/share/px4_ros_com/hook/pythonpath.ps1'
[90.958s] INFO:colcon.colcon_core.shell:Creating environment descriptor '/home/joshua_caratao/24-25-TAR-Team-2-Software/ros2_ws/install/px4_ros_com/share/px4_ros_com/hook/pythonpath.dsv'
[90.958s] INFO:colcon.colcon_core.shell:Creating environment hook '/home/joshua_caratao/24-25-TAR-Team-2-Software/ros2_ws/install/px4_ros_com/share/px4_ros_com/hook/pythonpath.sh'
[90.959s] Level 1:colcon.colcon_core.environment:checking '/home/joshua_caratao/24-25-TAR-Team-2-Software/ros2_ws/install/px4_ros_com/bin'
[90.959s] INFO:colcon.colcon_core.shell:Creating package script '/home/joshua_caratao/24-25-TAR-Team-2-Software/ros2_ws/install/px4_ros_com/share/px4_ros_com/package.ps1'
[90.959s] INFO:colcon.colcon_core.shell:Creating package descriptor '/home/joshua_caratao/24-25-TAR-Team-2-Software/ros2_ws/install/px4_ros_com/share/px4_ros_com/package.dsv'
[90.960s] INFO:colcon.colcon_core.shell:Creating package script '/home/joshua_caratao/24-25-TAR-Team-2-Software/ros2_ws/install/px4_ros_com/share/px4_ros_com/package.sh'
[90.960s] INFO:colcon.colcon_core.shell:Creating package script '/home/joshua_caratao/24-25-TAR-Team-2-Software/ros2_ws/install/px4_ros_com/share/px4_ros_com/package.bash'
[90.960s] INFO:colcon.colcon_core.shell:Creating package script '/home/joshua_caratao/24-25-TAR-Team-2-Software/ros2_ws/install/px4_ros_com/share/px4_ros_com/package.zsh'
[90.961s] Level 1:colcon.colcon_core.environment:create_file_with_runtime_dependencies(/home/joshua_caratao/24-25-TAR-Team-2-Software/ros2_ws/install/px4_ros_com/share/colcon-core/packages/px4_ros_com)
[91.004s] Level 1:colcon.colcon_core.environment:create_environment_scripts_only(px4_ros_com)
[91.004s] Level 1:colcon.colcon_core.environment:checking '/home/joshua_caratao/24-25-TAR-Team-2-Software/ros2_ws/install/px4_ros_com' for CMake module files
[91.005s] Level 1:colcon.colcon_core.environment:checking '/home/joshua_caratao/24-25-TAR-Team-2-Software/ros2_ws/install/px4_ros_com' for CMake config files
[91.005s] Level 1:colcon.colcon_core.shell:create_environment_hook('px4_ros_com', 'cmake_prefix_path')
[91.005s] INFO:colcon.colcon_core.shell:Creating environment hook '/home/joshua_caratao/24-25-TAR-Team-2-Software/ros2_ws/install/px4_ros_com/share/px4_ros_com/hook/cmake_prefix_path.ps1'
[91.006s] INFO:colcon.colcon_core.shell:Creating environment descriptor '/home/joshua_caratao/24-25-TAR-Team-2-Software/ros2_ws/install/px4_ros_com/share/px4_ros_com/hook/cmake_prefix_path.dsv'
[91.006s] INFO:colcon.colcon_core.shell:Creating environment hook '/home/joshua_caratao/24-25-TAR-Team-2-Software/ros2_ws/install/px4_ros_com/share/px4_ros_com/hook/cmake_prefix_path.sh'
[91.006s] Level 1:colcon.colcon_core.environment:checking '/home/joshua_caratao/24-25-TAR-Team-2-Software/ros2_ws/install/px4_ros_com/lib'
[91.006s] Level 1:colcon.colcon_core.shell:create_environment_hook('px4_ros_com', 'ld_library_path_lib')
[91.007s] INFO:colcon.colcon_core.shell:Creating environment hook '/home/joshua_caratao/24-25-TAR-Team-2-Software/ros2_ws/install/px4_ros_com/share/px4_ros_com/hook/ld_library_path_lib.ps1'
[91.007s] INFO:colcon.colcon_core.shell:Creating environment descriptor '/home/joshua_caratao/24-25-TAR-Team-2-Software/ros2_ws/install/px4_ros_com/share/px4_ros_com/hook/ld_library_path_lib.dsv'
[91.007s] INFO:colcon.colcon_core.shell:Creating environment hook '/home/joshua_caratao/24-25-TAR-Team-2-Software/ros2_ws/install/px4_ros_com/share/px4_ros_com/hook/ld_library_path_lib.sh'
[91.007s] Level 1:colcon.colcon_core.environment:checking '/home/joshua_caratao/24-25-TAR-Team-2-Software/ros2_ws/install/px4_ros_com/bin'
[91.007s] Level 1:colcon.colcon_core.environment:checking '/home/joshua_caratao/24-25-TAR-Team-2-Software/ros2_ws/install/px4_ros_com/lib/pkgconfig/px4_ros_com.pc'
[91.008s] Level 1:colcon.colcon_core.environment:checking '/home/joshua_caratao/24-25-TAR-Team-2-Software/ros2_ws/install/px4_ros_com/lib/python3.8/site-packages'
[91.008s] Level 1:colcon.colcon_core.shell:create_environment_hook('px4_ros_com', 'pythonpath')
[91.008s] INFO:colcon.colcon_core.shell:Creating environment hook '/home/joshua_caratao/24-25-TAR-Team-2-Software/ros2_ws/install/px4_ros_com/share/px4_ros_com/hook/pythonpath.ps1'
[91.009s] INFO:colcon.colcon_core.shell:Creating environment descriptor '/home/joshua_caratao/24-25-TAR-Team-2-Software/ros2_ws/install/px4_ros_com/share/px4_ros_com/hook/pythonpath.dsv'
[91.009s] INFO:colcon.colcon_core.shell:Creating environment hook '/home/joshua_caratao/24-25-TAR-Team-2-Software/ros2_ws/install/px4_ros_com/share/px4_ros_com/hook/pythonpath.sh'
[91.009s] Level 1:colcon.colcon_core.environment:checking '/home/joshua_caratao/24-25-TAR-Team-2-Software/ros2_ws/install/px4_ros_com/bin'
[91.010s] INFO:colcon.colcon_core.shell:Creating package script '/home/joshua_caratao/24-25-TAR-Team-2-Software/ros2_ws/install/px4_ros_com/share/px4_ros_com/package.ps1'
[91.010s] INFO:colcon.colcon_core.shell:Creating package descriptor '/home/joshua_caratao/24-25-TAR-Team-2-Software/ros2_ws/install/px4_ros_com/share/px4_ros_com/package.dsv'
[91.010s] INFO:colcon.colcon_core.shell:Creating package script '/home/joshua_caratao/24-25-TAR-Team-2-Software/ros2_ws/install/px4_ros_com/share/px4_ros_com/package.sh'
[91.011s] INFO:colcon.colcon_core.shell:Creating package script '/home/joshua_caratao/24-25-TAR-Team-2-Software/ros2_ws/install/px4_ros_com/share/px4_ros_com/package.bash'
[91.011s] INFO:colcon.colcon_core.shell:Creating package script '/home/joshua_caratao/24-25-TAR-Team-2-Software/ros2_ws/install/px4_ros_com/share/px4_ros_com/package.zsh'
[91.011s] Level 1:colcon.colcon_core.environment:create_file_with_runtime_dependencies(/home/joshua_caratao/24-25-TAR-Team-2-Software/ros2_ws/install/px4_ros_com/share/colcon-core/packages/px4_ros_com)
[91.012s] DEBUG:colcon.colcon_parallel_executor.executor.parallel:closing loop
[91.012s] DEBUG:colcon.colcon_parallel_executor.executor.parallel:loop closed
[91.012s] DEBUG:colcon.colcon_parallel_executor.executor.parallel:run_until_complete finished with '0'
[91.012s] DEBUG:colcon.colcon_core.event_reactor:joining thread
[91.088s] INFO:colcon.colcon_core.plugin_system:Skipping extension 'colcon_notification.desktop_notification.notify_send': Could not find 'notify-send'
[91.088s] INFO:colcon.colcon_core.plugin_system:Skipping extension 'colcon_notification.desktop_notification.terminal_notifier': Not used on non-Darwin systems
[91.088s] INFO:colcon.colcon_core.plugin_system:Skipping extension 'colcon_notification.desktop_notification.win32': Not used on non-Windows systems
[91.088s] INFO:colcon.colcon_notification.desktop_notification:Sending desktop notification using 'notify2'
[91.092s] DEBUG:colcon.colcon_notification.desktop_notification.notify2:Failed to initialize notify2: org.freedesktop.DBus.Error.ServiceUnknown: The name org.freedesktop.Notifications was not provided by any .service files
[91.093s] DEBUG:colcon.colcon_core.event_reactor:joined thread
[91.093s] INFO:colcon.colcon_core.shell:Creating prefix script '/home/joshua_caratao/24-25-TAR-Team-2-Software/ros2_ws/install/local_setup.ps1'
[91.095s] INFO:colcon.colcon_core.shell:Creating prefix util module '/home/joshua_caratao/24-25-TAR-Team-2-Software/ros2_ws/install/_local_setup_util_ps1.py'
[91.098s] INFO:colcon.colcon_core.shell:Creating prefix chain script '/home/joshua_caratao/24-25-TAR-Team-2-Software/ros2_ws/install/setup.ps1'
[91.099s] INFO:colcon.colcon_core.shell:Creating prefix script '/home/joshua_caratao/24-25-TAR-Team-2-Software/ros2_ws/install/local_setup.sh'
[91.100s] INFO:colcon.colcon_core.shell:Creating prefix util module '/home/joshua_caratao/24-25-TAR-Team-2-Software/ros2_ws/install/_local_setup_util_sh.py'
[91.101s] INFO:colcon.colcon_core.shell:Creating prefix chain script '/home/joshua_caratao/24-25-TAR-Team-2-Software/ros2_ws/install/setup.sh'
[91.102s] INFO:colcon.colcon_core.shell:Creating prefix script '/home/joshua_caratao/24-25-TAR-Team-2-Software/ros2_ws/install/local_setup.bash'
[91.103s] INFO:colcon.colcon_core.shell:Creating prefix chain script '/home/joshua_caratao/24-25-TAR-Team-2-Software/ros2_ws/install/setup.bash'
[91.104s] INFO:colcon.colcon_core.shell:Creating prefix script '/home/joshua_caratao/24-25-TAR-Team-2-Software/ros2_ws/install/local_setup.zsh'
[91.107s] INFO:colcon.colcon_core.shell:Creating prefix chain script '/home/joshua_caratao/24-25-TAR-Team-2-Software/ros2_ws/install/setup.zsh'
