[0.650s] Invoking command in '/home/joshua_caratao/ros2_ws/build/px4_ros_com': AMENT_PREFIX_PATH=/home/joshua_caratao/ros2_ws/install/px4_msgs:${AMENT_PREFIX_PATH} CMAKE_PREFIX_PATH=/home/joshua_caratao/ros2_ws/install/px4_msgs:/opt/ros/foxy LD_LIBRARY_PATH=/home/joshua_caratao/ros2_ws/install/px4_msgs/lib:/opt/ros/foxy/opt/yaml_cpp_vendor/lib:/opt/ros/foxy/opt/rviz_ogre_vendor/lib:/opt/ros/foxy/lib/x86_64-linux-gnu:/opt/ros/foxy/lib:/home/joshua_caratao/PX4-Autopilot/build/px4_sitl_default/build_gazebo-classic PYTHONPATH=/home/joshua_caratao/ros2_ws/install/px4_msgs/lib/python3.8/site-packages:${PYTHONPATH} /home/joshua_caratao/cmake-3.27.6/bin/cmake --build /home/joshua_caratao/ros2_ws/build/px4_ros_com -- -j16 -l16
[0.814s] [ 16%] Built target frame_transforms
[0.866s] [ 33%] Built target sensor_combined_listener
[0.868s] [ 50%] Built target offboard_control
[0.870s] [ 66%] Built target offboard_control_srv
[0.870s] [ 83%] Built target debug_vect_advertiser
[0.872s] [100%] Built target vehicle_gps_position_listener
[0.884s] Invoked command in '/home/joshua_caratao/ros2_ws/build/px4_ros_com' returned '0': AMENT_PREFIX_PATH=/home/joshua_caratao/ros2_ws/install/px4_msgs:${AMENT_PREFIX_PATH} CMAKE_PREFIX_PATH=/home/joshua_caratao/ros2_ws/install/px4_msgs:/opt/ros/foxy LD_LIBRARY_PATH=/home/joshua_caratao/ros2_ws/install/px4_msgs/lib:/opt/ros/foxy/opt/yaml_cpp_vendor/lib:/opt/ros/foxy/opt/rviz_ogre_vendor/lib:/opt/ros/foxy/lib/x86_64-linux-gnu:/opt/ros/foxy/lib:/home/joshua_caratao/PX4-Autopilot/build/px4_sitl_default/build_gazebo-classic PYTHONPATH=/home/joshua_caratao/ros2_ws/install/px4_msgs/lib/python3.8/site-packages:${PYTHONPATH} /home/joshua_caratao/cmake-3.27.6/bin/cmake --build /home/joshua_caratao/ros2_ws/build/px4_ros_com -- -j16 -l16
[0.987s] Invoking command in '/home/joshua_caratao/ros2_ws/build/px4_ros_com': AMENT_PREFIX_PATH=/home/joshua_caratao/ros2_ws/install/px4_msgs:${AMENT_PREFIX_PATH} CMAKE_PREFIX_PATH=/home/joshua_caratao/ros2_ws/install/px4_msgs:/opt/ros/foxy LD_LIBRARY_PATH=/home/joshua_caratao/ros2_ws/install/px4_msgs/lib:/opt/ros/foxy/opt/yaml_cpp_vendor/lib:/opt/ros/foxy/opt/rviz_ogre_vendor/lib:/opt/ros/foxy/lib/x86_64-linux-gnu:/opt/ros/foxy/lib:/home/joshua_caratao/PX4-Autopilot/build/px4_sitl_default/build_gazebo-classic PYTHONPATH=/home/joshua_caratao/ros2_ws/install/px4_msgs/lib/python3.8/site-packages:${PYTHONPATH} /home/joshua_caratao/cmake-3.27.6/bin/cmake --install /home/joshua_caratao/ros2_ws/build/px4_ros_com
[0.995s] -- Install configuration: ""
[1.001s] -- Up-to-date: /home/joshua_caratao/ros2_ws/install/px4_ros_com/lib/px4_ros_com/sensor_combined_listener
[1.004s] -- Up-to-date: /home/joshua_caratao/ros2_ws/install/px4_ros_com/lib/px4_ros_com/vehicle_gps_position_listener
[1.006s] -- Up-to-date: /home/joshua_caratao/ros2_ws/install/px4_ros_com/lib/px4_ros_com/debug_vect_advertiser
[1.009s] -- Up-to-date: /home/joshua_caratao/ros2_ws/install/px4_ros_com/lib/px4_ros_com/offboard_control
[1.013s] -- Up-to-date: /home/joshua_caratao/ros2_ws/install/px4_ros_com/lib/px4_ros_com/offboard_control_srv
[1.015s] -- Up-to-date: /home/joshua_caratao/ros2_ws/install/px4_ros_com/share/px4_ros_com/environment/library_path.sh
[1.016s] -- Up-to-date: /home/joshua_caratao/ros2_ws/install/px4_ros_com/share/px4_ros_com/environment/library_path.dsv
[1.016s] -- Up-to-date: /home/joshua_caratao/ros2_ws/install/px4_ros_com/include/px4_ros_com
[1.017s] -- Up-to-date: /home/joshua_caratao/ros2_ws/install/px4_ros_com/include/px4_ros_com/frame_transforms.h
[1.019s] -- Up-to-date: /home/joshua_caratao/ros2_ws/install/px4_ros_com/lib/libframe_transforms.so
[1.020s] -- Up-to-date: /home/joshua_caratao/ros2_ws/install/px4_ros_com/share/px4_ros_com//launch
[1.022s] -- Up-to-date: /home/joshua_caratao/ros2_ws/install/px4_ros_com/share/px4_ros_com//launch/offboard_control_launch.yaml
[1.023s] -- Up-to-date: /home/joshua_caratao/ros2_ws/install/px4_ros_com/share/px4_ros_com//launch/sensor_combined_listener.launch.py
[1.025s] -- Up-to-date: /home/joshua_caratao/ros2_ws/install/px4_ros_com/share/px4_ros_com//test
[1.026s] -- Up-to-date: /home/joshua_caratao/ros2_ws/install/px4_ros_com/share/px4_ros_com//test/__init__.py
[1.026s] -- Up-to-date: /home/joshua_caratao/ros2_ws/install/px4_ros_com/share/px4_ros_com//test/test_output.py
[1.027s] -- Up-to-date: /home/joshua_caratao/ros2_ws/install/px4_ros_com/share/px4_ros_com//test/pipeline_io_test.py
[1.027s] -- Up-to-date: /home/joshua_caratao/ros2_ws/install/px4_ros_com/share/px4_ros_com//test/test_input.py
[1.027s] -- Up-to-date: /home/joshua_caratao/ros2_ws/install/px4_ros_com/share/px4_ros_com/environment/pythonpath.sh
[1.028s] -- Up-to-date: /home/joshua_caratao/ros2_ws/install/px4_ros_com/share/px4_ros_com/environment/pythonpath.dsv
[1.028s] -- Up-to-date: /home/joshua_caratao/ros2_ws/install/px4_ros_com/lib/python3.8/site-packages/px4_ros_com
[1.029s] -- Up-to-date: /home/joshua_caratao/ros2_ws/install/px4_ros_com/lib/python3.8/site-packages/px4_ros_com/module_to_import.py
[1.030s] -- Up-to-date: /home/joshua_caratao/ros2_ws/install/px4_ros_com/lib/python3.8/site-packages/px4_ros_com/__init__.py
[1.106s] Listing '/home/joshua_caratao/ros2_ws/install/px4_ros_com/lib/python3.8/site-packages/px4_ros_com'...
[1.114s] -- Up-to-date: /home/joshua_caratao/ros2_ws/install/px4_ros_com/lib/px4_ros_com/offboard_control.py
[1.116s] -- Up-to-date: /home/joshua_caratao/ros2_ws/install/px4_ros_com/share/ament_index/resource_index/package_run_dependencies/px4_ros_com
[1.117s] -- Up-to-date: /home/joshua_caratao/ros2_ws/install/px4_ros_com/share/ament_index/resource_index/parent_prefix_path/px4_ros_com
[1.117s] -- Up-to-date: /home/joshua_caratao/ros2_ws/install/px4_ros_com/share/px4_ros_com/environment/ament_prefix_path.sh
[1.118s] -- Up-to-date: /home/joshua_caratao/ros2_ws/install/px4_ros_com/share/px4_ros_com/environment/ament_prefix_path.dsv
[1.118s] -- Up-to-date: /home/joshua_caratao/ros2_ws/install/px4_ros_com/share/px4_ros_com/environment/path.sh
[1.119s] -- Up-to-date: /home/joshua_caratao/ros2_ws/install/px4_ros_com/share/px4_ros_com/environment/path.dsv
[1.119s] -- Up-to-date: /home/joshua_caratao/ros2_ws/install/px4_ros_com/share/px4_ros_com/local_setup.bash
[1.119s] -- Up-to-date: /home/joshua_caratao/ros2_ws/install/px4_ros_com/share/px4_ros_com/local_setup.sh
[1.119s] -- Up-to-date: /home/joshua_caratao/ros2_ws/install/px4_ros_com/share/px4_ros_com/local_setup.zsh
[1.119s] -- Up-to-date: /home/joshua_caratao/ros2_ws/install/px4_ros_com/share/px4_ros_com/local_setup.dsv
[1.119s] -- Installing: /home/joshua_caratao/ros2_ws/install/px4_ros_com/share/px4_ros_com/package.dsv
[1.120s] -- Up-to-date: /home/joshua_caratao/ros2_ws/install/px4_ros_com/share/ament_index/resource_index/packages/px4_ros_com
[1.124s] -- Up-to-date: /home/joshua_caratao/ros2_ws/install/px4_ros_com/share/px4_ros_com/cmake/export_frame_transformsExport.cmake
[1.125s] -- Up-to-date: /home/joshua_caratao/ros2_ws/install/px4_ros_com/share/px4_ros_com/cmake/export_frame_transformsExport-noconfig.cmake
[1.125s] -- Up-to-date: /home/joshua_caratao/ros2_ws/install/px4_ros_com/share/px4_ros_com/cmake/ament_cmake_export_dependencies-extras.cmake
[1.126s] -- Up-to-date: /home/joshua_caratao/ros2_ws/install/px4_ros_com/share/px4_ros_com/cmake/ament_cmake_export_targets-extras.cmake
[1.126s] -- Up-to-date: /home/joshua_caratao/ros2_ws/install/px4_ros_com/share/px4_ros_com/cmake/ament_cmake_export_include_directories-extras.cmake
[1.126s] -- Up-to-date: /home/joshua_caratao/ros2_ws/install/px4_ros_com/share/px4_ros_com/cmake/ament_cmake_export_libraries-extras.cmake
[1.126s] -- Up-to-date: /home/joshua_caratao/ros2_ws/install/px4_ros_com/share/px4_ros_com/cmake/px4_ros_comConfig.cmake
[1.126s] -- Up-to-date: /home/joshua_caratao/ros2_ws/install/px4_ros_com/share/px4_ros_com/cmake/px4_ros_comConfig-version.cmake
[1.126s] -- Up-to-date: /home/joshua_caratao/ros2_ws/install/px4_ros_com/share/px4_ros_com/package.xml
[1.131s] Invoked command in '/home/joshua_caratao/ros2_ws/build/px4_ros_com' returned '0': AMENT_PREFIX_PATH=/home/joshua_caratao/ros2_ws/install/px4_msgs:${AMENT_PREFIX_PATH} CMAKE_PREFIX_PATH=/home/joshua_caratao/ros2_ws/install/px4_msgs:/opt/ros/foxy LD_LIBRARY_PATH=/home/joshua_caratao/ros2_ws/install/px4_msgs/lib:/opt/ros/foxy/opt/yaml_cpp_vendor/lib:/opt/ros/foxy/opt/rviz_ogre_vendor/lib:/opt/ros/foxy/lib/x86_64-linux-gnu:/opt/ros/foxy/lib:/home/joshua_caratao/PX4-Autopilot/build/px4_sitl_default/build_gazebo-classic PYTHONPATH=/home/joshua_caratao/ros2_ws/install/px4_msgs/lib/python3.8/site-packages:${PYTHONPATH} /home/joshua_caratao/cmake-3.27.6/bin/cmake --install /home/joshua_caratao/ros2_ws/build/px4_ros_com
