[1.053s] DEBUG:colcon:Command line arguments: ['/usr/bin/colcon', 'build']
[1.053s] DEBUG:colcon:Parsed command line arguments: Namespace(allow_overriding=[], ament_cmake_args=None, base_paths=['.'], build_base='build', catkin_cmake_args=None, catkin_skip_building_tests=False, cmake_args=None, cmake_clean_cache=False, cmake_clean_first=False, cmake_force_configure=False, cmake_target=None, cmake_target_skip_unavailable=False, continue_on_error=False, event_handlers=None, executor='parallel', ignore_user_meta=False, install_base='install', log_base=None, log_level=None, main=<bound method BuildVerb.main of <colcon_core.verb.build.BuildVerb object at 0x7f3c1db99eb0>>, merge_install=False, metas=['./colcon.meta'], mixin=None, mixin_files=None, mixin_verb=('build',), packages_above=None, packages_above_and_dependencies=None, packages_above_depth=None, packages_end=None, packages_ignore=None, packages_ignore_regex=None, packages_select=None, packages_select_build_failed=False, packages_select_by_dep=None, packages_select_regex=None, packages_select_test_failures=False, packages_skip=None, packages_skip_build_finished=False, packages_skip_by_dep=None, packages_skip_regex=None, packages_skip_test_passed=False, packages_skip_up_to=None, packages_start=None, packages_up_to=None, packages_up_to_regex=None, parallel_workers=16, paths=None, symlink_install=False, test_result_base=None, verb_extension=<colcon_core.verb.build.BuildVerb object at 0x7f3c1db99eb0>, verb_name='build', verb_parser=<colcon_mixin.mixin.mixin_argument.MixinArgumentDecorator object at 0x7f3c1db26730>)
[1.194s] Level 1:colcon.colcon_core.package_discovery:discover_packages(colcon_meta) check parameters
[1.194s] Level 1:colcon.colcon_core.package_discovery:discover_packages(recursive) check parameters
[1.194s] Level 1:colcon.colcon_core.package_discovery:discover_packages(ignore) check parameters
[1.194s] Level 1:colcon.colcon_core.package_discovery:discover_packages(path) check parameters
[1.194s] Level 1:colcon.colcon_core.package_discovery:discover_packages(colcon_meta) discover
[1.194s] Level 1:colcon.colcon_core.package_discovery:discover_packages(recursive) discover
[1.194s] INFO:colcon.colcon_core.package_discovery:Crawling recursively for packages in '/home/joshua_caratao/ros2_ws'
[1.194s] Level 1:colcon.colcon_core.package_identification:_identify(.) by extensions ['ignore', 'ignore_ament_install']
[1.194s] Level 1:colcon.colcon_core.package_identification:_identify(.) by extension 'ignore'
[1.194s] Level 1:colcon.colcon_core.package_identification:_identify(.) by extension 'ignore_ament_install'
[1.194s] Level 1:colcon.colcon_core.package_identification:_identify(.) by extensions ['colcon_pkg']
[1.194s] Level 1:colcon.colcon_core.package_identification:_identify(.) by extension 'colcon_pkg'
[1.194s] Level 1:colcon.colcon_core.package_identification:_identify(.) by extensions ['colcon_meta']
[1.194s] Level 1:colcon.colcon_core.package_identification:_identify(.) by extension 'colcon_meta'
[1.194s] Level 1:colcon.colcon_core.package_identification:_identify(.) by extensions ['ros']
[1.194s] Level 1:colcon.colcon_core.package_identification:_identify(.) by extension 'ros'
[1.240s] Level 1:colcon.colcon_core.package_identification:_identify(.) by extensions ['cmake', 'python']
[1.240s] Level 1:colcon.colcon_core.package_identification:_identify(.) by extension 'cmake'
[1.241s] Level 1:colcon.colcon_core.package_identification:_identify(.) by extension 'python'
[1.241s] Level 1:colcon.colcon_core.package_identification:_identify(.) by extensions ['python_setup_py']
[1.241s] Level 1:colcon.colcon_core.package_identification:_identify(.) by extension 'python_setup_py'
[1.241s] Level 1:colcon.colcon_core.package_identification:_identify(build) by extensions ['ignore', 'ignore_ament_install']
[1.241s] Level 1:colcon.colcon_core.package_identification:_identify(build) by extension 'ignore'
[1.241s] Level 1:colcon.colcon_core.package_identification:_identify(build) ignored
[1.241s] Level 1:colcon.colcon_core.package_identification:_identify(install) by extensions ['ignore', 'ignore_ament_install']
[1.241s] Level 1:colcon.colcon_core.package_identification:_identify(install) by extension 'ignore'
[1.241s] Level 1:colcon.colcon_core.package_identification:_identify(install) ignored
[1.241s] Level 1:colcon.colcon_core.package_identification:_identify(log) by extensions ['ignore', 'ignore_ament_install']
[1.241s] Level 1:colcon.colcon_core.package_identification:_identify(log) by extension 'ignore'
[1.241s] Level 1:colcon.colcon_core.package_identification:_identify(log) ignored
[1.242s] Level 1:colcon.colcon_core.package_identification:_identify(src) by extensions ['ignore', 'ignore_ament_install']
[1.242s] Level 1:colcon.colcon_core.package_identification:_identify(src) by extension 'ignore'
[1.242s] Level 1:colcon.colcon_core.package_identification:_identify(src) by extension 'ignore_ament_install'
[1.242s] Level 1:colcon.colcon_core.package_identification:_identify(src) by extensions ['colcon_pkg']
[1.242s] Level 1:colcon.colcon_core.package_identification:_identify(src) by extension 'colcon_pkg'
[1.242s] Level 1:colcon.colcon_core.package_identification:_identify(src) by extensions ['colcon_meta']
[1.242s] Level 1:colcon.colcon_core.package_identification:_identify(src) by extension 'colcon_meta'
[1.242s] Level 1:colcon.colcon_core.package_identification:_identify(src) by extensions ['ros']
[1.242s] Level 1:colcon.colcon_core.package_identification:_identify(src) by extension 'ros'
[1.242s] Level 1:colcon.colcon_core.package_identification:_identify(src) by extensions ['cmake', 'python']
[1.242s] Level 1:colcon.colcon_core.package_identification:_identify(src) by extension 'cmake'
[1.242s] Level 1:colcon.colcon_core.package_identification:_identify(src) by extension 'python'
[1.242s] Level 1:colcon.colcon_core.package_identification:_identify(src) by extensions ['python_setup_py']
[1.242s] Level 1:colcon.colcon_core.package_identification:_identify(src) by extension 'python_setup_py'
[1.243s] Level 1:colcon.colcon_core.package_identification:_identify(src/drone_controls) by extensions ['ignore', 'ignore_ament_install']
[1.244s] Level 1:colcon.colcon_core.package_identification:_identify(src/drone_controls) by extension 'ignore'
[1.244s] Level 1:colcon.colcon_core.package_identification:_identify(src/drone_controls) by extension 'ignore_ament_install'
[1.244s] Level 1:colcon.colcon_core.package_identification:_identify(src/drone_controls) by extensions ['colcon_pkg']
[1.244s] Level 1:colcon.colcon_core.package_identification:_identify(src/drone_controls) by extension 'colcon_pkg'
[1.244s] Level 1:colcon.colcon_core.package_identification:_identify(src/drone_controls) by extensions ['colcon_meta']
[1.244s] Level 1:colcon.colcon_core.package_identification:_identify(src/drone_controls) by extension 'colcon_meta'
[1.244s] Level 1:colcon.colcon_core.package_identification:_identify(src/drone_controls) by extensions ['ros']
[1.244s] Level 1:colcon.colcon_core.package_identification:_identify(src/drone_controls) by extension 'ros'
[1.250s] DEBUG:colcon.colcon_core.package_identification:Package 'src/drone_controls' with type 'ros.ament_python' and name 'drone_controls'
[1.251s] Level 1:colcon.colcon_core.package_identification:_identify(src/px4_msgs) by extensions ['ignore', 'ignore_ament_install']
[1.251s] Level 1:colcon.colcon_core.package_identification:_identify(src/px4_msgs) by extension 'ignore'
[1.251s] Level 1:colcon.colcon_core.package_identification:_identify(src/px4_msgs) by extension 'ignore_ament_install'
[1.251s] Level 1:colcon.colcon_core.package_identification:_identify(src/px4_msgs) by extensions ['colcon_pkg']
[1.251s] Level 1:colcon.colcon_core.package_identification:_identify(src/px4_msgs) by extension 'colcon_pkg'
[1.251s] Level 1:colcon.colcon_core.package_identification:_identify(src/px4_msgs) by extensions ['colcon_meta']
[1.251s] Level 1:colcon.colcon_core.package_identification:_identify(src/px4_msgs) by extension 'colcon_meta'
[1.251s] Level 1:colcon.colcon_core.package_identification:_identify(src/px4_msgs) by extensions ['ros']
[1.251s] Level 1:colcon.colcon_core.package_identification:_identify(src/px4_msgs) by extension 'ros'
[1.253s] DEBUG:colcon.colcon_core.package_identification:Package 'src/px4_msgs' with type 'ros.ament_cmake' and name 'px4_msgs'
[1.254s] Level 1:colcon.colcon_core.package_identification:_identify(src/px4_ros_com) by extensions ['ignore', 'ignore_ament_install']
[1.254s] Level 1:colcon.colcon_core.package_identification:_identify(src/px4_ros_com) by extension 'ignore'
[1.254s] Level 1:colcon.colcon_core.package_identification:_identify(src/px4_ros_com) by extension 'ignore_ament_install'
[1.255s] Level 1:colcon.colcon_core.package_identification:_identify(src/px4_ros_com) by extensions ['colcon_pkg']
[1.255s] Level 1:colcon.colcon_core.package_identification:_identify(src/px4_ros_com) by extension 'colcon_pkg'
[1.255s] Level 1:colcon.colcon_core.package_identification:_identify(src/px4_ros_com) by extensions ['colcon_meta']
[1.255s] Level 1:colcon.colcon_core.package_identification:_identify(src/px4_ros_com) by extension 'colcon_meta'
[1.255s] Level 1:colcon.colcon_core.package_identification:_identify(src/px4_ros_com) by extensions ['ros']
[1.255s] Level 1:colcon.colcon_core.package_identification:_identify(src/px4_ros_com) by extension 'ros'
[1.257s] DEBUG:colcon.colcon_core.package_identification:Package 'src/px4_ros_com' with type 'ros.ament_cmake' and name 'px4_ros_com'
[1.257s] Level 1:colcon.colcon_core.package_discovery:discover_packages(recursive) using defaults
[1.257s] Level 1:colcon.colcon_core.package_discovery:discover_packages(ignore) discover
[1.257s] Level 1:colcon.colcon_core.package_discovery:discover_packages(ignore) using defaults
[1.257s] Level 1:colcon.colcon_core.package_discovery:discover_packages(path) discover
[1.257s] Level 1:colcon.colcon_core.package_discovery:discover_packages(path) using defaults
[1.298s] Level 1:colcon.colcon_core.package_discovery:discover_packages(prefix_path) check parameters
[1.298s] Level 1:colcon.colcon_core.package_discovery:discover_packages(prefix_path) discover
[1.305s] DEBUG:colcon.colcon_installed_package_information.package_discovery:Found 256 installed packages in /opt/ros/foxy
[1.306s] Level 1:colcon.colcon_core.package_discovery:discover_packages(prefix_path) using defaults
[1.414s] Level 5:colcon.colcon_core.verb:set package 'drone_controls' build argument 'cmake_args' from command line to 'None'
[1.414s] Level 5:colcon.colcon_core.verb:set package 'drone_controls' build argument 'cmake_target' from command line to 'None'
[1.414s] Level 5:colcon.colcon_core.verb:set package 'drone_controls' build argument 'cmake_target_skip_unavailable' from command line to 'False'
[1.414s] Level 5:colcon.colcon_core.verb:set package 'drone_controls' build argument 'cmake_clean_cache' from command line to 'False'
[1.414s] Level 5:colcon.colcon_core.verb:set package 'drone_controls' build argument 'cmake_clean_first' from command line to 'False'
[1.414s] Level 5:colcon.colcon_core.verb:set package 'drone_controls' build argument 'cmake_force_configure' from command line to 'False'
[1.414s] Level 5:colcon.colcon_core.verb:set package 'drone_controls' build argument 'ament_cmake_args' from command line to 'None'
[1.414s] Level 5:colcon.colcon_core.verb:set package 'drone_controls' build argument 'catkin_cmake_args' from command line to 'None'
[1.414s] Level 5:colcon.colcon_core.verb:set package 'drone_controls' build argument 'catkin_skip_building_tests' from command line to 'False'
[1.414s] DEBUG:colcon.colcon_core.verb:Building package 'drone_controls' with the following arguments: {'ament_cmake_args': None, 'build_base': '/home/joshua_caratao/ros2_ws/build/drone_controls', 'catkin_cmake_args': None, 'catkin_skip_building_tests': False, 'cmake_args': None, 'cmake_clean_cache': False, 'cmake_clean_first': False, 'cmake_force_configure': False, 'cmake_target': None, 'cmake_target_skip_unavailable': False, 'install_base': '/home/joshua_caratao/ros2_ws/install/drone_controls', 'merge_install': False, 'path': '/home/joshua_caratao/ros2_ws/src/drone_controls', 'symlink_install': False, 'test_result_base': None}
[1.414s] Level 5:colcon.colcon_core.verb:set package 'px4_msgs' build argument 'cmake_args' from command line to 'None'
[1.414s] Level 5:colcon.colcon_core.verb:set package 'px4_msgs' build argument 'cmake_target' from command line to 'None'
[1.414s] Level 5:colcon.colcon_core.verb:set package 'px4_msgs' build argument 'cmake_target_skip_unavailable' from command line to 'False'
[1.414s] Level 5:colcon.colcon_core.verb:set package 'px4_msgs' build argument 'cmake_clean_cache' from command line to 'False'
[1.414s] Level 5:colcon.colcon_core.verb:set package 'px4_msgs' build argument 'cmake_clean_first' from command line to 'False'
[1.414s] Level 5:colcon.colcon_core.verb:set package 'px4_msgs' build argument 'cmake_force_configure' from command line to 'False'
[1.414s] Level 5:colcon.colcon_core.verb:set package 'px4_msgs' build argument 'ament_cmake_args' from command line to 'None'
[1.414s] Level 5:colcon.colcon_core.verb:set package 'px4_msgs' build argument 'catkin_cmake_args' from command line to 'None'
[1.414s] Level 5:colcon.colcon_core.verb:set package 'px4_msgs' build argument 'catkin_skip_building_tests' from command line to 'False'
[1.414s] DEBUG:colcon.colcon_core.verb:Building package 'px4_msgs' with the following arguments: {'ament_cmake_args': None, 'build_base': '/home/joshua_caratao/ros2_ws/build/px4_msgs', 'catkin_cmake_args': None, 'catkin_skip_building_tests': False, 'cmake_args': None, 'cmake_clean_cache': False, 'cmake_clean_first': False, 'cmake_force_configure': False, 'cmake_target': None, 'cmake_target_skip_unavailable': False, 'install_base': '/home/joshua_caratao/ros2_ws/install/px4_msgs', 'merge_install': False, 'path': '/home/joshua_caratao/ros2_ws/src/px4_msgs', 'symlink_install': False, 'test_result_base': None}
[1.415s] Level 5:colcon.colcon_core.verb:set package 'px4_ros_com' build argument 'cmake_args' from command line to 'None'
[1.415s] Level 5:colcon.colcon_core.verb:set package 'px4_ros_com' build argument 'cmake_target' from command line to 'None'
[1.415s] Level 5:colcon.colcon_core.verb:set package 'px4_ros_com' build argument 'cmake_target_skip_unavailable' from command line to 'False'
[1.415s] Level 5:colcon.colcon_core.verb:set package 'px4_ros_com' build argument 'cmake_clean_cache' from command line to 'False'
[1.415s] Level 5:colcon.colcon_core.verb:set package 'px4_ros_com' build argument 'cmake_clean_first' from command line to 'False'
[1.415s] Level 5:colcon.colcon_core.verb:set package 'px4_ros_com' build argument 'cmake_force_configure' from command line to 'False'
[1.415s] Level 5:colcon.colcon_core.verb:set package 'px4_ros_com' build argument 'ament_cmake_args' from command line to 'None'
[1.415s] Level 5:colcon.colcon_core.verb:set package 'px4_ros_com' build argument 'catkin_cmake_args' from command line to 'None'
[1.415s] Level 5:colcon.colcon_core.verb:set package 'px4_ros_com' build argument 'catkin_skip_building_tests' from command line to 'False'
[1.415s] DEBUG:colcon.colcon_core.verb:Building package 'px4_ros_com' with the following arguments: {'ament_cmake_args': None, 'build_base': '/home/joshua_caratao/ros2_ws/build/px4_ros_com', 'catkin_cmake_args': None, 'catkin_skip_building_tests': False, 'cmake_args': None, 'cmake_clean_cache': False, 'cmake_clean_first': False, 'cmake_force_configure': False, 'cmake_target': None, 'cmake_target_skip_unavailable': False, 'install_base': '/home/joshua_caratao/ros2_ws/install/px4_ros_com', 'merge_install': False, 'path': '/home/joshua_caratao/ros2_ws/src/px4_ros_com', 'symlink_install': False, 'test_result_base': None}
[1.415s] INFO:colcon.colcon_core.executor:Executing jobs using 'parallel' executor
[1.417s] DEBUG:colcon.colcon_parallel_executor.executor.parallel:run_until_complete
[1.418s] INFO:colcon.colcon_ros.task.ament_cmake.build:Building ROS package in '/home/joshua_caratao/ros2_ws/src/px4_msgs' with build type 'ament_cmake'
[1.419s] INFO:colcon.colcon_cmake.task.cmake.build:Building CMake package in '/home/joshua_caratao/ros2_ws/src/px4_msgs'
[1.431s] INFO:colcon.colcon_core.plugin_system:Skipping extension 'colcon_core.shell.bat': Not used on non-Windows systems
[1.431s] INFO:colcon.colcon_core.shell:Skip shell extension 'powershell' for command environment: Not usable outside of PowerShell
[1.431s] DEBUG:colcon.colcon_core.shell:Skip shell extension 'dsv' for command environment
[1.441s] INFO:colcon.colcon_ros.task.ament_python.build:Building ROS package in '/home/joshua_caratao/ros2_ws/src/drone_controls' with build type 'ament_python'
[1.442s] Level 1:colcon.colcon_core.shell:create_environment_hook('drone_controls', 'ament_prefix_path')
[1.442s] INFO:colcon.colcon_core.shell:Creating environment hook '/home/joshua_caratao/ros2_ws/install/drone_controls/share/drone_controls/hook/ament_prefix_path.ps1'
[1.447s] INFO:colcon.colcon_core.shell:Creating environment descriptor '/home/joshua_caratao/ros2_ws/install/drone_controls/share/drone_controls/hook/ament_prefix_path.dsv'
[1.448s] INFO:colcon.colcon_core.shell:Creating environment hook '/home/joshua_caratao/ros2_ws/install/drone_controls/share/drone_controls/hook/ament_prefix_path.sh'
[1.450s] INFO:colcon.colcon_core.shell:Skip shell extension 'powershell' for command environment: Not usable outside of PowerShell
[1.451s] DEBUG:colcon.colcon_core.shell:Skip shell extension 'dsv' for command environment
[1.470s] DEBUG:colcon.colcon_core.event_handler.log_command:Invoking command in '/home/joshua_caratao/ros2_ws/build/px4_msgs': CMAKE_PREFIX_PATH=/opt/ros/foxy /home/joshua_caratao/cmake-3.27.6/bin/cmake --build /home/joshua_caratao/ros2_ws/build/px4_msgs -- -j16 -l16
[1.789s] INFO:colcon.colcon_core.task.python.build:Building Python package in '/home/joshua_caratao/ros2_ws/src/drone_controls'
[1.790s] INFO:colcon.colcon_core.shell:Skip shell extension 'powershell' for command environment: Not usable outside of PowerShell
[1.790s] DEBUG:colcon.colcon_core.shell:Skip shell extension 'dsv' for command environment
[2.743s] DEBUG:colcon.colcon_core.event_handler.log_command:Invoking command in '/home/joshua_caratao/ros2_ws/src/drone_controls': PYTHONPATH=/home/joshua_caratao/ros2_ws/build/drone_controls/prefix_override:/usr/lib/python3/dist-packages/colcon_core/task/python/colcon_distutils_commands:/home/joshua_caratao/ros2_ws/install/drone_controls/lib/python3.8/site-packages:${PYTHONPATH} /usr/bin/python3 -W ignore:setup.py install is deprecated setup.py egg_info --egg-base ../../build/drone_controls build --build-base /home/joshua_caratao/ros2_ws/build/drone_controls/build install --record /home/joshua_caratao/ros2_ws/build/drone_controls/install.log --install-scripts $base/lib/drone_controls --single-version-externally-managed install_data
[2.865s] DEBUG:colcon.colcon_core.event_handler.log_command:Invoked command in '/home/joshua_caratao/ros2_ws/build/px4_msgs' returned '0': CMAKE_PREFIX_PATH=/opt/ros/foxy /home/joshua_caratao/cmake-3.27.6/bin/cmake --build /home/joshua_caratao/ros2_ws/build/px4_msgs -- -j16 -l16
[3.374s] DEBUG:colcon.colcon_core.event_handler.log_command:Invoked command in '/home/joshua_caratao/ros2_ws/src/drone_controls' returned '0': PYTHONPATH=/home/joshua_caratao/ros2_ws/build/drone_controls/prefix_override:/usr/lib/python3/dist-packages/colcon_core/task/python/colcon_distutils_commands:/home/joshua_caratao/ros2_ws/install/drone_controls/lib/python3.8/site-packages:${PYTHONPATH} /usr/bin/python3 -W ignore:setup.py install is deprecated setup.py egg_info --egg-base ../../build/drone_controls build --build-base /home/joshua_caratao/ros2_ws/build/drone_controls/build install --record /home/joshua_caratao/ros2_ws/build/drone_controls/install.log --install-scripts $base/lib/drone_controls --single-version-externally-managed install_data
[3.386s] Level 1:colcon.colcon_core.environment:checking '/home/joshua_caratao/ros2_ws/install/drone_controls' for CMake module files
[3.386s] Level 1:colcon.colcon_core.environment:checking '/home/joshua_caratao/ros2_ws/install/drone_controls' for CMake config files
[3.388s] Level 1:colcon.colcon_core.environment:checking '/home/joshua_caratao/ros2_ws/install/drone_controls/lib'
[3.389s] Level 1:colcon.colcon_core.environment:checking '/home/joshua_caratao/ros2_ws/install/drone_controls/bin'
[3.389s] Level 1:colcon.colcon_core.environment:checking '/home/joshua_caratao/ros2_ws/install/drone_controls/lib/pkgconfig/drone_controls.pc'
[3.389s] Level 1:colcon.colcon_core.environment:checking '/home/joshua_caratao/ros2_ws/install/drone_controls/lib/python3.8/site-packages'
[3.389s] Level 1:colcon.colcon_core.shell:create_environment_hook('drone_controls', 'pythonpath')
[3.389s] INFO:colcon.colcon_core.shell:Creating environment hook '/home/joshua_caratao/ros2_ws/install/drone_controls/share/drone_controls/hook/pythonpath.ps1'
[3.390s] INFO:colcon.colcon_core.shell:Creating environment descriptor '/home/joshua_caratao/ros2_ws/install/drone_controls/share/drone_controls/hook/pythonpath.dsv'
[3.390s] INFO:colcon.colcon_core.shell:Creating environment hook '/home/joshua_caratao/ros2_ws/install/drone_controls/share/drone_controls/hook/pythonpath.sh'
[3.391s] Level 1:colcon.colcon_core.environment:checking '/home/joshua_caratao/ros2_ws/install/drone_controls/bin'
[3.391s] Level 1:colcon.colcon_core.environment:create_environment_scripts_only(drone_controls)
[3.392s] INFO:colcon.colcon_core.shell:Creating package script '/home/joshua_caratao/ros2_ws/install/drone_controls/share/drone_controls/package.ps1'
[3.394s] INFO:colcon.colcon_core.shell:Creating package descriptor '/home/joshua_caratao/ros2_ws/install/drone_controls/share/drone_controls/package.dsv'
[3.395s] INFO:colcon.colcon_core.shell:Creating package script '/home/joshua_caratao/ros2_ws/install/drone_controls/share/drone_controls/package.sh'
[3.397s] INFO:colcon.colcon_core.shell:Creating package script '/home/joshua_caratao/ros2_ws/install/drone_controls/share/drone_controls/package.bash'
[3.398s] INFO:colcon.colcon_core.shell:Creating package script '/home/joshua_caratao/ros2_ws/install/drone_controls/share/drone_controls/package.zsh'
[3.400s] Level 1:colcon.colcon_core.environment:create_file_with_runtime_dependencies(/home/joshua_caratao/ros2_ws/install/drone_controls/share/colcon-core/packages/drone_controls)
[8.899s] DEBUG:colcon.colcon_core.event_handler.log_command:Invoking command in '/home/joshua_caratao/ros2_ws/build/px4_msgs': CMAKE_PREFIX_PATH=/opt/ros/foxy /home/joshua_caratao/cmake-3.27.6/bin/cmake --install /home/joshua_caratao/ros2_ws/build/px4_msgs
[9.589s] Level 1:colcon.colcon_core.environment:create_environment_scripts_only(px4_msgs)
[9.590s] Level 1:colcon.colcon_core.environment:checking '/home/joshua_caratao/ros2_ws/install/px4_msgs' for CMake module files
[9.608s] Level 1:colcon.colcon_core.environment:checking '/home/joshua_caratao/ros2_ws/install/px4_msgs' for CMake config files
[9.726s] DEBUG:colcon.colcon_core.event_handler.log_command:Invoked command in '/home/joshua_caratao/ros2_ws/build/px4_msgs' returned '0': CMAKE_PREFIX_PATH=/opt/ros/foxy /home/joshua_caratao/cmake-3.27.6/bin/cmake --install /home/joshua_caratao/ros2_ws/build/px4_msgs
[9.727s] Level 1:colcon.colcon_core.shell:create_environment_hook('px4_msgs', 'cmake_prefix_path')
[9.727s] INFO:colcon.colcon_core.shell:Creating environment hook '/home/joshua_caratao/ros2_ws/install/px4_msgs/share/px4_msgs/hook/cmake_prefix_path.ps1'
[9.727s] INFO:colcon.colcon_core.shell:Creating environment descriptor '/home/joshua_caratao/ros2_ws/install/px4_msgs/share/px4_msgs/hook/cmake_prefix_path.dsv'
[9.728s] INFO:colcon.colcon_core.shell:Creating environment hook '/home/joshua_caratao/ros2_ws/install/px4_msgs/share/px4_msgs/hook/cmake_prefix_path.sh'
[9.728s] Level 1:colcon.colcon_core.environment:checking '/home/joshua_caratao/ros2_ws/install/px4_msgs/lib'
[9.728s] Level 1:colcon.colcon_core.shell:create_environment_hook('px4_msgs', 'ld_library_path_lib')
[9.729s] INFO:colcon.colcon_core.shell:Creating environment hook '/home/joshua_caratao/ros2_ws/install/px4_msgs/share/px4_msgs/hook/ld_library_path_lib.ps1'
[9.729s] INFO:colcon.colcon_core.shell:Creating environment descriptor '/home/joshua_caratao/ros2_ws/install/px4_msgs/share/px4_msgs/hook/ld_library_path_lib.dsv'
[9.729s] INFO:colcon.colcon_core.shell:Creating environment hook '/home/joshua_caratao/ros2_ws/install/px4_msgs/share/px4_msgs/hook/ld_library_path_lib.sh'
[9.730s] Level 1:colcon.colcon_core.environment:checking '/home/joshua_caratao/ros2_ws/install/px4_msgs/bin'
[9.730s] Level 1:colcon.colcon_core.environment:checking '/home/joshua_caratao/ros2_ws/install/px4_msgs/lib/pkgconfig/px4_msgs.pc'
[9.731s] Level 1:colcon.colcon_core.environment:checking '/home/joshua_caratao/ros2_ws/install/px4_msgs/lib/python3.8/site-packages'
[9.731s] Level 1:colcon.colcon_core.shell:create_environment_hook('px4_msgs', 'pythonpath')
[9.731s] INFO:colcon.colcon_core.shell:Creating environment hook '/home/joshua_caratao/ros2_ws/install/px4_msgs/share/px4_msgs/hook/pythonpath.ps1'
[9.732s] INFO:colcon.colcon_core.shell:Creating environment descriptor '/home/joshua_caratao/ros2_ws/install/px4_msgs/share/px4_msgs/hook/pythonpath.dsv'
[9.733s] INFO:colcon.colcon_core.shell:Creating environment hook '/home/joshua_caratao/ros2_ws/install/px4_msgs/share/px4_msgs/hook/pythonpath.sh'
[9.733s] Level 1:colcon.colcon_core.environment:checking '/home/joshua_caratao/ros2_ws/install/px4_msgs/bin'
[9.734s] INFO:colcon.colcon_core.shell:Creating package script '/home/joshua_caratao/ros2_ws/install/px4_msgs/share/px4_msgs/package.ps1'
[9.735s] INFO:colcon.colcon_core.shell:Creating package descriptor '/home/joshua_caratao/ros2_ws/install/px4_msgs/share/px4_msgs/package.dsv'
[9.737s] INFO:colcon.colcon_core.shell:Creating package script '/home/joshua_caratao/ros2_ws/install/px4_msgs/share/px4_msgs/package.sh'
[9.738s] INFO:colcon.colcon_core.shell:Creating package script '/home/joshua_caratao/ros2_ws/install/px4_msgs/share/px4_msgs/package.bash'
[9.738s] INFO:colcon.colcon_core.shell:Creating package script '/home/joshua_caratao/ros2_ws/install/px4_msgs/share/px4_msgs/package.zsh'
[9.739s] Level 1:colcon.colcon_core.environment:create_file_with_runtime_dependencies(/home/joshua_caratao/ros2_ws/install/px4_msgs/share/colcon-core/packages/px4_msgs)
[15.777s] Level 1:colcon.colcon_core.environment:create_environment_scripts_only(px4_msgs)
[15.778s] Level 1:colcon.colcon_core.environment:checking '/home/joshua_caratao/ros2_ws/install/px4_msgs' for CMake module files
[15.779s] Level 1:colcon.colcon_core.environment:checking '/home/joshua_caratao/ros2_ws/install/px4_msgs' for CMake config files
[15.786s] Level 1:colcon.colcon_core.shell:create_environment_hook('px4_msgs', 'cmake_prefix_path')
[15.787s] INFO:colcon.colcon_core.shell:Creating environment hook '/home/joshua_caratao/ros2_ws/install/px4_msgs/share/px4_msgs/hook/cmake_prefix_path.ps1'
[15.788s] INFO:colcon.colcon_core.shell:Creating environment descriptor '/home/joshua_caratao/ros2_ws/install/px4_msgs/share/px4_msgs/hook/cmake_prefix_path.dsv'
[15.788s] INFO:colcon.colcon_core.shell:Creating environment hook '/home/joshua_caratao/ros2_ws/install/px4_msgs/share/px4_msgs/hook/cmake_prefix_path.sh'
[15.789s] Level 1:colcon.colcon_core.environment:checking '/home/joshua_caratao/ros2_ws/install/px4_msgs/lib'
[15.789s] Level 1:colcon.colcon_core.shell:create_environment_hook('px4_msgs', 'ld_library_path_lib')
[15.789s] INFO:colcon.colcon_core.shell:Creating environment hook '/home/joshua_caratao/ros2_ws/install/px4_msgs/share/px4_msgs/hook/ld_library_path_lib.ps1'
[15.790s] INFO:colcon.colcon_core.shell:Creating environment descriptor '/home/joshua_caratao/ros2_ws/install/px4_msgs/share/px4_msgs/hook/ld_library_path_lib.dsv'
[15.791s] INFO:colcon.colcon_core.shell:Creating environment hook '/home/joshua_caratao/ros2_ws/install/px4_msgs/share/px4_msgs/hook/ld_library_path_lib.sh'
[15.794s] Level 1:colcon.colcon_core.environment:checking '/home/joshua_caratao/ros2_ws/install/px4_msgs/bin'
[15.794s] Level 1:colcon.colcon_core.environment:checking '/home/joshua_caratao/ros2_ws/install/px4_msgs/lib/pkgconfig/px4_msgs.pc'
[15.795s] Level 1:colcon.colcon_core.environment:checking '/home/joshua_caratao/ros2_ws/install/px4_msgs/lib/python3.8/site-packages'
[15.795s] Level 1:colcon.colcon_core.shell:create_environment_hook('px4_msgs', 'pythonpath')
[15.795s] INFO:colcon.colcon_core.shell:Creating environment hook '/home/joshua_caratao/ros2_ws/install/px4_msgs/share/px4_msgs/hook/pythonpath.ps1'
[15.796s] INFO:colcon.colcon_core.shell:Creating environment descriptor '/home/joshua_caratao/ros2_ws/install/px4_msgs/share/px4_msgs/hook/pythonpath.dsv'
[15.797s] INFO:colcon.colcon_core.shell:Creating environment hook '/home/joshua_caratao/ros2_ws/install/px4_msgs/share/px4_msgs/hook/pythonpath.sh'
[15.798s] Level 1:colcon.colcon_core.environment:checking '/home/joshua_caratao/ros2_ws/install/px4_msgs/bin'
[15.799s] INFO:colcon.colcon_core.shell:Creating package script '/home/joshua_caratao/ros2_ws/install/px4_msgs/share/px4_msgs/package.ps1'
[15.800s] INFO:colcon.colcon_core.shell:Creating package descriptor '/home/joshua_caratao/ros2_ws/install/px4_msgs/share/px4_msgs/package.dsv'
[15.801s] INFO:colcon.colcon_core.shell:Creating package script '/home/joshua_caratao/ros2_ws/install/px4_msgs/share/px4_msgs/package.sh'
[15.802s] INFO:colcon.colcon_core.shell:Creating package script '/home/joshua_caratao/ros2_ws/install/px4_msgs/share/px4_msgs/package.bash'
[15.802s] INFO:colcon.colcon_core.shell:Creating package script '/home/joshua_caratao/ros2_ws/install/px4_msgs/share/px4_msgs/package.zsh'
[15.803s] Level 1:colcon.colcon_core.environment:create_file_with_runtime_dependencies(/home/joshua_caratao/ros2_ws/install/px4_msgs/share/colcon-core/packages/px4_msgs)
[15.804s] INFO:colcon.colcon_ros.task.ament_cmake.build:Building ROS package in '/home/joshua_caratao/ros2_ws/src/px4_ros_com' with build type 'ament_cmake'
[15.805s] INFO:colcon.colcon_cmake.task.cmake.build:Building CMake package in '/home/joshua_caratao/ros2_ws/src/px4_ros_com'
[15.806s] INFO:colcon.colcon_core.shell:Skip shell extension 'powershell' for command environment: Not usable outside of PowerShell
[15.806s] DEBUG:colcon.colcon_core.shell:Skip shell extension 'dsv' for command environment
[16.129s] DEBUG:colcon.colcon_core.event_handler.log_command:Invoking command in '/home/joshua_caratao/ros2_ws/build/px4_ros_com': AMENT_PREFIX_PATH=/home/joshua_caratao/ros2_ws/install/px4_msgs:${AMENT_PREFIX_PATH} CMAKE_PREFIX_PATH=/home/joshua_caratao/ros2_ws/install/px4_msgs:/opt/ros/foxy LD_LIBRARY_PATH=/home/joshua_caratao/ros2_ws/install/px4_msgs/lib:/opt/ros/foxy/opt/yaml_cpp_vendor/lib:/opt/ros/foxy/opt/rviz_ogre_vendor/lib:/opt/ros/foxy/lib/x86_64-linux-gnu:/opt/ros/foxy/lib:/home/joshua_caratao/PX4-Autopilot/build/px4_sitl_default/build_gazebo-classic PYTHONPATH=/home/joshua_caratao/ros2_ws/install/px4_msgs/lib/python3.8/site-packages:${PYTHONPATH} /home/joshua_caratao/cmake-3.27.6/bin/cmake --build /home/joshua_caratao/ros2_ws/build/px4_ros_com -- -j16 -l16
[16.226s] DEBUG:colcon.colcon_core.event_handler.log_command:Invoked command in '/home/joshua_caratao/ros2_ws/build/px4_ros_com' returned '0': AMENT_PREFIX_PATH=/home/joshua_caratao/ros2_ws/install/px4_msgs:${AMENT_PREFIX_PATH} CMAKE_PREFIX_PATH=/home/joshua_caratao/ros2_ws/install/px4_msgs:/opt/ros/foxy LD_LIBRARY_PATH=/home/joshua_caratao/ros2_ws/install/px4_msgs/lib:/opt/ros/foxy/opt/yaml_cpp_vendor/lib:/opt/ros/foxy/opt/rviz_ogre_vendor/lib:/opt/ros/foxy/lib/x86_64-linux-gnu:/opt/ros/foxy/lib:/home/joshua_caratao/PX4-Autopilot/build/px4_sitl_default/build_gazebo-classic PYTHONPATH=/home/joshua_caratao/ros2_ws/install/px4_msgs/lib/python3.8/site-packages:${PYTHONPATH} /home/joshua_caratao/cmake-3.27.6/bin/cmake --build /home/joshua_caratao/ros2_ws/build/px4_ros_com -- -j16 -l16
[16.271s] DEBUG:colcon.colcon_core.event_handler.log_command:Invoking command in '/home/joshua_caratao/ros2_ws/build/px4_ros_com': AMENT_PREFIX_PATH=/home/joshua_caratao/ros2_ws/install/px4_msgs:${AMENT_PREFIX_PATH} CMAKE_PREFIX_PATH=/home/joshua_caratao/ros2_ws/install/px4_msgs:/opt/ros/foxy LD_LIBRARY_PATH=/home/joshua_caratao/ros2_ws/install/px4_msgs/lib:/opt/ros/foxy/opt/yaml_cpp_vendor/lib:/opt/ros/foxy/opt/rviz_ogre_vendor/lib:/opt/ros/foxy/lib/x86_64-linux-gnu:/opt/ros/foxy/lib:/home/joshua_caratao/PX4-Autopilot/build/px4_sitl_default/build_gazebo-classic PYTHONPATH=/home/joshua_caratao/ros2_ws/install/px4_msgs/lib/python3.8/site-packages:${PYTHONPATH} /home/joshua_caratao/cmake-3.27.6/bin/cmake --install /home/joshua_caratao/ros2_ws/build/px4_ros_com
[16.352s] Level 1:colcon.colcon_core.environment:create_environment_scripts_only(px4_ros_com)
[16.353s] Level 1:colcon.colcon_core.environment:checking '/home/joshua_caratao/ros2_ws/install/px4_ros_com' for CMake module files
[16.354s] DEBUG:colcon.colcon_core.event_handler.log_command:Invoked command in '/home/joshua_caratao/ros2_ws/build/px4_ros_com' returned '0': AMENT_PREFIX_PATH=/home/joshua_caratao/ros2_ws/install/px4_msgs:${AMENT_PREFIX_PATH} CMAKE_PREFIX_PATH=/home/joshua_caratao/ros2_ws/install/px4_msgs:/opt/ros/foxy LD_LIBRARY_PATH=/home/joshua_caratao/ros2_ws/install/px4_msgs/lib:/opt/ros/foxy/opt/yaml_cpp_vendor/lib:/opt/ros/foxy/opt/rviz_ogre_vendor/lib:/opt/ros/foxy/lib/x86_64-linux-gnu:/opt/ros/foxy/lib:/home/joshua_caratao/PX4-Autopilot/build/px4_sitl_default/build_gazebo-classic PYTHONPATH=/home/joshua_caratao/ros2_ws/install/px4_msgs/lib/python3.8/site-packages:${PYTHONPATH} /home/joshua_caratao/cmake-3.27.6/bin/cmake --install /home/joshua_caratao/ros2_ws/build/px4_ros_com
[16.354s] Level 1:colcon.colcon_core.environment:checking '/home/joshua_caratao/ros2_ws/install/px4_ros_com' for CMake config files
[16.356s] Level 1:colcon.colcon_core.shell:create_environment_hook('px4_ros_com', 'cmake_prefix_path')
[16.357s] INFO:colcon.colcon_core.shell:Creating environment hook '/home/joshua_caratao/ros2_ws/install/px4_ros_com/share/px4_ros_com/hook/cmake_prefix_path.ps1'
[16.357s] INFO:colcon.colcon_core.shell:Creating environment descriptor '/home/joshua_caratao/ros2_ws/install/px4_ros_com/share/px4_ros_com/hook/cmake_prefix_path.dsv'
[16.358s] INFO:colcon.colcon_core.shell:Creating environment hook '/home/joshua_caratao/ros2_ws/install/px4_ros_com/share/px4_ros_com/hook/cmake_prefix_path.sh'
[16.359s] Level 1:colcon.colcon_core.environment:checking '/home/joshua_caratao/ros2_ws/install/px4_ros_com/lib'
[16.359s] Level 1:colcon.colcon_core.shell:create_environment_hook('px4_ros_com', 'ld_library_path_lib')
[16.360s] INFO:colcon.colcon_core.shell:Creating environment hook '/home/joshua_caratao/ros2_ws/install/px4_ros_com/share/px4_ros_com/hook/ld_library_path_lib.ps1'
[16.360s] INFO:colcon.colcon_core.shell:Creating environment descriptor '/home/joshua_caratao/ros2_ws/install/px4_ros_com/share/px4_ros_com/hook/ld_library_path_lib.dsv'
[16.361s] INFO:colcon.colcon_core.shell:Creating environment hook '/home/joshua_caratao/ros2_ws/install/px4_ros_com/share/px4_ros_com/hook/ld_library_path_lib.sh'
[16.361s] Level 1:colcon.colcon_core.environment:checking '/home/joshua_caratao/ros2_ws/install/px4_ros_com/bin'
[16.361s] Level 1:colcon.colcon_core.environment:checking '/home/joshua_caratao/ros2_ws/install/px4_ros_com/lib/pkgconfig/px4_ros_com.pc'
[16.362s] Level 1:colcon.colcon_core.environment:checking '/home/joshua_caratao/ros2_ws/install/px4_ros_com/lib/python3.8/site-packages'
[16.362s] Level 1:colcon.colcon_core.shell:create_environment_hook('px4_ros_com', 'pythonpath')
[16.362s] INFO:colcon.colcon_core.shell:Creating environment hook '/home/joshua_caratao/ros2_ws/install/px4_ros_com/share/px4_ros_com/hook/pythonpath.ps1'
[16.363s] INFO:colcon.colcon_core.shell:Creating environment descriptor '/home/joshua_caratao/ros2_ws/install/px4_ros_com/share/px4_ros_com/hook/pythonpath.dsv'
[16.364s] INFO:colcon.colcon_core.shell:Creating environment hook '/home/joshua_caratao/ros2_ws/install/px4_ros_com/share/px4_ros_com/hook/pythonpath.sh'
[16.364s] Level 1:colcon.colcon_core.environment:checking '/home/joshua_caratao/ros2_ws/install/px4_ros_com/bin'
[16.365s] INFO:colcon.colcon_core.shell:Creating package script '/home/joshua_caratao/ros2_ws/install/px4_ros_com/share/px4_ros_com/package.ps1'
[16.365s] INFO:colcon.colcon_core.shell:Creating package descriptor '/home/joshua_caratao/ros2_ws/install/px4_ros_com/share/px4_ros_com/package.dsv'
[16.366s] INFO:colcon.colcon_core.shell:Creating package script '/home/joshua_caratao/ros2_ws/install/px4_ros_com/share/px4_ros_com/package.sh'
[16.366s] INFO:colcon.colcon_core.shell:Creating package script '/home/joshua_caratao/ros2_ws/install/px4_ros_com/share/px4_ros_com/package.bash'
[16.367s] INFO:colcon.colcon_core.shell:Creating package script '/home/joshua_caratao/ros2_ws/install/px4_ros_com/share/px4_ros_com/package.zsh'
[16.369s] Level 1:colcon.colcon_core.environment:create_file_with_runtime_dependencies(/home/joshua_caratao/ros2_ws/install/px4_ros_com/share/colcon-core/packages/px4_ros_com)
[16.416s] Level 1:colcon.colcon_core.environment:create_environment_scripts_only(px4_ros_com)
[16.417s] Level 1:colcon.colcon_core.environment:checking '/home/joshua_caratao/ros2_ws/install/px4_ros_com' for CMake module files
[16.417s] Level 1:colcon.colcon_core.environment:checking '/home/joshua_caratao/ros2_ws/install/px4_ros_com' for CMake config files
[16.417s] Level 1:colcon.colcon_core.shell:create_environment_hook('px4_ros_com', 'cmake_prefix_path')
[16.418s] INFO:colcon.colcon_core.shell:Creating environment hook '/home/joshua_caratao/ros2_ws/install/px4_ros_com/share/px4_ros_com/hook/cmake_prefix_path.ps1'
[16.418s] INFO:colcon.colcon_core.shell:Creating environment descriptor '/home/joshua_caratao/ros2_ws/install/px4_ros_com/share/px4_ros_com/hook/cmake_prefix_path.dsv'
[16.419s] INFO:colcon.colcon_core.shell:Creating environment hook '/home/joshua_caratao/ros2_ws/install/px4_ros_com/share/px4_ros_com/hook/cmake_prefix_path.sh'
[16.420s] Level 1:colcon.colcon_core.environment:checking '/home/joshua_caratao/ros2_ws/install/px4_ros_com/lib'
[16.420s] Level 1:colcon.colcon_core.shell:create_environment_hook('px4_ros_com', 'ld_library_path_lib')
[16.421s] INFO:colcon.colcon_core.shell:Creating environment hook '/home/joshua_caratao/ros2_ws/install/px4_ros_com/share/px4_ros_com/hook/ld_library_path_lib.ps1'
[16.422s] INFO:colcon.colcon_core.shell:Creating environment descriptor '/home/joshua_caratao/ros2_ws/install/px4_ros_com/share/px4_ros_com/hook/ld_library_path_lib.dsv'
[16.422s] INFO:colcon.colcon_core.shell:Creating environment hook '/home/joshua_caratao/ros2_ws/install/px4_ros_com/share/px4_ros_com/hook/ld_library_path_lib.sh'
[16.422s] Level 1:colcon.colcon_core.environment:checking '/home/joshua_caratao/ros2_ws/install/px4_ros_com/bin'
[16.423s] Level 1:colcon.colcon_core.environment:checking '/home/joshua_caratao/ros2_ws/install/px4_ros_com/lib/pkgconfig/px4_ros_com.pc'
[16.423s] Level 1:colcon.colcon_core.environment:checking '/home/joshua_caratao/ros2_ws/install/px4_ros_com/lib/python3.8/site-packages'
[16.423s] Level 1:colcon.colcon_core.shell:create_environment_hook('px4_ros_com', 'pythonpath')
[16.423s] INFO:colcon.colcon_core.shell:Creating environment hook '/home/joshua_caratao/ros2_ws/install/px4_ros_com/share/px4_ros_com/hook/pythonpath.ps1'
[16.424s] INFO:colcon.colcon_core.shell:Creating environment descriptor '/home/joshua_caratao/ros2_ws/install/px4_ros_com/share/px4_ros_com/hook/pythonpath.dsv'
[16.425s] INFO:colcon.colcon_core.shell:Creating environment hook '/home/joshua_caratao/ros2_ws/install/px4_ros_com/share/px4_ros_com/hook/pythonpath.sh'
[16.425s] Level 1:colcon.colcon_core.environment:checking '/home/joshua_caratao/ros2_ws/install/px4_ros_com/bin'
[16.426s] INFO:colcon.colcon_core.shell:Creating package script '/home/joshua_caratao/ros2_ws/install/px4_ros_com/share/px4_ros_com/package.ps1'
[16.426s] INFO:colcon.colcon_core.shell:Creating package descriptor '/home/joshua_caratao/ros2_ws/install/px4_ros_com/share/px4_ros_com/package.dsv'
[16.427s] INFO:colcon.colcon_core.shell:Creating package script '/home/joshua_caratao/ros2_ws/install/px4_ros_com/share/px4_ros_com/package.sh'
[16.428s] INFO:colcon.colcon_core.shell:Creating package script '/home/joshua_caratao/ros2_ws/install/px4_ros_com/share/px4_ros_com/package.bash'
[16.428s] INFO:colcon.colcon_core.shell:Creating package script '/home/joshua_caratao/ros2_ws/install/px4_ros_com/share/px4_ros_com/package.zsh'
[16.429s] Level 1:colcon.colcon_core.environment:create_file_with_runtime_dependencies(/home/joshua_caratao/ros2_ws/install/px4_ros_com/share/colcon-core/packages/px4_ros_com)
[16.430s] DEBUG:colcon.colcon_parallel_executor.executor.parallel:closing loop
[16.431s] DEBUG:colcon.colcon_parallel_executor.executor.parallel:loop closed
[16.431s] DEBUG:colcon.colcon_parallel_executor.executor.parallel:run_until_complete finished with '0'
[16.431s] DEBUG:colcon.colcon_core.event_reactor:joining thread
[16.532s] INFO:colcon.colcon_core.plugin_system:Skipping extension 'colcon_notification.desktop_notification.notify_send': Could not find 'notify-send'
[16.532s] INFO:colcon.colcon_core.plugin_system:Skipping extension 'colcon_notification.desktop_notification.terminal_notifier': Not used on non-Darwin systems
[16.532s] INFO:colcon.colcon_core.plugin_system:Skipping extension 'colcon_notification.desktop_notification.win32': Not used on non-Windows systems
[16.532s] INFO:colcon.colcon_notification.desktop_notification:Sending desktop notification using 'notify2'
[16.534s] DEBUG:colcon.colcon_notification.desktop_notification.notify2:Failed to initialize notify2: org.freedesktop.DBus.Error.ServiceUnknown: The name org.freedesktop.Notifications was not provided by any .service files
[16.534s] DEBUG:colcon.colcon_core.event_reactor:joined thread
[16.534s] INFO:colcon.colcon_core.shell:Creating prefix script '/home/joshua_caratao/ros2_ws/install/local_setup.ps1'
[16.535s] INFO:colcon.colcon_core.shell:Creating prefix util module '/home/joshua_caratao/ros2_ws/install/_local_setup_util_ps1.py'
[16.537s] INFO:colcon.colcon_core.shell:Creating prefix chain script '/home/joshua_caratao/ros2_ws/install/setup.ps1'
[16.538s] INFO:colcon.colcon_core.shell:Creating prefix script '/home/joshua_caratao/ros2_ws/install/local_setup.sh'
[16.540s] INFO:colcon.colcon_core.shell:Creating prefix util module '/home/joshua_caratao/ros2_ws/install/_local_setup_util_sh.py'
[16.540s] INFO:colcon.colcon_core.shell:Creating prefix chain script '/home/joshua_caratao/ros2_ws/install/setup.sh'
[16.542s] INFO:colcon.colcon_core.shell:Creating prefix script '/home/joshua_caratao/ros2_ws/install/local_setup.bash'
[16.545s] INFO:colcon.colcon_core.shell:Creating prefix chain script '/home/joshua_caratao/ros2_ws/install/setup.bash'
[16.548s] INFO:colcon.colcon_core.shell:Creating prefix script '/home/joshua_caratao/ros2_ws/install/local_setup.zsh'
[16.549s] INFO:colcon.colcon_core.shell:Creating prefix chain script '/home/joshua_caratao/ros2_ws/install/setup.zsh'
