running egg_info
creating ../../build/drone_controls/drone_controls.egg-info
writing ../../build/drone_controls/drone_controls.egg-info/PKG-INFO
writing dependency_links to ../../build/drone_controls/drone_controls.egg-info/dependency_links.txt
writing requirements to ../../build/drone_controls/drone_controls.egg-info/requires.txt
writing top-level names to ../../build/drone_controls/drone_controls.egg-info/top_level.txt
writing manifest file '../../build/drone_controls/drone_controls.egg-info/SOURCES.txt'
reading manifest file '../../build/drone_controls/drone_controls.egg-info/SOURCES.txt'
writing manifest file '../../build/drone_controls/drone_controls.egg-info/SOURCES.txt'
running build
running build_py
creating /home/joshua_caratao/ros2_ws/build/drone_controls/build/lib/drone_controls
copying drone_controls/take_off_sim.py -> /home/joshua_caratao/ros2_ws/build/drone_controls/build/lib/drone_controls
copying drone_controls/__init__.py -> /home/joshua_caratao/ros2_ws/build/drone_controls/build/lib/drone_controls
running install
running install_lib
creating /home/joshua_caratao/ros2_ws/install/drone_controls/lib/python3.8/site-packages/drone_controls
copying /home/joshua_caratao/ros2_ws/build/drone_controls/build/lib/drone_controls/take_off_sim.py -> /home/joshua_caratao/ros2_ws/install/drone_controls/lib/python3.8/site-packages/drone_controls
copying /home/joshua_caratao/ros2_ws/build/drone_controls/build/lib/drone_controls/__init__.py -> /home/joshua_caratao/ros2_ws/install/drone_controls/lib/python3.8/site-packages/drone_controls
byte-compiling /home/joshua_caratao/ros2_ws/install/drone_controls/lib/python3.8/site-packages/drone_controls/take_off_sim.py to take_off_sim.cpython-38.pyc
byte-compiling /home/joshua_caratao/ros2_ws/install/drone_controls/lib/python3.8/site-packages/drone_controls/__init__.py to __init__.cpython-38.pyc
running install_data
running install_egg_info
Copying ../../build/drone_controls/drone_controls.egg-info to /home/joshua_caratao/ros2_ws/install/drone_controls/lib/python3.8/site-packages/drone_controls-0.0.0-py3.8.egg-info
running install_scripts
writing list of installed files to '/home/joshua_caratao/ros2_ws/build/drone_controls/install.log'
