[2.073s] Invoking command in '/home/joshua_caratao/ros2_ws/src/drone_controls': PYTHONPATH=/home/joshua_caratao/ros2_ws/build/drone_controls/prefix_override:/usr/lib/python3/dist-packages/colcon_core/task/python/colcon_distutils_commands:/home/joshua_caratao/ros2_ws/install/drone_controls/lib/python3.8/site-packages:${PYTHONPATH} /usr/bin/python3 -W ignore:setup.py install is deprecated setup.py egg_info --egg-base ../../build/drone_controls build --build-base /home/joshua_caratao/ros2_ws/build/drone_controls/build install --record /home/joshua_caratao/ros2_ws/build/drone_controls/install.log --install-scripts $base/lib/drone_controls --single-version-externally-managed install_data
[2.349s] /home/joshua_caratao/.local/lib/python3.8/site-packages/setuptools/dist.py:452: SetuptoolsDeprecationWarning: Invalid dash-separated options
[2.349s] !!
[2.350s] 
[2.350s]         ********************************************************************************
[2.350s]         Usage of dash-separated 'script-dir' will not be supported in future
[2.350s]         versions. Please use the underscore name 'script_dir' instead.
[2.350s] 
[2.350s]         This deprecation is overdue, please update your project and remove deprecated
[2.350s]         calls to avoid build errors in the future.
[2.351s] 
[2.351s]         See https://setuptools.pypa.io/en/latest/userguide/declarative_config.html for details.
[2.351s]         ********************************************************************************
[2.351s] 
[2.351s] !!
[2.351s]   opt = self.warn_dash_deprecation(opt, section)
[2.379s] /home/joshua_caratao/.local/lib/python3.8/site-packages/setuptools/_distutils/dist.py:261: UserWarning: Unknown distribution option: 'tests_require'
[2.380s]   warnings.warn(msg)
[2.599s] running egg_info
[2.600s] creating ../../build/drone_controls/drone_controls.egg-info
[2.639s] writing ../../build/drone_controls/drone_controls.egg-info/PKG-INFO
[2.640s] writing dependency_links to ../../build/drone_controls/drone_controls.egg-info/dependency_links.txt
[2.641s] writing requirements to ../../build/drone_controls/drone_controls.egg-info/requires.txt
[2.642s] writing top-level names to ../../build/drone_controls/drone_controls.egg-info/top_level.txt
[2.881s] writing manifest file '../../build/drone_controls/drone_controls.egg-info/SOURCES.txt'
[2.961s] reading manifest file '../../build/drone_controls/drone_controls.egg-info/SOURCES.txt'
[2.964s] writing manifest file '../../build/drone_controls/drone_controls.egg-info/SOURCES.txt'
[2.965s] running build
[2.966s] running build_py
[2.966s] creating /home/joshua_caratao/ros2_ws/build/drone_controls/build/lib/drone_controls
[2.968s] copying drone_controls/take_off_sim.py -> /home/joshua_caratao/ros2_ws/build/drone_controls/build/lib/drone_controls
[2.969s] copying drone_controls/__init__.py -> /home/joshua_caratao/ros2_ws/build/drone_controls/build/lib/drone_controls
[2.970s] running install
[2.983s] running install_lib
[3.016s] creating /home/joshua_caratao/ros2_ws/install/drone_controls/lib/python3.8/site-packages/drone_controls
[3.017s] copying /home/joshua_caratao/ros2_ws/build/drone_controls/build/lib/drone_controls/take_off_sim.py -> /home/joshua_caratao/ros2_ws/install/drone_controls/lib/python3.8/site-packages/drone_controls
[3.017s] copying /home/joshua_caratao/ros2_ws/build/drone_controls/build/lib/drone_controls/__init__.py -> /home/joshua_caratao/ros2_ws/install/drone_controls/lib/python3.8/site-packages/drone_controls
[3.018s] byte-compiling /home/joshua_caratao/ros2_ws/install/drone_controls/lib/python3.8/site-packages/drone_controls/take_off_sim.py to take_off_sim.cpython-38.pyc
[3.020s] byte-compiling /home/joshua_caratao/ros2_ws/install/drone_controls/lib/python3.8/site-packages/drone_controls/__init__.py to __init__.cpython-38.pyc
[3.021s] running install_data
[3.022s] running install_egg_info
[3.055s] Copying ../../build/drone_controls/drone_controls.egg-info to /home/joshua_caratao/ros2_ws/install/drone_controls/lib/python3.8/site-packages/drone_controls-0.0.0-py3.8.egg-info
[3.057s] running install_scripts
[3.158s] writing list of installed files to '/home/joshua_caratao/ros2_ws/build/drone_controls/install.log'
[3.219s] Invoked command in '/home/joshua_caratao/ros2_ws/src/drone_controls' returned '0': PYTHONPATH=/home/joshua_caratao/ros2_ws/build/drone_controls/prefix_override:/usr/lib/python3/dist-packages/colcon_core/task/python/colcon_distutils_commands:/home/joshua_caratao/ros2_ws/install/drone_controls/lib/python3.8/site-packages:${PYTHONPATH} /usr/bin/python3 -W ignore:setup.py install is deprecated setup.py egg_info --egg-base ../../build/drone_controls build --build-base /home/joshua_caratao/ros2_ws/build/drone_controls/build install --record /home/joshua_caratao/ros2_ws/build/drone_controls/install.log --install-scripts $base/lib/drone_controls --single-version-externally-managed install_data
