[0.635s] Invoking command in '/home/joshua_caratao/ros2_ws/src/drone_controls': PYTHONPATH=/home/joshua_caratao/ros2_ws/build/drone_controls/prefix_override:/usr/lib/python3/dist-packages/colcon_core/task/python/colcon_distutils_commands:/home/joshua_caratao/ros2_ws/install/drone_controls/lib/python3.8/site-packages:${PYTHONPATH} /usr/bin/python3 -W ignore:setup.py install is deprecated setup.py egg_info --egg-base ../../build/drone_controls build --build-base /home/joshua_caratao/ros2_ws/build/drone_controls/build install --record /home/joshua_caratao/ros2_ws/build/drone_controls/install.log --install-scripts $base/lib/drone_controls --single-version-externally-managed install_data
[0.748s] /home/joshua_caratao/.local/lib/python3.8/site-packages/setuptools/dist.py:452: SetuptoolsDeprecationWarning: Invalid dash-separated options
[0.748s] !!
[0.748s] 
[0.748s]         ********************************************************************************
[0.748s]         Usage of dash-separated 'script-dir' will not be supported in future
[0.748s]         versions. Please use the underscore name 'script_dir' instead.
[0.748s] 
[0.748s]         This deprecation is overdue, please update your project and remove deprecated
[0.748s]         calls to avoid build errors in the future.
[0.748s] 
[0.749s]         See https://setuptools.pypa.io/en/latest/userguide/declarative_config.html for details.
[0.749s]         ********************************************************************************
[0.749s] 
[0.749s] !!
[0.749s]   opt = self.warn_dash_deprecation(opt, section)
[0.761s] /home/joshua_caratao/.local/lib/python3.8/site-packages/setuptools/_distutils/dist.py:261: UserWarning: Unknown distribution option: 'tests_require'
[0.761s]   warnings.warn(msg)
[0.839s] running egg_info
[0.850s] writing ../../build/drone_controls/drone_controls.egg-info/PKG-INFO
[0.851s] writing dependency_links to ../../build/drone_controls/drone_controls.egg-info/dependency_links.txt
[0.852s] writing entry points to ../../build/drone_controls/drone_controls.egg-info/entry_points.txt
[0.852s] writing requirements to ../../build/drone_controls/drone_controls.egg-info/requires.txt
[0.852s] writing top-level names to ../../build/drone_controls/drone_controls.egg-info/top_level.txt
[0.945s] reading manifest file '../../build/drone_controls/drone_controls.egg-info/SOURCES.txt'
[0.946s] writing manifest file '../../build/drone_controls/drone_controls.egg-info/SOURCES.txt'
[0.946s] running build
[0.946s] running build_py
[0.946s] copying drone_controls/take_off_sim.py -> /home/joshua_caratao/ros2_ws/build/drone_controls/build/lib/drone_controls
[0.947s] copying drone_controls/__init__.py -> /home/joshua_caratao/ros2_ws/build/drone_controls/build/lib/drone_controls
[0.947s] running install
[0.951s] running install_lib
[0.964s] copying /home/joshua_caratao/ros2_ws/build/drone_controls/build/lib/drone_controls/take_off_sim.py -> /home/joshua_caratao/ros2_ws/install/drone_controls/lib/python3.8/site-packages/drone_controls
[0.964s] byte-compiling /home/joshua_caratao/ros2_ws/install/drone_controls/lib/python3.8/site-packages/drone_controls/take_off_sim.py to take_off_sim.cpython-38.pyc
[0.965s] running install_data
[0.965s] running install_egg_info
[0.980s] removing '/home/joshua_caratao/ros2_ws/install/drone_controls/lib/python3.8/site-packages/drone_controls-0.0.0-py3.8.egg-info' (and everything under it)
[0.980s] Copying ../../build/drone_controls/drone_controls.egg-info to /home/joshua_caratao/ros2_ws/install/drone_controls/lib/python3.8/site-packages/drone_controls-0.0.0-py3.8.egg-info
[0.980s] running install_scripts
[1.013s] Installing take_off_sim script to /home/joshua_caratao/ros2_ws/install/drone_controls/lib/drone_controls
[1.013s] writing list of installed files to '/home/joshua_caratao/ros2_ws/build/drone_controls/install.log'
[1.044s] Invoked command in '/home/joshua_caratao/ros2_ws/src/drone_controls' returned '0': PYTHONPATH=/home/joshua_caratao/ros2_ws/build/drone_controls/prefix_override:/usr/lib/python3/dist-packages/colcon_core/task/python/colcon_distutils_commands:/home/joshua_caratao/ros2_ws/install/drone_controls/lib/python3.8/site-packages:${PYTHONPATH} /usr/bin/python3 -W ignore:setup.py install is deprecated setup.py egg_info --egg-base ../../build/drone_controls build --build-base /home/joshua_caratao/ros2_ws/build/drone_controls/build install --record /home/joshua_caratao/ros2_ws/build/drone_controls/install.log --install-scripts $base/lib/drone_controls --single-version-externally-managed install_data
