[0.876s] DEBUG:colcon:Command line arguments: ['/usr/bin/colcon', 'build', '--packages-select', 'drone_controls']
[0.877s] DEBUG:colcon:Parsed command line arguments: Namespace(allow_overriding=[], ament_cmake_args=None, base_paths=['.'], build_base='build', catkin_cmake_args=None, catkin_skip_building_tests=False, cmake_args=None, cmake_clean_cache=False, cmake_clean_first=False, cmake_force_configure=False, cmake_target=None, cmake_target_skip_unavailable=False, continue_on_error=False, event_handlers=None, executor='parallel', ignore_user_meta=False, install_base='install', log_base=None, log_level=None, main=<bound method BuildVerb.main of <colcon_core.verb.build.BuildVerb object at 0x7f65444ec220>>, merge_install=False, metas=['./colcon.meta'], mixin=None, mixin_files=None, mixin_verb=('build',), packages_above=None, packages_above_and_dependencies=None, packages_above_depth=None, packages_end=None, packages_ignore=None, packages_ignore_regex=None, packages_select=['drone_controls'], packages_select_build_failed=False, packages_select_by_dep=None, packages_select_regex=None, packages_select_test_failures=False, packages_skip=None, packages_skip_build_finished=False, packages_skip_by_dep=None, packages_skip_regex=None, packages_skip_test_passed=False, packages_skip_up_to=None, packages_start=None, packages_up_to=None, packages_up_to_regex=None, parallel_workers=16, paths=None, symlink_install=False, test_result_base=None, verb_extension=<colcon_core.verb.build.BuildVerb object at 0x7f65444ec220>, verb_name='build', verb_parser=<colcon_mixin.mixin.mixin_argument.MixinArgumentDecorator object at 0x7f65444eca30>)
[1.030s] Level 1:colcon.colcon_core.package_discovery:discover_packages(colcon_meta) check parameters
[1.031s] Level 1:colcon.colcon_core.package_discovery:discover_packages(recursive) check parameters
[1.031s] Level 1:colcon.colcon_core.package_discovery:discover_packages(ignore) check parameters
[1.031s] Level 1:colcon.colcon_core.package_discovery:discover_packages(path) check parameters
[1.031s] Level 1:colcon.colcon_core.package_discovery:discover_packages(colcon_meta) discover
[1.033s] Level 1:colcon.colcon_core.package_discovery:discover_packages(recursive) discover
[1.033s] INFO:colcon.colcon_core.package_discovery:Crawling recursively for packages in '/home/joshua_caratao/ros2_ws'
[1.033s] Level 1:colcon.colcon_core.package_identification:_identify(.) by extensions ['ignore', 'ignore_ament_install']
[1.034s] Level 1:colcon.colcon_core.package_identification:_identify(.) by extension 'ignore'
[1.034s] Level 1:colcon.colcon_core.package_identification:_identify(.) by extension 'ignore_ament_install'
[1.034s] Level 1:colcon.colcon_core.package_identification:_identify(.) by extensions ['colcon_pkg']
[1.034s] Level 1:colcon.colcon_core.package_identification:_identify(.) by extension 'colcon_pkg'
[1.034s] Level 1:colcon.colcon_core.package_identification:_identify(.) by extensions ['colcon_meta']
[1.034s] Level 1:colcon.colcon_core.package_identification:_identify(.) by extension 'colcon_meta'
[1.034s] Level 1:colcon.colcon_core.package_identification:_identify(.) by extensions ['ros']
[1.035s] Level 1:colcon.colcon_core.package_identification:_identify(.) by extension 'ros'
[1.121s] Level 1:colcon.colcon_core.package_identification:_identify(.) by extensions ['cmake', 'python']
[1.121s] Level 1:colcon.colcon_core.package_identification:_identify(.) by extension 'cmake'
[1.121s] Level 1:colcon.colcon_core.package_identification:_identify(.) by extension 'python'
[1.121s] Level 1:colcon.colcon_core.package_identification:_identify(.) by extensions ['python_setup_py']
[1.121s] Level 1:colcon.colcon_core.package_identification:_identify(.) by extension 'python_setup_py'
[1.122s] Level 1:colcon.colcon_core.package_identification:_identify(build) by extensions ['ignore', 'ignore_ament_install']
[1.123s] Level 1:colcon.colcon_core.package_identification:_identify(build) by extension 'ignore'
[1.123s] Level 1:colcon.colcon_core.package_identification:_identify(build) ignored
[1.124s] Level 1:colcon.colcon_core.package_identification:_identify(install) by extensions ['ignore', 'ignore_ament_install']
[1.125s] Level 1:colcon.colcon_core.package_identification:_identify(install) by extension 'ignore'
[1.126s] Level 1:colcon.colcon_core.package_identification:_identify(install) ignored
[1.127s] Level 1:colcon.colcon_core.package_identification:_identify(log) by extensions ['ignore', 'ignore_ament_install']
[1.127s] Level 1:colcon.colcon_core.package_identification:_identify(log) by extension 'ignore'
[1.128s] Level 1:colcon.colcon_core.package_identification:_identify(log) ignored
[1.128s] Level 1:colcon.colcon_core.package_identification:_identify(src) by extensions ['ignore', 'ignore_ament_install']
[1.128s] Level 1:colcon.colcon_core.package_identification:_identify(src) by extension 'ignore'
[1.128s] Level 1:colcon.colcon_core.package_identification:_identify(src) by extension 'ignore_ament_install'
[1.129s] Level 1:colcon.colcon_core.package_identification:_identify(src) by extensions ['colcon_pkg']
[1.129s] Level 1:colcon.colcon_core.package_identification:_identify(src) by extension 'colcon_pkg'
[1.129s] Level 1:colcon.colcon_core.package_identification:_identify(src) by extensions ['colcon_meta']
[1.129s] Level 1:colcon.colcon_core.package_identification:_identify(src) by extension 'colcon_meta'
[1.129s] Level 1:colcon.colcon_core.package_identification:_identify(src) by extensions ['ros']
[1.129s] Level 1:colcon.colcon_core.package_identification:_identify(src) by extension 'ros'
[1.130s] Level 1:colcon.colcon_core.package_identification:_identify(src) by extensions ['cmake', 'python']
[1.130s] Level 1:colcon.colcon_core.package_identification:_identify(src) by extension 'cmake'
[1.130s] Level 1:colcon.colcon_core.package_identification:_identify(src) by extension 'python'
[1.130s] Level 1:colcon.colcon_core.package_identification:_identify(src) by extensions ['python_setup_py']
[1.130s] Level 1:colcon.colcon_core.package_identification:_identify(src) by extension 'python_setup_py'
[1.131s] Level 1:colcon.colcon_core.package_identification:_identify(src/drone_controls) by extensions ['ignore', 'ignore_ament_install']
[1.132s] Level 1:colcon.colcon_core.package_identification:_identify(src/drone_controls) by extension 'ignore'
[1.132s] Level 1:colcon.colcon_core.package_identification:_identify(src/drone_controls) by extension 'ignore_ament_install'
[1.132s] Level 1:colcon.colcon_core.package_identification:_identify(src/drone_controls) by extensions ['colcon_pkg']
[1.133s] Level 1:colcon.colcon_core.package_identification:_identify(src/drone_controls) by extension 'colcon_pkg'
[1.133s] Level 1:colcon.colcon_core.package_identification:_identify(src/drone_controls) by extensions ['colcon_meta']
[1.133s] Level 1:colcon.colcon_core.package_identification:_identify(src/drone_controls) by extension 'colcon_meta'
[1.133s] Level 1:colcon.colcon_core.package_identification:_identify(src/drone_controls) by extensions ['ros']
[1.133s] Level 1:colcon.colcon_core.package_identification:_identify(src/drone_controls) by extension 'ros'
[1.141s] DEBUG:colcon.colcon_core.package_identification:Package 'src/drone_controls' with type 'ros.ament_python' and name 'drone_controls'
[1.142s] Level 1:colcon.colcon_core.package_identification:_identify(src/px4_msgs) by extensions ['ignore', 'ignore_ament_install']
[1.143s] Level 1:colcon.colcon_core.package_identification:_identify(src/px4_msgs) by extension 'ignore'
[1.143s] Level 1:colcon.colcon_core.package_identification:_identify(src/px4_msgs) by extension 'ignore_ament_install'
[1.147s] Level 1:colcon.colcon_core.package_identification:_identify(src/px4_msgs) by extensions ['colcon_pkg']
[1.148s] Level 1:colcon.colcon_core.package_identification:_identify(src/px4_msgs) by extension 'colcon_pkg'
[1.148s] Level 1:colcon.colcon_core.package_identification:_identify(src/px4_msgs) by extensions ['colcon_meta']
[1.148s] Level 1:colcon.colcon_core.package_identification:_identify(src/px4_msgs) by extension 'colcon_meta'
[1.148s] Level 1:colcon.colcon_core.package_identification:_identify(src/px4_msgs) by extensions ['ros']
[1.148s] Level 1:colcon.colcon_core.package_identification:_identify(src/px4_msgs) by extension 'ros'
[1.151s] DEBUG:colcon.colcon_core.package_identification:Package 'src/px4_msgs' with type 'ros.ament_cmake' and name 'px4_msgs'
[1.151s] Level 1:colcon.colcon_core.package_identification:_identify(src/px4_ros_com) by extensions ['ignore', 'ignore_ament_install']
[1.152s] Level 1:colcon.colcon_core.package_identification:_identify(src/px4_ros_com) by extension 'ignore'
[1.152s] Level 1:colcon.colcon_core.package_identification:_identify(src/px4_ros_com) by extension 'ignore_ament_install'
[1.152s] Level 1:colcon.colcon_core.package_identification:_identify(src/px4_ros_com) by extensions ['colcon_pkg']
[1.153s] Level 1:colcon.colcon_core.package_identification:_identify(src/px4_ros_com) by extension 'colcon_pkg'
[1.153s] Level 1:colcon.colcon_core.package_identification:_identify(src/px4_ros_com) by extensions ['colcon_meta']
[1.153s] Level 1:colcon.colcon_core.package_identification:_identify(src/px4_ros_com) by extension 'colcon_meta'
[1.153s] Level 1:colcon.colcon_core.package_identification:_identify(src/px4_ros_com) by extensions ['ros']
[1.153s] Level 1:colcon.colcon_core.package_identification:_identify(src/px4_ros_com) by extension 'ros'
[1.157s] DEBUG:colcon.colcon_core.package_identification:Package 'src/px4_ros_com' with type 'ros.ament_cmake' and name 'px4_ros_com'
[1.157s] Level 1:colcon.colcon_core.package_discovery:discover_packages(recursive) using defaults
[1.158s] Level 1:colcon.colcon_core.package_discovery:discover_packages(ignore) discover
[1.158s] Level 1:colcon.colcon_core.package_discovery:discover_packages(ignore) using defaults
[1.158s] Level 1:colcon.colcon_core.package_discovery:discover_packages(path) discover
[1.158s] Level 1:colcon.colcon_core.package_discovery:discover_packages(path) using defaults
[1.227s] INFO:colcon.colcon_core.package_selection:Skipping not selected package 'px4_msgs' in 'src/px4_msgs'
[1.227s] INFO:colcon.colcon_core.package_selection:Skipping not selected package 'px4_ros_com' in 'src/px4_ros_com'
[1.228s] Level 1:colcon.colcon_core.package_discovery:discover_packages(prefix_path) check parameters
[1.228s] Level 1:colcon.colcon_core.package_discovery:discover_packages(prefix_path) discover
[1.234s] DEBUG:colcon.colcon_installed_package_information.package_discovery:Found 3 installed packages in /home/joshua_caratao/ros2_ws/install
[1.240s] DEBUG:colcon.colcon_installed_package_information.package_discovery:Found 256 installed packages in /opt/ros/foxy
[1.245s] Level 1:colcon.colcon_core.package_discovery:discover_packages(prefix_path) using defaults
[1.408s] Level 5:colcon.colcon_core.verb:set package 'drone_controls' build argument 'cmake_args' from command line to 'None'
[1.408s] Level 5:colcon.colcon_core.verb:set package 'drone_controls' build argument 'cmake_target' from command line to 'None'
[1.409s] Level 5:colcon.colcon_core.verb:set package 'drone_controls' build argument 'cmake_target_skip_unavailable' from command line to 'False'
[1.409s] Level 5:colcon.colcon_core.verb:set package 'drone_controls' build argument 'cmake_clean_cache' from command line to 'False'
[1.409s] Level 5:colcon.colcon_core.verb:set package 'drone_controls' build argument 'cmake_clean_first' from command line to 'False'
[1.409s] Level 5:colcon.colcon_core.verb:set package 'drone_controls' build argument 'cmake_force_configure' from command line to 'False'
[1.409s] Level 5:colcon.colcon_core.verb:set package 'drone_controls' build argument 'ament_cmake_args' from command line to 'None'
[1.409s] Level 5:colcon.colcon_core.verb:set package 'drone_controls' build argument 'catkin_cmake_args' from command line to 'None'
[1.409s] Level 5:colcon.colcon_core.verb:set package 'drone_controls' build argument 'catkin_skip_building_tests' from command line to 'False'
[1.409s] DEBUG:colcon.colcon_core.verb:Building package 'drone_controls' with the following arguments: {'ament_cmake_args': None, 'build_base': '/home/joshua_caratao/ros2_ws/build/drone_controls', 'catkin_cmake_args': None, 'catkin_skip_building_tests': False, 'cmake_args': None, 'cmake_clean_cache': False, 'cmake_clean_first': False, 'cmake_force_configure': False, 'cmake_target': None, 'cmake_target_skip_unavailable': False, 'install_base': '/home/joshua_caratao/ros2_ws/install/drone_controls', 'merge_install': False, 'path': '/home/joshua_caratao/ros2_ws/src/drone_controls', 'symlink_install': False, 'test_result_base': None}
[1.410s] INFO:colcon.colcon_core.executor:Executing jobs using 'parallel' executor
[1.414s] DEBUG:colcon.colcon_parallel_executor.executor.parallel:run_until_complete
[1.415s] INFO:colcon.colcon_ros.task.ament_python.build:Building ROS package in '/home/joshua_caratao/ros2_ws/src/drone_controls' with build type 'ament_python'
[1.415s] Level 1:colcon.colcon_core.shell:create_environment_hook('drone_controls', 'ament_prefix_path')
[1.424s] INFO:colcon.colcon_core.plugin_system:Skipping extension 'colcon_core.shell.bat': Not used on non-Windows systems
[1.424s] INFO:colcon.colcon_core.shell:Creating environment hook '/home/joshua_caratao/ros2_ws/install/drone_controls/share/drone_controls/hook/ament_prefix_path.ps1'
[1.426s] INFO:colcon.colcon_core.shell:Creating environment descriptor '/home/joshua_caratao/ros2_ws/install/drone_controls/share/drone_controls/hook/ament_prefix_path.dsv'
[1.427s] INFO:colcon.colcon_core.shell:Creating environment hook '/home/joshua_caratao/ros2_ws/install/drone_controls/share/drone_controls/hook/ament_prefix_path.sh'
[1.429s] INFO:colcon.colcon_core.shell:Skip shell extension 'powershell' for command environment: Not usable outside of PowerShell
[1.429s] DEBUG:colcon.colcon_core.shell:Skip shell extension 'dsv' for command environment
[2.043s] INFO:colcon.colcon_core.task.python.build:Building Python package in '/home/joshua_caratao/ros2_ws/src/drone_controls'
[2.045s] INFO:colcon.colcon_core.shell:Skip shell extension 'powershell' for command environment: Not usable outside of PowerShell
[2.045s] DEBUG:colcon.colcon_core.shell:Skip shell extension 'dsv' for command environment
[3.505s] DEBUG:colcon.colcon_core.event_handler.log_command:Invoking command in '/home/joshua_caratao/ros2_ws/src/drone_controls': PYTHONPATH=/home/joshua_caratao/ros2_ws/build/drone_controls/prefix_override:/usr/lib/python3/dist-packages/colcon_core/task/python/colcon_distutils_commands:/home/joshua_caratao/ros2_ws/install/drone_controls/lib/python3.8/site-packages:${PYTHONPATH} /usr/bin/python3 -W ignore:setup.py install is deprecated setup.py egg_info --egg-base ../../build/drone_controls build --build-base /home/joshua_caratao/ros2_ws/build/drone_controls/build install --record /home/joshua_caratao/ros2_ws/build/drone_controls/install.log --install-scripts $base/lib/drone_controls --single-version-externally-managed install_data
[4.697s] DEBUG:colcon.colcon_core.event_handler.log_command:Invoked command in '/home/joshua_caratao/ros2_ws/src/drone_controls' returned '0': PYTHONPATH=/home/joshua_caratao/ros2_ws/build/drone_controls/prefix_override:/usr/lib/python3/dist-packages/colcon_core/task/python/colcon_distutils_commands:/home/joshua_caratao/ros2_ws/install/drone_controls/lib/python3.8/site-packages:${PYTHONPATH} /usr/bin/python3 -W ignore:setup.py install is deprecated setup.py egg_info --egg-base ../../build/drone_controls build --build-base /home/joshua_caratao/ros2_ws/build/drone_controls/build install --record /home/joshua_caratao/ros2_ws/build/drone_controls/install.log --install-scripts $base/lib/drone_controls --single-version-externally-managed install_data
[4.735s] Level 1:colcon.colcon_core.environment:checking '/home/joshua_caratao/ros2_ws/install/drone_controls' for CMake module files
[4.736s] Level 1:colcon.colcon_core.environment:checking '/home/joshua_caratao/ros2_ws/install/drone_controls' for CMake config files
[4.738s] Level 1:colcon.colcon_core.environment:checking '/home/joshua_caratao/ros2_ws/install/drone_controls/lib'
[4.739s] Level 1:colcon.colcon_core.environment:checking '/home/joshua_caratao/ros2_ws/install/drone_controls/bin'
[4.739s] Level 1:colcon.colcon_core.environment:checking '/home/joshua_caratao/ros2_ws/install/drone_controls/lib/pkgconfig/drone_controls.pc'
[4.739s] Level 1:colcon.colcon_core.environment:checking '/home/joshua_caratao/ros2_ws/install/drone_controls/lib/python3.8/site-packages'
[4.739s] Level 1:colcon.colcon_core.shell:create_environment_hook('drone_controls', 'pythonpath')
[4.740s] INFO:colcon.colcon_core.shell:Creating environment hook '/home/joshua_caratao/ros2_ws/install/drone_controls/share/drone_controls/hook/pythonpath.ps1'
[4.741s] INFO:colcon.colcon_core.shell:Creating environment descriptor '/home/joshua_caratao/ros2_ws/install/drone_controls/share/drone_controls/hook/pythonpath.dsv'
[4.742s] INFO:colcon.colcon_core.shell:Creating environment hook '/home/joshua_caratao/ros2_ws/install/drone_controls/share/drone_controls/hook/pythonpath.sh'
[4.744s] Level 1:colcon.colcon_core.environment:checking '/home/joshua_caratao/ros2_ws/install/drone_controls/bin'
[4.744s] Level 1:colcon.colcon_core.environment:create_environment_scripts_only(drone_controls)
[4.745s] INFO:colcon.colcon_core.shell:Creating package script '/home/joshua_caratao/ros2_ws/install/drone_controls/share/drone_controls/package.ps1'
[4.747s] INFO:colcon.colcon_core.shell:Creating package descriptor '/home/joshua_caratao/ros2_ws/install/drone_controls/share/drone_controls/package.dsv'
[4.749s] INFO:colcon.colcon_core.shell:Creating package script '/home/joshua_caratao/ros2_ws/install/drone_controls/share/drone_controls/package.sh'
[4.753s] INFO:colcon.colcon_core.shell:Creating package script '/home/joshua_caratao/ros2_ws/install/drone_controls/share/drone_controls/package.bash'
[4.755s] INFO:colcon.colcon_core.shell:Creating package script '/home/joshua_caratao/ros2_ws/install/drone_controls/share/drone_controls/package.zsh'
[4.756s] Level 1:colcon.colcon_core.environment:create_file_with_runtime_dependencies(/home/joshua_caratao/ros2_ws/install/drone_controls/share/colcon-core/packages/drone_controls)
[4.758s] DEBUG:colcon.colcon_parallel_executor.executor.parallel:closing loop
[4.760s] DEBUG:colcon.colcon_parallel_executor.executor.parallel:loop closed
[4.760s] DEBUG:colcon.colcon_parallel_executor.executor.parallel:run_until_complete finished with '0'
[4.760s] DEBUG:colcon.colcon_core.event_reactor:joining thread
[4.987s] INFO:colcon.colcon_core.plugin_system:Skipping extension 'colcon_notification.desktop_notification.notify_send': Could not find 'notify-send'
[4.988s] INFO:colcon.colcon_core.plugin_system:Skipping extension 'colcon_notification.desktop_notification.terminal_notifier': Not used on non-Darwin systems
[4.988s] INFO:colcon.colcon_core.plugin_system:Skipping extension 'colcon_notification.desktop_notification.win32': Not used on non-Windows systems
[4.988s] INFO:colcon.colcon_notification.desktop_notification:Sending desktop notification using 'notify2'
[4.993s] DEBUG:colcon.colcon_notification.desktop_notification.notify2:Failed to initialize notify2: org.freedesktop.DBus.Error.ServiceUnknown: The name org.freedesktop.Notifications was not provided by any .service files
[4.993s] DEBUG:colcon.colcon_core.event_reactor:joined thread
[4.994s] INFO:colcon.colcon_core.shell:Creating prefix script '/home/joshua_caratao/ros2_ws/install/local_setup.ps1'
[4.996s] INFO:colcon.colcon_core.shell:Creating prefix util module '/home/joshua_caratao/ros2_ws/install/_local_setup_util_ps1.py'
[5.000s] INFO:colcon.colcon_core.shell:Creating prefix chain script '/home/joshua_caratao/ros2_ws/install/setup.ps1'
[5.003s] INFO:colcon.colcon_core.shell:Creating prefix script '/home/joshua_caratao/ros2_ws/install/local_setup.sh'
[5.006s] INFO:colcon.colcon_core.shell:Creating prefix util module '/home/joshua_caratao/ros2_ws/install/_local_setup_util_sh.py'
[5.007s] INFO:colcon.colcon_core.shell:Creating prefix chain script '/home/joshua_caratao/ros2_ws/install/setup.sh'
[5.013s] INFO:colcon.colcon_core.shell:Creating prefix script '/home/joshua_caratao/ros2_ws/install/local_setup.bash'
[5.014s] INFO:colcon.colcon_core.shell:Creating prefix chain script '/home/joshua_caratao/ros2_ws/install/setup.bash'
[5.017s] INFO:colcon.colcon_core.shell:Creating prefix script '/home/joshua_caratao/ros2_ws/install/local_setup.zsh'
[5.019s] INFO:colcon.colcon_core.shell:Creating prefix chain script '/home/joshua_caratao/ros2_ws/install/setup.zsh'
