[0.456s] DEBUG:colcon:Command line arguments: ['/usr/bin/colcon', 'build', '--packages-select', 'drone_controls']
[0.457s] DEBUG:colcon:Parsed command line arguments: Namespace(allow_overriding=[], ament_cmake_args=None, base_paths=['.'], build_base='build', catkin_cmake_args=None, catkin_skip_building_tests=False, cmake_args=None, cmake_clean_cache=False, cmake_clean_first=False, cmake_force_configure=False, cmake_target=None, cmake_target_skip_unavailable=False, continue_on_error=False, event_handlers=None, executor='parallel', ignore_user_meta=False, install_base='install', log_base=None, log_level=None, main=<bound method BuildVerb.main of <colcon_core.verb.build.BuildVerb object at 0x7f830d6b4220>>, merge_install=False, metas=['./colcon.meta'], mixin=None, mixin_files=None, mixin_verb=('build',), packages_above=None, packages_above_and_dependencies=None, packages_above_depth=None, packages_end=None, packages_ignore=None, packages_ignore_regex=None, packages_select=['drone_controls'], packages_select_build_failed=False, packages_select_by_dep=None, packages_select_regex=None, packages_select_test_failures=False, packages_skip=None, packages_skip_build_finished=False, packages_skip_by_dep=None, packages_skip_regex=None, packages_skip_test_passed=False, packages_skip_up_to=None, packages_start=None, packages_up_to=None, packages_up_to_regex=None, parallel_workers=16, paths=None, symlink_install=False, test_result_base=None, verb_extension=<colcon_core.verb.build.BuildVerb object at 0x7f830d6b4220>, verb_name='build', verb_parser=<colcon_mixin.mixin.mixin_argument.MixinArgumentDecorator object at 0x7f830d6b4a30>)
[0.529s] Level 1:colcon.colcon_core.package_discovery:discover_packages(colcon_meta) check parameters
[0.529s] Level 1:colcon.colcon_core.package_discovery:discover_packages(recursive) check parameters
[0.529s] Level 1:colcon.colcon_core.package_discovery:discover_packages(ignore) check parameters
[0.530s] Level 1:colcon.colcon_core.package_discovery:discover_packages(path) check parameters
[0.530s] Level 1:colcon.colcon_core.package_discovery:discover_packages(colcon_meta) discover
[0.530s] Level 1:colcon.colcon_core.package_discovery:discover_packages(recursive) discover
[0.530s] INFO:colcon.colcon_core.package_discovery:Crawling recursively for packages in '/home/joshua_caratao/ros2_ws'
[0.530s] Level 1:colcon.colcon_core.package_identification:_identify(.) by extensions ['ignore', 'ignore_ament_install']
[0.530s] Level 1:colcon.colcon_core.package_identification:_identify(.) by extension 'ignore'
[0.530s] Level 1:colcon.colcon_core.package_identification:_identify(.) by extension 'ignore_ament_install'
[0.530s] Level 1:colcon.colcon_core.package_identification:_identify(.) by extensions ['colcon_pkg']
[0.530s] Level 1:colcon.colcon_core.package_identification:_identify(.) by extension 'colcon_pkg'
[0.530s] Level 1:colcon.colcon_core.package_identification:_identify(.) by extensions ['colcon_meta']
[0.530s] Level 1:colcon.colcon_core.package_identification:_identify(.) by extension 'colcon_meta'
[0.530s] Level 1:colcon.colcon_core.package_identification:_identify(.) by extensions ['ros']
[0.530s] Level 1:colcon.colcon_core.package_identification:_identify(.) by extension 'ros'
[0.567s] Level 1:colcon.colcon_core.package_identification:_identify(.) by extensions ['cmake', 'python']
[0.567s] Level 1:colcon.colcon_core.package_identification:_identify(.) by extension 'cmake'
[0.568s] Level 1:colcon.colcon_core.package_identification:_identify(.) by extension 'python'
[0.568s] Level 1:colcon.colcon_core.package_identification:_identify(.) by extensions ['python_setup_py']
[0.568s] Level 1:colcon.colcon_core.package_identification:_identify(.) by extension 'python_setup_py'
[0.568s] Level 1:colcon.colcon_core.package_identification:_identify(build) by extensions ['ignore', 'ignore_ament_install']
[0.568s] Level 1:colcon.colcon_core.package_identification:_identify(build) by extension 'ignore'
[0.568s] Level 1:colcon.colcon_core.package_identification:_identify(build) ignored
[0.568s] Level 1:colcon.colcon_core.package_identification:_identify(install) by extensions ['ignore', 'ignore_ament_install']
[0.568s] Level 1:colcon.colcon_core.package_identification:_identify(install) by extension 'ignore'
[0.568s] Level 1:colcon.colcon_core.package_identification:_identify(install) ignored
[0.568s] Level 1:colcon.colcon_core.package_identification:_identify(log) by extensions ['ignore', 'ignore_ament_install']
[0.568s] Level 1:colcon.colcon_core.package_identification:_identify(log) by extension 'ignore'
[0.568s] Level 1:colcon.colcon_core.package_identification:_identify(log) ignored
[0.569s] Level 1:colcon.colcon_core.package_identification:_identify(src) by extensions ['ignore', 'ignore_ament_install']
[0.569s] Level 1:colcon.colcon_core.package_identification:_identify(src) by extension 'ignore'
[0.569s] Level 1:colcon.colcon_core.package_identification:_identify(src) by extension 'ignore_ament_install'
[0.569s] Level 1:colcon.colcon_core.package_identification:_identify(src) by extensions ['colcon_pkg']
[0.569s] Level 1:colcon.colcon_core.package_identification:_identify(src) by extension 'colcon_pkg'
[0.569s] Level 1:colcon.colcon_core.package_identification:_identify(src) by extensions ['colcon_meta']
[0.569s] Level 1:colcon.colcon_core.package_identification:_identify(src) by extension 'colcon_meta'
[0.569s] Level 1:colcon.colcon_core.package_identification:_identify(src) by extensions ['ros']
[0.569s] Level 1:colcon.colcon_core.package_identification:_identify(src) by extension 'ros'
[0.569s] Level 1:colcon.colcon_core.package_identification:_identify(src) by extensions ['cmake', 'python']
[0.569s] Level 1:colcon.colcon_core.package_identification:_identify(src) by extension 'cmake'
[0.570s] Level 1:colcon.colcon_core.package_identification:_identify(src) by extension 'python'
[0.570s] Level 1:colcon.colcon_core.package_identification:_identify(src) by extensions ['python_setup_py']
[0.570s] Level 1:colcon.colcon_core.package_identification:_identify(src) by extension 'python_setup_py'
[0.570s] Level 1:colcon.colcon_core.package_identification:_identify(src/drone_controls) by extensions ['ignore', 'ignore_ament_install']
[0.570s] Level 1:colcon.colcon_core.package_identification:_identify(src/drone_controls) by extension 'ignore'
[0.570s] Level 1:colcon.colcon_core.package_identification:_identify(src/drone_controls) by extension 'ignore_ament_install'
[0.570s] Level 1:colcon.colcon_core.package_identification:_identify(src/drone_controls) by extensions ['colcon_pkg']
[0.570s] Level 1:colcon.colcon_core.package_identification:_identify(src/drone_controls) by extension 'colcon_pkg'
[0.570s] Level 1:colcon.colcon_core.package_identification:_identify(src/drone_controls) by extensions ['colcon_meta']
[0.570s] Level 1:colcon.colcon_core.package_identification:_identify(src/drone_controls) by extension 'colcon_meta'
[0.570s] Level 1:colcon.colcon_core.package_identification:_identify(src/drone_controls) by extensions ['ros']
[0.570s] Level 1:colcon.colcon_core.package_identification:_identify(src/drone_controls) by extension 'ros'
[0.575s] DEBUG:colcon.colcon_core.package_identification:Package 'src/drone_controls' with type 'ros.ament_python' and name 'drone_controls'
[0.575s] Level 1:colcon.colcon_core.package_identification:_identify(src/px4_msgs) by extensions ['ignore', 'ignore_ament_install']
[0.576s] Level 1:colcon.colcon_core.package_identification:_identify(src/px4_msgs) by extension 'ignore'
[0.576s] Level 1:colcon.colcon_core.package_identification:_identify(src/px4_msgs) by extension 'ignore_ament_install'
[0.576s] Level 1:colcon.colcon_core.package_identification:_identify(src/px4_msgs) by extensions ['colcon_pkg']
[0.576s] Level 1:colcon.colcon_core.package_identification:_identify(src/px4_msgs) by extension 'colcon_pkg'
[0.576s] Level 1:colcon.colcon_core.package_identification:_identify(src/px4_msgs) by extensions ['colcon_meta']
[0.576s] Level 1:colcon.colcon_core.package_identification:_identify(src/px4_msgs) by extension 'colcon_meta'
[0.576s] Level 1:colcon.colcon_core.package_identification:_identify(src/px4_msgs) by extensions ['ros']
[0.576s] Level 1:colcon.colcon_core.package_identification:_identify(src/px4_msgs) by extension 'ros'
[0.577s] DEBUG:colcon.colcon_core.package_identification:Package 'src/px4_msgs' with type 'ros.ament_cmake' and name 'px4_msgs'
[0.577s] Level 1:colcon.colcon_core.package_identification:_identify(src/px4_ros_com) by extensions ['ignore', 'ignore_ament_install']
[0.577s] Level 1:colcon.colcon_core.package_identification:_identify(src/px4_ros_com) by extension 'ignore'
[0.577s] Level 1:colcon.colcon_core.package_identification:_identify(src/px4_ros_com) by extension 'ignore_ament_install'
[0.577s] Level 1:colcon.colcon_core.package_identification:_identify(src/px4_ros_com) by extensions ['colcon_pkg']
[0.577s] Level 1:colcon.colcon_core.package_identification:_identify(src/px4_ros_com) by extension 'colcon_pkg'
[0.577s] Level 1:colcon.colcon_core.package_identification:_identify(src/px4_ros_com) by extensions ['colcon_meta']
[0.577s] Level 1:colcon.colcon_core.package_identification:_identify(src/px4_ros_com) by extension 'colcon_meta'
[0.577s] Level 1:colcon.colcon_core.package_identification:_identify(src/px4_ros_com) by extensions ['ros']
[0.577s] Level 1:colcon.colcon_core.package_identification:_identify(src/px4_ros_com) by extension 'ros'
[0.578s] DEBUG:colcon.colcon_core.package_identification:Package 'src/px4_ros_com' with type 'ros.ament_cmake' and name 'px4_ros_com'
[0.578s] Level 1:colcon.colcon_core.package_discovery:discover_packages(recursive) using defaults
[0.578s] Level 1:colcon.colcon_core.package_discovery:discover_packages(ignore) discover
[0.578s] Level 1:colcon.colcon_core.package_discovery:discover_packages(ignore) using defaults
[0.578s] Level 1:colcon.colcon_core.package_discovery:discover_packages(path) discover
[0.578s] Level 1:colcon.colcon_core.package_discovery:discover_packages(path) using defaults
[0.605s] INFO:colcon.colcon_core.package_selection:Skipping not selected package 'px4_msgs' in 'src/px4_msgs'
[0.605s] INFO:colcon.colcon_core.package_selection:Skipping not selected package 'px4_ros_com' in 'src/px4_ros_com'
[0.606s] Level 1:colcon.colcon_core.package_discovery:discover_packages(prefix_path) check parameters
[0.606s] Level 1:colcon.colcon_core.package_discovery:discover_packages(prefix_path) discover
[0.610s] DEBUG:colcon.colcon_installed_package_information.package_discovery:Found 3 installed packages in /home/joshua_caratao/ros2_ws/install
[0.612s] DEBUG:colcon.colcon_installed_package_information.package_discovery:Found 256 installed packages in /opt/ros/foxy
[0.613s] Level 1:colcon.colcon_core.package_discovery:discover_packages(prefix_path) using defaults
[0.692s] Level 5:colcon.colcon_core.verb:set package 'drone_controls' build argument 'cmake_args' from command line to 'None'
[0.692s] Level 5:colcon.colcon_core.verb:set package 'drone_controls' build argument 'cmake_target' from command line to 'None'
[0.692s] Level 5:colcon.colcon_core.verb:set package 'drone_controls' build argument 'cmake_target_skip_unavailable' from command line to 'False'
[0.692s] Level 5:colcon.colcon_core.verb:set package 'drone_controls' build argument 'cmake_clean_cache' from command line to 'False'
[0.692s] Level 5:colcon.colcon_core.verb:set package 'drone_controls' build argument 'cmake_clean_first' from command line to 'False'
[0.692s] Level 5:colcon.colcon_core.verb:set package 'drone_controls' build argument 'cmake_force_configure' from command line to 'False'
[0.692s] Level 5:colcon.colcon_core.verb:set package 'drone_controls' build argument 'ament_cmake_args' from command line to 'None'
[0.692s] Level 5:colcon.colcon_core.verb:set package 'drone_controls' build argument 'catkin_cmake_args' from command line to 'None'
[0.692s] Level 5:colcon.colcon_core.verb:set package 'drone_controls' build argument 'catkin_skip_building_tests' from command line to 'False'
[0.692s] DEBUG:colcon.colcon_core.verb:Building package 'drone_controls' with the following arguments: {'ament_cmake_args': None, 'build_base': '/home/joshua_caratao/ros2_ws/build/drone_controls', 'catkin_cmake_args': None, 'catkin_skip_building_tests': False, 'cmake_args': None, 'cmake_clean_cache': False, 'cmake_clean_first': False, 'cmake_force_configure': False, 'cmake_target': None, 'cmake_target_skip_unavailable': False, 'install_base': '/home/joshua_caratao/ros2_ws/install/drone_controls', 'merge_install': False, 'path': '/home/joshua_caratao/ros2_ws/src/drone_controls', 'symlink_install': False, 'test_result_base': None}
[0.692s] INFO:colcon.colcon_core.executor:Executing jobs using 'parallel' executor
[0.694s] DEBUG:colcon.colcon_parallel_executor.executor.parallel:run_until_complete
[0.696s] INFO:colcon.colcon_ros.task.ament_python.build:Building ROS package in '/home/joshua_caratao/ros2_ws/src/drone_controls' with build type 'ament_python'
[0.697s] Level 1:colcon.colcon_core.shell:create_environment_hook('drone_controls', 'ament_prefix_path')
[0.700s] INFO:colcon.colcon_core.plugin_system:Skipping extension 'colcon_core.shell.bat': Not used on non-Windows systems
[0.700s] INFO:colcon.colcon_core.shell:Creating environment hook '/home/joshua_caratao/ros2_ws/install/drone_controls/share/drone_controls/hook/ament_prefix_path.ps1'
[0.701s] INFO:colcon.colcon_core.shell:Creating environment descriptor '/home/joshua_caratao/ros2_ws/install/drone_controls/share/drone_controls/hook/ament_prefix_path.dsv'
[0.702s] INFO:colcon.colcon_core.shell:Creating environment hook '/home/joshua_caratao/ros2_ws/install/drone_controls/share/drone_controls/hook/ament_prefix_path.sh'
[0.703s] INFO:colcon.colcon_core.shell:Skip shell extension 'powershell' for command environment: Not usable outside of PowerShell
[0.703s] DEBUG:colcon.colcon_core.shell:Skip shell extension 'dsv' for command environment
[0.943s] INFO:colcon.colcon_core.task.python.build:Building Python package in '/home/joshua_caratao/ros2_ws/src/drone_controls'
[0.943s] INFO:colcon.colcon_core.shell:Skip shell extension 'powershell' for command environment: Not usable outside of PowerShell
[0.943s] DEBUG:colcon.colcon_core.shell:Skip shell extension 'dsv' for command environment
[1.560s] DEBUG:colcon.colcon_core.event_handler.log_command:Invoking command in '/home/joshua_caratao/ros2_ws/src/drone_controls': PYTHONPATH=/home/joshua_caratao/ros2_ws/build/drone_controls/prefix_override:/usr/lib/python3/dist-packages/colcon_core/task/python/colcon_distutils_commands:/home/joshua_caratao/ros2_ws/install/drone_controls/lib/python3.8/site-packages:${PYTHONPATH} /usr/bin/python3 -W ignore:setup.py install is deprecated setup.py egg_info --egg-base ../../build/drone_controls build --build-base /home/joshua_caratao/ros2_ws/build/drone_controls/build install --record /home/joshua_caratao/ros2_ws/build/drone_controls/install.log --install-scripts $base/lib/drone_controls --single-version-externally-managed install_data
[2.044s] DEBUG:colcon.colcon_core.event_handler.log_command:Invoked command in '/home/joshua_caratao/ros2_ws/src/drone_controls' returned '0': PYTHONPATH=/home/joshua_caratao/ros2_ws/build/drone_controls/prefix_override:/usr/lib/python3/dist-packages/colcon_core/task/python/colcon_distutils_commands:/home/joshua_caratao/ros2_ws/install/drone_controls/lib/python3.8/site-packages:${PYTHONPATH} /usr/bin/python3 -W ignore:setup.py install is deprecated setup.py egg_info --egg-base ../../build/drone_controls build --build-base /home/joshua_caratao/ros2_ws/build/drone_controls/build install --record /home/joshua_caratao/ros2_ws/build/drone_controls/install.log --install-scripts $base/lib/drone_controls --single-version-externally-managed install_data
[2.065s] Level 1:colcon.colcon_core.environment:checking '/home/joshua_caratao/ros2_ws/install/drone_controls' for CMake module files
[2.066s] Level 1:colcon.colcon_core.environment:checking '/home/joshua_caratao/ros2_ws/install/drone_controls' for CMake config files
[2.067s] Level 1:colcon.colcon_core.environment:checking '/home/joshua_caratao/ros2_ws/install/drone_controls/lib'
[2.067s] Level 1:colcon.colcon_core.environment:checking '/home/joshua_caratao/ros2_ws/install/drone_controls/bin'
[2.068s] Level 1:colcon.colcon_core.environment:checking '/home/joshua_caratao/ros2_ws/install/drone_controls/lib/pkgconfig/drone_controls.pc'
[2.068s] Level 1:colcon.colcon_core.environment:checking '/home/joshua_caratao/ros2_ws/install/drone_controls/lib/python3.8/site-packages'
[2.068s] Level 1:colcon.colcon_core.shell:create_environment_hook('drone_controls', 'pythonpath')
[2.068s] INFO:colcon.colcon_core.shell:Creating environment hook '/home/joshua_caratao/ros2_ws/install/drone_controls/share/drone_controls/hook/pythonpath.ps1'
[2.069s] INFO:colcon.colcon_core.shell:Creating environment descriptor '/home/joshua_caratao/ros2_ws/install/drone_controls/share/drone_controls/hook/pythonpath.dsv'
[2.069s] INFO:colcon.colcon_core.shell:Creating environment hook '/home/joshua_caratao/ros2_ws/install/drone_controls/share/drone_controls/hook/pythonpath.sh'
[2.070s] Level 1:colcon.colcon_core.environment:checking '/home/joshua_caratao/ros2_ws/install/drone_controls/bin'
[2.070s] Level 1:colcon.colcon_core.environment:create_environment_scripts_only(drone_controls)
[2.071s] INFO:colcon.colcon_core.shell:Creating package script '/home/joshua_caratao/ros2_ws/install/drone_controls/share/drone_controls/package.ps1'
[2.072s] INFO:colcon.colcon_core.shell:Creating package descriptor '/home/joshua_caratao/ros2_ws/install/drone_controls/share/drone_controls/package.dsv'
[2.073s] INFO:colcon.colcon_core.shell:Creating package script '/home/joshua_caratao/ros2_ws/install/drone_controls/share/drone_controls/package.sh'
[2.074s] INFO:colcon.colcon_core.shell:Creating package script '/home/joshua_caratao/ros2_ws/install/drone_controls/share/drone_controls/package.bash'
[2.075s] INFO:colcon.colcon_core.shell:Creating package script '/home/joshua_caratao/ros2_ws/install/drone_controls/share/drone_controls/package.zsh'
[2.076s] Level 1:colcon.colcon_core.environment:create_file_with_runtime_dependencies(/home/joshua_caratao/ros2_ws/install/drone_controls/share/colcon-core/packages/drone_controls)
[2.076s] DEBUG:colcon.colcon_parallel_executor.executor.parallel:closing loop
[2.077s] DEBUG:colcon.colcon_parallel_executor.executor.parallel:loop closed
[2.078s] DEBUG:colcon.colcon_parallel_executor.executor.parallel:run_until_complete finished with '0'
[2.078s] DEBUG:colcon.colcon_core.event_reactor:joining thread
[2.154s] INFO:colcon.colcon_core.plugin_system:Skipping extension 'colcon_notification.desktop_notification.notify_send': Could not find 'notify-send'
[2.154s] INFO:colcon.colcon_core.plugin_system:Skipping extension 'colcon_notification.desktop_notification.terminal_notifier': Not used on non-Darwin systems
[2.154s] INFO:colcon.colcon_core.plugin_system:Skipping extension 'colcon_notification.desktop_notification.win32': Not used on non-Windows systems
[2.154s] INFO:colcon.colcon_notification.desktop_notification:Sending desktop notification using 'notify2'
[2.160s] DEBUG:colcon.colcon_notification.desktop_notification.notify2:Failed to initialize notify2: org.freedesktop.DBus.Error.ServiceUnknown: The name org.freedesktop.Notifications was not provided by any .service files
[2.160s] DEBUG:colcon.colcon_core.event_reactor:joined thread
[2.161s] INFO:colcon.colcon_core.shell:Creating prefix script '/home/joshua_caratao/ros2_ws/install/local_setup.ps1'
[2.162s] INFO:colcon.colcon_core.shell:Creating prefix util module '/home/joshua_caratao/ros2_ws/install/_local_setup_util_ps1.py'
[2.165s] INFO:colcon.colcon_core.shell:Creating prefix chain script '/home/joshua_caratao/ros2_ws/install/setup.ps1'
[2.166s] INFO:colcon.colcon_core.shell:Creating prefix script '/home/joshua_caratao/ros2_ws/install/local_setup.sh'
[2.167s] INFO:colcon.colcon_core.shell:Creating prefix util module '/home/joshua_caratao/ros2_ws/install/_local_setup_util_sh.py'
[2.169s] INFO:colcon.colcon_core.shell:Creating prefix chain script '/home/joshua_caratao/ros2_ws/install/setup.sh'
[2.171s] INFO:colcon.colcon_core.shell:Creating prefix script '/home/joshua_caratao/ros2_ws/install/local_setup.bash'
[2.172s] INFO:colcon.colcon_core.shell:Creating prefix chain script '/home/joshua_caratao/ros2_ws/install/setup.bash'
[2.173s] INFO:colcon.colcon_core.shell:Creating prefix script '/home/joshua_caratao/ros2_ws/install/local_setup.zsh'
[2.174s] INFO:colcon.colcon_core.shell:Creating prefix chain script '/home/joshua_caratao/ros2_ws/install/setup.zsh'
