[0.705s] Invoking command in '/home/joshua_caratao/ros2_ws/build/px4_ros_com': CMAKE_PREFIX_PATH=/home/joshua_caratao/ros2_ws/install/px4_msgs:/home/joshua_caratao/ros2_ws/install/px4_ros_com:/home/joshua_caratao/ros2_ws/install/drone_controls:/opt/ros/foxy LD_LIBRARY_PATH=/home/joshua_caratao/ros2_ws/install/px4_msgs/lib:/home/joshua_caratao/ros2_ws/install/px4_ros_com/lib:/opt/ros/foxy/opt/yaml_cpp_vendor/lib:/opt/ros/foxy/opt/rviz_ogre_vendor/lib:/opt/ros/foxy/lib/x86_64-linux-gnu:/opt/ros/foxy/lib:/home/joshua_caratao/PX4-Autopilot/build/px4_sitl_default/build_gazebo-classic:/home/joshua_caratao/PX4-Autopilot/build/px4_sitl_default/build_gazebo-classic PYTHONPATH=/home/joshua_caratao/ros2_ws/install/px4_msgs/lib/python3.8/site-packages:/home/joshua_caratao/ros2_ws/install/px4_ros_com/lib/python3.8/site-packages:/home/joshua_caratao/ros2_ws/install/drone_controls/lib/python3.8/site-packages:/opt/ros/foxy/lib/python3.8/site-packages /home/joshua_caratao/cmake-3.27.6/bin/cmake --build /home/joshua_caratao/ros2_ws/build/px4_ros_com -- -j16 -l16
[0.784s] [ 16%] Built target frame_transforms
[0.786s] [ 41%] Built target sensor_combined_listener
[0.787s] [ 50%] Built target vehicle_gps_position_listener
[0.788s] [ 66%] Built target debug_vect_advertiser
[0.789s] [100%] Built target offboard_control
[0.789s] [100%] Built target offboard_control_srv
[0.804s] Invoked command in '/home/joshua_caratao/ros2_ws/build/px4_ros_com' returned '0': CMAKE_PREFIX_PATH=/home/joshua_caratao/ros2_ws/install/px4_msgs:/home/joshua_caratao/ros2_ws/install/px4_ros_com:/home/joshua_caratao/ros2_ws/install/drone_controls:/opt/ros/foxy LD_LIBRARY_PATH=/home/joshua_caratao/ros2_ws/install/px4_msgs/lib:/home/joshua_caratao/ros2_ws/install/px4_ros_com/lib:/opt/ros/foxy/opt/yaml_cpp_vendor/lib:/opt/ros/foxy/opt/rviz_ogre_vendor/lib:/opt/ros/foxy/lib/x86_64-linux-gnu:/opt/ros/foxy/lib:/home/joshua_caratao/PX4-Autopilot/build/px4_sitl_default/build_gazebo-classic:/home/joshua_caratao/PX4-Autopilot/build/px4_sitl_default/build_gazebo-classic PYTHONPATH=/home/joshua_caratao/ros2_ws/install/px4_msgs/lib/python3.8/site-packages:/home/joshua_caratao/ros2_ws/install/px4_ros_com/lib/python3.8/site-packages:/home/joshua_caratao/ros2_ws/install/drone_controls/lib/python3.8/site-packages:/opt/ros/foxy/lib/python3.8/site-packages /home/joshua_caratao/cmake-3.27.6/bin/cmake --build /home/joshua_caratao/ros2_ws/build/px4_ros_com -- -j16 -l16
[0.920s] Invoking command in '/home/joshua_caratao/ros2_ws/build/px4_ros_com': CMAKE_PREFIX_PATH=/home/joshua_caratao/ros2_ws/install/px4_msgs:/home/joshua_caratao/ros2_ws/install/px4_ros_com:/home/joshua_caratao/ros2_ws/install/drone_controls:/opt/ros/foxy LD_LIBRARY_PATH=/home/joshua_caratao/ros2_ws/install/px4_msgs/lib:/home/joshua_caratao/ros2_ws/install/px4_ros_com/lib:/opt/ros/foxy/opt/yaml_cpp_vendor/lib:/opt/ros/foxy/opt/rviz_ogre_vendor/lib:/opt/ros/foxy/lib/x86_64-linux-gnu:/opt/ros/foxy/lib:/home/joshua_caratao/PX4-Autopilot/build/px4_sitl_default/build_gazebo-classic:/home/joshua_caratao/PX4-Autopilot/build/px4_sitl_default/build_gazebo-classic PYTHONPATH=/home/joshua_caratao/ros2_ws/install/px4_msgs/lib/python3.8/site-packages:/home/joshua_caratao/ros2_ws/install/px4_ros_com/lib/python3.8/site-packages:/home/joshua_caratao/ros2_ws/install/drone_controls/lib/python3.8/site-packages:/opt/ros/foxy/lib/python3.8/site-packages /home/joshua_caratao/cmake-3.27.6/bin/cmake --install /home/joshua_caratao/ros2_ws/build/px4_ros_com
[0.927s] -- Install configuration: ""
[0.930s] -- Up-to-date: /home/joshua_caratao/ros2_ws/install/px4_ros_com/lib/px4_ros_com/sensor_combined_listener
[0.933s] -- Up-to-date: /home/joshua_caratao/ros2_ws/install/px4_ros_com/lib/px4_ros_com/vehicle_gps_position_listener
[0.937s] -- Up-to-date: /home/joshua_caratao/ros2_ws/install/px4_ros_com/lib/px4_ros_com/debug_vect_advertiser
[0.940s] -- Up-to-date: /home/joshua_caratao/ros2_ws/install/px4_ros_com/lib/px4_ros_com/offboard_control
[0.943s] -- Up-to-date: /home/joshua_caratao/ros2_ws/install/px4_ros_com/lib/px4_ros_com/offboard_control_srv
[0.944s] -- Up-to-date: /home/joshua_caratao/ros2_ws/install/px4_ros_com/share/px4_ros_com/environment/library_path.sh
[0.945s] -- Up-to-date: /home/joshua_caratao/ros2_ws/install/px4_ros_com/share/px4_ros_com/environment/library_path.dsv
[0.945s] -- Up-to-date: /home/joshua_caratao/ros2_ws/install/px4_ros_com/include/px4_ros_com
[0.946s] -- Up-to-date: /home/joshua_caratao/ros2_ws/install/px4_ros_com/include/px4_ros_com/frame_transforms.h
[0.948s] -- Up-to-date: /home/joshua_caratao/ros2_ws/install/px4_ros_com/lib/libframe_transforms.so
[0.949s] -- Up-to-date: /home/joshua_caratao/ros2_ws/install/px4_ros_com/share/px4_ros_com//launch
[0.951s] -- Up-to-date: /home/joshua_caratao/ros2_ws/install/px4_ros_com/share/px4_ros_com//launch/offboard_control_launch.yaml
[0.952s] -- Up-to-date: /home/joshua_caratao/ros2_ws/install/px4_ros_com/share/px4_ros_com//launch/sensor_combined_listener.launch.py
[0.953s] -- Up-to-date: /home/joshua_caratao/ros2_ws/install/px4_ros_com/share/px4_ros_com//test
[0.954s] -- Up-to-date: /home/joshua_caratao/ros2_ws/install/px4_ros_com/share/px4_ros_com//test/__init__.py
[0.954s] -- Up-to-date: /home/joshua_caratao/ros2_ws/install/px4_ros_com/share/px4_ros_com//test/test_output.py
[0.954s] -- Up-to-date: /home/joshua_caratao/ros2_ws/install/px4_ros_com/share/px4_ros_com//test/pipeline_io_test.py
[0.954s] -- Up-to-date: /home/joshua_caratao/ros2_ws/install/px4_ros_com/share/px4_ros_com//test/test_input.py
[0.954s] -- Up-to-date: /home/joshua_caratao/ros2_ws/install/px4_ros_com/share/px4_ros_com/environment/pythonpath.sh
[0.954s] -- Up-to-date: /home/joshua_caratao/ros2_ws/install/px4_ros_com/share/px4_ros_com/environment/pythonpath.dsv
[0.954s] -- Up-to-date: /home/joshua_caratao/ros2_ws/install/px4_ros_com/lib/python3.8/site-packages/px4_ros_com
[0.955s] -- Up-to-date: /home/joshua_caratao/ros2_ws/install/px4_ros_com/lib/python3.8/site-packages/px4_ros_com/module_to_import.py
[0.955s] -- Up-to-date: /home/joshua_caratao/ros2_ws/install/px4_ros_com/lib/python3.8/site-packages/px4_ros_com/__init__.py
[1.034s] Listing '/home/joshua_caratao/ros2_ws/install/px4_ros_com/lib/python3.8/site-packages/px4_ros_com'...
[1.047s] -- Up-to-date: /home/joshua_caratao/ros2_ws/install/px4_ros_com/lib/px4_ros_com/offboard_control.py
[1.048s] -- Up-to-date: /home/joshua_caratao/ros2_ws/install/px4_ros_com/share/ament_index/resource_index/package_run_dependencies/px4_ros_com
[1.049s] -- Up-to-date: /home/joshua_caratao/ros2_ws/install/px4_ros_com/share/ament_index/resource_index/parent_prefix_path/px4_ros_com
[1.049s] -- Up-to-date: /home/joshua_caratao/ros2_ws/install/px4_ros_com/share/px4_ros_com/environment/ament_prefix_path.sh
[1.050s] -- Up-to-date: /home/joshua_caratao/ros2_ws/install/px4_ros_com/share/px4_ros_com/environment/ament_prefix_path.dsv
[1.050s] -- Up-to-date: /home/joshua_caratao/ros2_ws/install/px4_ros_com/share/px4_ros_com/environment/path.sh
[1.050s] -- Up-to-date: /home/joshua_caratao/ros2_ws/install/px4_ros_com/share/px4_ros_com/environment/path.dsv
[1.050s] -- Up-to-date: /home/joshua_caratao/ros2_ws/install/px4_ros_com/share/px4_ros_com/local_setup.bash
[1.050s] -- Up-to-date: /home/joshua_caratao/ros2_ws/install/px4_ros_com/share/px4_ros_com/local_setup.sh
[1.050s] -- Up-to-date: /home/joshua_caratao/ros2_ws/install/px4_ros_com/share/px4_ros_com/local_setup.zsh
[1.051s] -- Up-to-date: /home/joshua_caratao/ros2_ws/install/px4_ros_com/share/px4_ros_com/local_setup.dsv
[1.051s] -- Installing: /home/joshua_caratao/ros2_ws/install/px4_ros_com/share/px4_ros_com/package.dsv
[1.052s] -- Up-to-date: /home/joshua_caratao/ros2_ws/install/px4_ros_com/share/ament_index/resource_index/packages/px4_ros_com
[1.054s] -- Up-to-date: /home/joshua_caratao/ros2_ws/install/px4_ros_com/share/px4_ros_com/cmake/export_frame_transformsExport.cmake
[1.055s] -- Up-to-date: /home/joshua_caratao/ros2_ws/install/px4_ros_com/share/px4_ros_com/cmake/export_frame_transformsExport-noconfig.cmake
[1.056s] -- Up-to-date: /home/joshua_caratao/ros2_ws/install/px4_ros_com/share/px4_ros_com/cmake/ament_cmake_export_dependencies-extras.cmake
[1.057s] -- Up-to-date: /home/joshua_caratao/ros2_ws/install/px4_ros_com/share/px4_ros_com/cmake/ament_cmake_export_targets-extras.cmake
[1.057s] -- Up-to-date: /home/joshua_caratao/ros2_ws/install/px4_ros_com/share/px4_ros_com/cmake/ament_cmake_export_include_directories-extras.cmake
[1.058s] -- Up-to-date: /home/joshua_caratao/ros2_ws/install/px4_ros_com/share/px4_ros_com/cmake/ament_cmake_export_libraries-extras.cmake
[1.058s] -- Up-to-date: /home/joshua_caratao/ros2_ws/install/px4_ros_com/share/px4_ros_com/cmake/px4_ros_comConfig.cmake
[1.058s] -- Up-to-date: /home/joshua_caratao/ros2_ws/install/px4_ros_com/share/px4_ros_com/cmake/px4_ros_comConfig-version.cmake
[1.059s] -- Up-to-date: /home/joshua_caratao/ros2_ws/install/px4_ros_com/share/px4_ros_com/package.xml
[1.062s] Invoked command in '/home/joshua_caratao/ros2_ws/build/px4_ros_com' returned '0': CMAKE_PREFIX_PATH=/home/joshua_caratao/ros2_ws/install/px4_msgs:/home/joshua_caratao/ros2_ws/install/px4_ros_com:/home/joshua_caratao/ros2_ws/install/drone_controls:/opt/ros/foxy LD_LIBRARY_PATH=/home/joshua_caratao/ros2_ws/install/px4_msgs/lib:/home/joshua_caratao/ros2_ws/install/px4_ros_com/lib:/opt/ros/foxy/opt/yaml_cpp_vendor/lib:/opt/ros/foxy/opt/rviz_ogre_vendor/lib:/opt/ros/foxy/lib/x86_64-linux-gnu:/opt/ros/foxy/lib:/home/joshua_caratao/PX4-Autopilot/build/px4_sitl_default/build_gazebo-classic:/home/joshua_caratao/PX4-Autopilot/build/px4_sitl_default/build_gazebo-classic PYTHONPATH=/home/joshua_caratao/ros2_ws/install/px4_msgs/lib/python3.8/site-packages:/home/joshua_caratao/ros2_ws/install/px4_ros_com/lib/python3.8/site-packages:/home/joshua_caratao/ros2_ws/install/drone_controls/lib/python3.8/site-packages:/opt/ros/foxy/lib/python3.8/site-packages /home/joshua_caratao/cmake-3.27.6/bin/cmake --install /home/joshua_caratao/ros2_ws/build/px4_ros_com
