[0.322s] Invoking command in '/home/joshua_caratao/ros2_ws/build/px4_ros_com': AMENT_PREFIX_PATH=/home/joshua_caratao/ros2_ws/install/px4_msgs:${AMENT_PREFIX_PATH} CMAKE_PREFIX_PATH=/home/joshua_caratao/ros2_ws/install/px4_msgs:/opt/ros/foxy LD_LIBRARY_PATH=/home/joshua_caratao/ros2_ws/install/px4_msgs/lib:/opt/ros/foxy/opt/yaml_cpp_vendor/lib:/opt/ros/foxy/opt/rviz_ogre_vendor/lib:/opt/ros/foxy/lib/x86_64-linux-gnu:/opt/ros/foxy/lib:/home/joshua_caratao/PX4-Autopilot/build/px4_sitl_default/build_gazebo-classic PYTHONPATH=/home/joshua_caratao/ros2_ws/install/px4_msgs/lib/python3.8/site-packages:${PYTHONPATH} /home/joshua_caratao/cmake-3.27.6/bin/cmake --build /home/joshua_caratao/ros2_ws/build/px4_ros_com -- -j16 -l16
[0.388s] [ 16%] Built target frame_transforms
[0.412s] [ 66%] Built target debug_vect_advertiser
[0.412s] [ 66%] Built target sensor_combined_listener
[0.412s] [ 66%] Built target vehicle_gps_position_listener
[0.412s] [ 83%] Built target offboard_control
[0.412s] [100%] Built target offboard_control_srv
[0.418s] Invoked command in '/home/joshua_caratao/ros2_ws/build/px4_ros_com' returned '0': AMENT_PREFIX_PATH=/home/joshua_caratao/ros2_ws/install/px4_msgs:${AMENT_PREFIX_PATH} CMAKE_PREFIX_PATH=/home/joshua_caratao/ros2_ws/install/px4_msgs:/opt/ros/foxy LD_LIBRARY_PATH=/home/joshua_caratao/ros2_ws/install/px4_msgs/lib:/opt/ros/foxy/opt/yaml_cpp_vendor/lib:/opt/ros/foxy/opt/rviz_ogre_vendor/lib:/opt/ros/foxy/lib/x86_64-linux-gnu:/opt/ros/foxy/lib:/home/joshua_caratao/PX4-Autopilot/build/px4_sitl_default/build_gazebo-classic PYTHONPATH=/home/joshua_caratao/ros2_ws/install/px4_msgs/lib/python3.8/site-packages:${PYTHONPATH} /home/joshua_caratao/cmake-3.27.6/bin/cmake --build /home/joshua_caratao/ros2_ws/build/px4_ros_com -- -j16 -l16
[0.464s] Invoking command in '/home/joshua_caratao/ros2_ws/build/px4_ros_com': AMENT_PREFIX_PATH=/home/joshua_caratao/ros2_ws/install/px4_msgs:${AMENT_PREFIX_PATH} CMAKE_PREFIX_PATH=/home/joshua_caratao/ros2_ws/install/px4_msgs:/opt/ros/foxy LD_LIBRARY_PATH=/home/joshua_caratao/ros2_ws/install/px4_msgs/lib:/opt/ros/foxy/opt/yaml_cpp_vendor/lib:/opt/ros/foxy/opt/rviz_ogre_vendor/lib:/opt/ros/foxy/lib/x86_64-linux-gnu:/opt/ros/foxy/lib:/home/joshua_caratao/PX4-Autopilot/build/px4_sitl_default/build_gazebo-classic PYTHONPATH=/home/joshua_caratao/ros2_ws/install/px4_msgs/lib/python3.8/site-packages:${PYTHONPATH} /home/joshua_caratao/cmake-3.27.6/bin/cmake --install /home/joshua_caratao/ros2_ws/build/px4_ros_com
[0.468s] -- Install configuration: ""
[0.471s] -- Up-to-date: /home/joshua_caratao/ros2_ws/install/px4_ros_com/lib/px4_ros_com/sensor_combined_listener
[0.472s] -- Up-to-date: /home/joshua_caratao/ros2_ws/install/px4_ros_com/lib/px4_ros_com/vehicle_gps_position_listener
[0.474s] -- Up-to-date: /home/joshua_caratao/ros2_ws/install/px4_ros_com/lib/px4_ros_com/debug_vect_advertiser
[0.475s] -- Up-to-date: /home/joshua_caratao/ros2_ws/install/px4_ros_com/lib/px4_ros_com/offboard_control
[0.477s] -- Up-to-date: /home/joshua_caratao/ros2_ws/install/px4_ros_com/lib/px4_ros_com/offboard_control_srv
[0.478s] -- Up-to-date: /home/joshua_caratao/ros2_ws/install/px4_ros_com/share/px4_ros_com/environment/library_path.sh
[0.479s] -- Up-to-date: /home/joshua_caratao/ros2_ws/install/px4_ros_com/share/px4_ros_com/environment/library_path.dsv
[0.479s] -- Up-to-date: /home/joshua_caratao/ros2_ws/install/px4_ros_com/include/px4_ros_com
[0.479s] -- Up-to-date: /home/joshua_caratao/ros2_ws/install/px4_ros_com/include/px4_ros_com/frame_transforms.h
[0.481s] -- Up-to-date: /home/joshua_caratao/ros2_ws/install/px4_ros_com/lib/libframe_transforms.so
[0.481s] -- Up-to-date: /home/joshua_caratao/ros2_ws/install/px4_ros_com/share/px4_ros_com//launch
[0.483s] -- Up-to-date: /home/joshua_caratao/ros2_ws/install/px4_ros_com/share/px4_ros_com//launch/offboard_control_launch.yaml
[0.483s] -- Up-to-date: /home/joshua_caratao/ros2_ws/install/px4_ros_com/share/px4_ros_com//launch/sensor_combined_listener.launch.py
[0.483s] -- Up-to-date: /home/joshua_caratao/ros2_ws/install/px4_ros_com/share/px4_ros_com//test
[0.484s] -- Up-to-date: /home/joshua_caratao/ros2_ws/install/px4_ros_com/share/px4_ros_com//test/__init__.py
[0.484s] -- Up-to-date: /home/joshua_caratao/ros2_ws/install/px4_ros_com/share/px4_ros_com//test/test_output.py
[0.484s] -- Up-to-date: /home/joshua_caratao/ros2_ws/install/px4_ros_com/share/px4_ros_com//test/pipeline_io_test.py
[0.484s] -- Up-to-date: /home/joshua_caratao/ros2_ws/install/px4_ros_com/share/px4_ros_com//test/test_input.py
[0.485s] -- Up-to-date: /home/joshua_caratao/ros2_ws/install/px4_ros_com/share/px4_ros_com/environment/pythonpath.sh
[0.485s] -- Up-to-date: /home/joshua_caratao/ros2_ws/install/px4_ros_com/share/px4_ros_com/environment/pythonpath.dsv
[0.485s] -- Up-to-date: /home/joshua_caratao/ros2_ws/install/px4_ros_com/lib/python3.8/site-packages/px4_ros_com
[0.486s] -- Up-to-date: /home/joshua_caratao/ros2_ws/install/px4_ros_com/lib/python3.8/site-packages/px4_ros_com/module_to_import.py
[0.486s] -- Up-to-date: /home/joshua_caratao/ros2_ws/install/px4_ros_com/lib/python3.8/site-packages/px4_ros_com/__init__.py
[0.525s] Listing '/home/joshua_caratao/ros2_ws/install/px4_ros_com/lib/python3.8/site-packages/px4_ros_com'...
[0.536s] -- Up-to-date: /home/joshua_caratao/ros2_ws/install/px4_ros_com/lib/px4_ros_com/offboard_control.py
[0.537s] -- Up-to-date: /home/joshua_caratao/ros2_ws/install/px4_ros_com/share/ament_index/resource_index/package_run_dependencies/px4_ros_com
[0.537s] -- Up-to-date: /home/joshua_caratao/ros2_ws/install/px4_ros_com/share/ament_index/resource_index/parent_prefix_path/px4_ros_com
[0.538s] -- Up-to-date: /home/joshua_caratao/ros2_ws/install/px4_ros_com/share/px4_ros_com/environment/ament_prefix_path.sh
[0.538s] -- Up-to-date: /home/joshua_caratao/ros2_ws/install/px4_ros_com/share/px4_ros_com/environment/ament_prefix_path.dsv
[0.538s] -- Up-to-date: /home/joshua_caratao/ros2_ws/install/px4_ros_com/share/px4_ros_com/environment/path.sh
[0.538s] -- Up-to-date: /home/joshua_caratao/ros2_ws/install/px4_ros_com/share/px4_ros_com/environment/path.dsv
[0.538s] -- Up-to-date: /home/joshua_caratao/ros2_ws/install/px4_ros_com/share/px4_ros_com/local_setup.bash
[0.539s] -- Up-to-date: /home/joshua_caratao/ros2_ws/install/px4_ros_com/share/px4_ros_com/local_setup.sh
[0.539s] -- Up-to-date: /home/joshua_caratao/ros2_ws/install/px4_ros_com/share/px4_ros_com/local_setup.zsh
[0.539s] -- Up-to-date: /home/joshua_caratao/ros2_ws/install/px4_ros_com/share/px4_ros_com/local_setup.dsv
[0.539s] -- Installing: /home/joshua_caratao/ros2_ws/install/px4_ros_com/share/px4_ros_com/package.dsv
[0.539s] -- Up-to-date: /home/joshua_caratao/ros2_ws/install/px4_ros_com/share/ament_index/resource_index/packages/px4_ros_com
[0.542s] -- Up-to-date: /home/joshua_caratao/ros2_ws/install/px4_ros_com/share/px4_ros_com/cmake/export_frame_transformsExport.cmake
[0.542s] -- Up-to-date: /home/joshua_caratao/ros2_ws/install/px4_ros_com/share/px4_ros_com/cmake/export_frame_transformsExport-noconfig.cmake
[0.543s] -- Up-to-date: /home/joshua_caratao/ros2_ws/install/px4_ros_com/share/px4_ros_com/cmake/ament_cmake_export_dependencies-extras.cmake
[0.543s] -- Up-to-date: /home/joshua_caratao/ros2_ws/install/px4_ros_com/share/px4_ros_com/cmake/ament_cmake_export_targets-extras.cmake
[0.543s] -- Up-to-date: /home/joshua_caratao/ros2_ws/install/px4_ros_com/share/px4_ros_com/cmake/ament_cmake_export_include_directories-extras.cmake
[0.543s] -- Up-to-date: /home/joshua_caratao/ros2_ws/install/px4_ros_com/share/px4_ros_com/cmake/ament_cmake_export_libraries-extras.cmake
[0.543s] -- Up-to-date: /home/joshua_caratao/ros2_ws/install/px4_ros_com/share/px4_ros_com/cmake/px4_ros_comConfig.cmake
[0.543s] -- Up-to-date: /home/joshua_caratao/ros2_ws/install/px4_ros_com/share/px4_ros_com/cmake/px4_ros_comConfig-version.cmake
[0.543s] -- Up-to-date: /home/joshua_caratao/ros2_ws/install/px4_ros_com/share/px4_ros_com/package.xml
[0.545s] Invoked command in '/home/joshua_caratao/ros2_ws/build/px4_ros_com' returned '0': AMENT_PREFIX_PATH=/home/joshua_caratao/ros2_ws/install/px4_msgs:${AMENT_PREFIX_PATH} CMAKE_PREFIX_PATH=/home/joshua_caratao/ros2_ws/install/px4_msgs:/opt/ros/foxy LD_LIBRARY_PATH=/home/joshua_caratao/ros2_ws/install/px4_msgs/lib:/opt/ros/foxy/opt/yaml_cpp_vendor/lib:/opt/ros/foxy/opt/rviz_ogre_vendor/lib:/opt/ros/foxy/lib/x86_64-linux-gnu:/opt/ros/foxy/lib:/home/joshua_caratao/PX4-Autopilot/build/px4_sitl_default/build_gazebo-classic PYTHONPATH=/home/joshua_caratao/ros2_ws/install/px4_msgs/lib/python3.8/site-packages:${PYTHONPATH} /home/joshua_caratao/cmake-3.27.6/bin/cmake --install /home/joshua_caratao/ros2_ws/build/px4_ros_com
