[1.301s] Invoking command in '/home/joshua_caratao/ros2_ws/src/drone_controls': PYTHONPATH=/home/joshua_caratao/ros2_ws/build/drone_controls/prefix_override:/usr/lib/python3/dist-packages/colcon_core/task/python/colcon_distutils_commands:/home/joshua_caratao/ros2_ws/install/drone_controls/lib/python3.8/site-packages:${PYTHONPATH} /usr/bin/python3 -W ignore:setup.py install is deprecated setup.py egg_info --egg-base ../../build/drone_controls build --build-base /home/joshua_caratao/ros2_ws/build/drone_controls/build install --record /home/joshua_caratao/ros2_ws/build/drone_controls/install.log --install-scripts $base/lib/drone_controls --single-version-externally-managed install_data
[1.487s] /home/joshua_caratao/.local/lib/python3.8/site-packages/setuptools/dist.py:452: SetuptoolsDeprecationWarning: Invalid dash-separated options
[1.487s] !!
[1.487s] 
[1.487s]         ********************************************************************************
[1.487s]         Usage of dash-separated 'script-dir' will not be supported in future
[1.487s]         versions. Please use the underscore name 'script_dir' instead.
[1.487s] 
[1.488s]         This deprecation is overdue, please update your project and remove deprecated
[1.488s]         calls to avoid build errors in the future.
[1.488s] 
[1.488s]         See https://setuptools.pypa.io/en/latest/userguide/declarative_config.html for details.
[1.488s]         ********************************************************************************
[1.488s] 
[1.488s] !!
[1.488s]   opt = self.warn_dash_deprecation(opt, section)
[1.504s] /home/joshua_caratao/.local/lib/python3.8/site-packages/setuptools/_distutils/dist.py:261: UserWarning: Unknown distribution option: 'tests_require'
[1.504s]   warnings.warn(msg)
[1.640s] running egg_info
[1.658s] writing ../../build/drone_controls/drone_controls.egg-info/PKG-INFO
[1.659s] writing dependency_links to ../../build/drone_controls/drone_controls.egg-info/dependency_links.txt
[1.660s] writing entry points to ../../build/drone_controls/drone_controls.egg-info/entry_points.txt
[1.661s] writing requirements to ../../build/drone_controls/drone_controls.egg-info/requires.txt
[1.661s] writing top-level names to ../../build/drone_controls/drone_controls.egg-info/top_level.txt
[1.787s] reading manifest file '../../build/drone_controls/drone_controls.egg-info/SOURCES.txt'
[1.788s] writing manifest file '../../build/drone_controls/drone_controls.egg-info/SOURCES.txt'
[1.789s] running build
[1.789s] running build_py
[1.790s] copying drone_controls/take_off_sim.py -> /home/joshua_caratao/ros2_ws/build/drone_controls/build/lib/drone_controls
[1.791s] copying drone_controls/__init__.py -> /home/joshua_caratao/ros2_ws/build/drone_controls/build/lib/drone_controls
[1.791s] running install
[1.799s] running install_lib
[1.817s] copying /home/joshua_caratao/ros2_ws/build/drone_controls/build/lib/drone_controls/take_off_sim.py -> /home/joshua_caratao/ros2_ws/install/drone_controls/lib/python3.8/site-packages/drone_controls
[1.818s] byte-compiling /home/joshua_caratao/ros2_ws/install/drone_controls/lib/python3.8/site-packages/drone_controls/take_off_sim.py to take_off_sim.cpython-38.pyc
[1.820s] running install_data
[1.823s] running install_egg_info
[1.839s] removing '/home/joshua_caratao/ros2_ws/install/drone_controls/lib/python3.8/site-packages/drone_controls-0.0.0-py3.8.egg-info' (and everything under it)
[1.839s] Copying ../../build/drone_controls/drone_controls.egg-info to /home/joshua_caratao/ros2_ws/install/drone_controls/lib/python3.8/site-packages/drone_controls-0.0.0-py3.8.egg-info
[1.841s] running install_scripts
[1.881s] Installing take_off_sim script to /home/joshua_caratao/ros2_ws/install/drone_controls/lib/drone_controls
[1.882s] writing list of installed files to '/home/joshua_caratao/ros2_ws/build/drone_controls/install.log'
[1.932s] Invoked command in '/home/joshua_caratao/ros2_ws/src/drone_controls' returned '0': PYTHONPATH=/home/joshua_caratao/ros2_ws/build/drone_controls/prefix_override:/usr/lib/python3/dist-packages/colcon_core/task/python/colcon_distutils_commands:/home/joshua_caratao/ros2_ws/install/drone_controls/lib/python3.8/site-packages:${PYTHONPATH} /usr/bin/python3 -W ignore:setup.py install is deprecated setup.py egg_info --egg-base ../../build/drone_controls build --build-base /home/joshua_caratao/ros2_ws/build/drone_controls/build install --record /home/joshua_caratao/ros2_ws/build/drone_controls/install.log --install-scripts $base/lib/drone_controls --single-version-externally-managed install_data
