[0.734s] Invoking command in '/home/joshua_caratao/ros2_ws/build/px4_ros_com': CMAKE_PREFIX_PATH=/home/joshua_caratao/ros2_ws/install/px4_msgs:/home/joshua_caratao/ros2_ws/install/px4_ros_com:/home/joshua_caratao/ros2_ws/install/drone_controls:/opt/ros/foxy LD_LIBRARY_PATH=/home/joshua_caratao/ros2_ws/install/px4_msgs/lib:/home/joshua_caratao/ros2_ws/install/px4_ros_com/lib:/opt/ros/foxy/opt/yaml_cpp_vendor/lib:/opt/ros/foxy/opt/rviz_ogre_vendor/lib:/opt/ros/foxy/lib/x86_64-linux-gnu:/opt/ros/foxy/lib:/home/joshua_caratao/PX4-Autopilot/build/px4_sitl_default/build_gazebo-classic:/home/joshua_caratao/PX4-Autopilot/build/px4_sitl_default/build_gazebo-classic PYTHONPATH=/home/joshua_caratao/ros2_ws/install/px4_msgs/lib/python3.8/site-packages:/home/joshua_caratao/ros2_ws/install/px4_ros_com/lib/python3.8/site-packages:/home/joshua_caratao/ros2_ws/install/drone_controls/lib/python3.8/site-packages:/opt/ros/foxy/lib/python3.8/site-packages /home/joshua_caratao/cmake-3.27.6/bin/cmake --build /home/joshua_caratao/ros2_ws/build/px4_ros_com -- -j16 -l16
[0.810s] [ 16%] Built target vehicle_gps_position_listener
[0.810s] [ 33%] Built target sensor_combined_listener
[0.813s] [ 50%] Built target frame_transforms
[0.815s] [ 66%] Built target debug_vect_advertiser
[0.816s] [ 83%] Built target offboard_control
[0.818s] [100%] Built target offboard_control_srv
[0.831s] Invoked command in '/home/joshua_caratao/ros2_ws/build/px4_ros_com' returned '0': CMAKE_PREFIX_PATH=/home/joshua_caratao/ros2_ws/install/px4_msgs:/home/joshua_caratao/ros2_ws/install/px4_ros_com:/home/joshua_caratao/ros2_ws/install/drone_controls:/opt/ros/foxy LD_LIBRARY_PATH=/home/joshua_caratao/ros2_ws/install/px4_msgs/lib:/home/joshua_caratao/ros2_ws/install/px4_ros_com/lib:/opt/ros/foxy/opt/yaml_cpp_vendor/lib:/opt/ros/foxy/opt/rviz_ogre_vendor/lib:/opt/ros/foxy/lib/x86_64-linux-gnu:/opt/ros/foxy/lib:/home/joshua_caratao/PX4-Autopilot/build/px4_sitl_default/build_gazebo-classic:/home/joshua_caratao/PX4-Autopilot/build/px4_sitl_default/build_gazebo-classic PYTHONPATH=/home/joshua_caratao/ros2_ws/install/px4_msgs/lib/python3.8/site-packages:/home/joshua_caratao/ros2_ws/install/px4_ros_com/lib/python3.8/site-packages:/home/joshua_caratao/ros2_ws/install/drone_controls/lib/python3.8/site-packages:/opt/ros/foxy/lib/python3.8/site-packages /home/joshua_caratao/cmake-3.27.6/bin/cmake --build /home/joshua_caratao/ros2_ws/build/px4_ros_com -- -j16 -l16
[0.951s] Invoking command in '/home/joshua_caratao/ros2_ws/build/px4_ros_com': CMAKE_PREFIX_PATH=/home/joshua_caratao/ros2_ws/install/px4_msgs:/home/joshua_caratao/ros2_ws/install/px4_ros_com:/home/joshua_caratao/ros2_ws/install/drone_controls:/opt/ros/foxy LD_LIBRARY_PATH=/home/joshua_caratao/ros2_ws/install/px4_msgs/lib:/home/joshua_caratao/ros2_ws/install/px4_ros_com/lib:/opt/ros/foxy/opt/yaml_cpp_vendor/lib:/opt/ros/foxy/opt/rviz_ogre_vendor/lib:/opt/ros/foxy/lib/x86_64-linux-gnu:/opt/ros/foxy/lib:/home/joshua_caratao/PX4-Autopilot/build/px4_sitl_default/build_gazebo-classic:/home/joshua_caratao/PX4-Autopilot/build/px4_sitl_default/build_gazebo-classic PYTHONPATH=/home/joshua_caratao/ros2_ws/install/px4_msgs/lib/python3.8/site-packages:/home/joshua_caratao/ros2_ws/install/px4_ros_com/lib/python3.8/site-packages:/home/joshua_caratao/ros2_ws/install/drone_controls/lib/python3.8/site-packages:/opt/ros/foxy/lib/python3.8/site-packages /home/joshua_caratao/cmake-3.27.6/bin/cmake --install /home/joshua_caratao/ros2_ws/build/px4_ros_com
[0.957s] -- Install configuration: ""
[0.958s] -- Up-to-date: /home/joshua_caratao/ros2_ws/install/px4_ros_com/lib/px4_ros_com/sensor_combined_listener
[0.958s] -- Up-to-date: /home/joshua_caratao/ros2_ws/install/px4_ros_com/lib/px4_ros_com/vehicle_gps_position_listener
[0.959s] -- Up-to-date: /home/joshua_caratao/ros2_ws/install/px4_ros_com/lib/px4_ros_com/debug_vect_advertiser
[0.960s] -- Up-to-date: /home/joshua_caratao/ros2_ws/install/px4_ros_com/lib/px4_ros_com/offboard_control
[0.961s] -- Up-to-date: /home/joshua_caratao/ros2_ws/install/px4_ros_com/lib/px4_ros_com/offboard_control_srv
[0.962s] -- Up-to-date: /home/joshua_caratao/ros2_ws/install/px4_ros_com/share/px4_ros_com/environment/library_path.sh
[0.963s] -- Up-to-date: /home/joshua_caratao/ros2_ws/install/px4_ros_com/share/px4_ros_com/environment/library_path.dsv
[0.963s] -- Up-to-date: /home/joshua_caratao/ros2_ws/install/px4_ros_com/include/px4_ros_com
[0.964s] -- Up-to-date: /home/joshua_caratao/ros2_ws/install/px4_ros_com/include/px4_ros_com/frame_transforms.h
[0.965s] -- Up-to-date: /home/joshua_caratao/ros2_ws/install/px4_ros_com/lib/libframe_transforms.so
[0.966s] -- Up-to-date: /home/joshua_caratao/ros2_ws/install/px4_ros_com/share/px4_ros_com//launch
[0.966s] -- Up-to-date: /home/joshua_caratao/ros2_ws/install/px4_ros_com/share/px4_ros_com//launch/offboard_control_launch.yaml
[0.966s] -- Up-to-date: /home/joshua_caratao/ros2_ws/install/px4_ros_com/share/px4_ros_com//launch/sensor_combined_listener.launch.py
[0.967s] -- Up-to-date: /home/joshua_caratao/ros2_ws/install/px4_ros_com/share/px4_ros_com//test
[0.967s] -- Up-to-date: /home/joshua_caratao/ros2_ws/install/px4_ros_com/share/px4_ros_com//test/__init__.py
[0.967s] -- Up-to-date: /home/joshua_caratao/ros2_ws/install/px4_ros_com/share/px4_ros_com//test/test_output.py
[0.967s] -- Up-to-date: /home/joshua_caratao/ros2_ws/install/px4_ros_com/share/px4_ros_com//test/pipeline_io_test.py
[0.967s] -- Up-to-date: /home/joshua_caratao/ros2_ws/install/px4_ros_com/share/px4_ros_com//test/test_input.py
[0.967s] -- Up-to-date: /home/joshua_caratao/ros2_ws/install/px4_ros_com/share/px4_ros_com/environment/pythonpath.sh
[0.968s] -- Up-to-date: /home/joshua_caratao/ros2_ws/install/px4_ros_com/share/px4_ros_com/environment/pythonpath.dsv
[0.968s] -- Up-to-date: /home/joshua_caratao/ros2_ws/install/px4_ros_com/lib/python3.8/site-packages/px4_ros_com
[0.968s] -- Up-to-date: /home/joshua_caratao/ros2_ws/install/px4_ros_com/lib/python3.8/site-packages/px4_ros_com/module_to_import.py
[0.968s] -- Up-to-date: /home/joshua_caratao/ros2_ws/install/px4_ros_com/lib/python3.8/site-packages/px4_ros_com/__init__.py
[1.056s] Listing '/home/joshua_caratao/ros2_ws/install/px4_ros_com/lib/python3.8/site-packages/px4_ros_com'...
[1.066s] -- Up-to-date: /home/joshua_caratao/ros2_ws/install/px4_ros_com/lib/px4_ros_com/offboard_control.py
[1.067s] -- Up-to-date: /home/joshua_caratao/ros2_ws/install/px4_ros_com/share/ament_index/resource_index/package_run_dependencies/px4_ros_com
[1.068s] -- Up-to-date: /home/joshua_caratao/ros2_ws/install/px4_ros_com/share/ament_index/resource_index/parent_prefix_path/px4_ros_com
[1.069s] -- Up-to-date: /home/joshua_caratao/ros2_ws/install/px4_ros_com/share/px4_ros_com/environment/ament_prefix_path.sh
[1.069s] -- Up-to-date: /home/joshua_caratao/ros2_ws/install/px4_ros_com/share/px4_ros_com/environment/ament_prefix_path.dsv
[1.070s] -- Up-to-date: /home/joshua_caratao/ros2_ws/install/px4_ros_com/share/px4_ros_com/environment/path.sh
[1.070s] -- Up-to-date: /home/joshua_caratao/ros2_ws/install/px4_ros_com/share/px4_ros_com/environment/path.dsv
[1.071s] -- Up-to-date: /home/joshua_caratao/ros2_ws/install/px4_ros_com/share/px4_ros_com/local_setup.bash
[1.072s] -- Up-to-date: /home/joshua_caratao/ros2_ws/install/px4_ros_com/share/px4_ros_com/local_setup.sh
[1.072s] -- Up-to-date: /home/joshua_caratao/ros2_ws/install/px4_ros_com/share/px4_ros_com/local_setup.zsh
[1.073s] -- Up-to-date: /home/joshua_caratao/ros2_ws/install/px4_ros_com/share/px4_ros_com/local_setup.dsv
[1.074s] -- Installing: /home/joshua_caratao/ros2_ws/install/px4_ros_com/share/px4_ros_com/package.dsv
[1.074s] -- Up-to-date: /home/joshua_caratao/ros2_ws/install/px4_ros_com/share/ament_index/resource_index/packages/px4_ros_com
[1.075s] -- Up-to-date: /home/joshua_caratao/ros2_ws/install/px4_ros_com/share/px4_ros_com/cmake/export_frame_transformsExport.cmake
[1.078s] -- Up-to-date: /home/joshua_caratao/ros2_ws/install/px4_ros_com/share/px4_ros_com/cmake/export_frame_transformsExport-noconfig.cmake
[1.080s] -- Up-to-date: /home/joshua_caratao/ros2_ws/install/px4_ros_com/share/px4_ros_com/cmake/ament_cmake_export_dependencies-extras.cmake
[1.081s] -- Up-to-date: /home/joshua_caratao/ros2_ws/install/px4_ros_com/share/px4_ros_com/cmake/ament_cmake_export_targets-extras.cmake
[1.082s] -- Up-to-date: /home/joshua_caratao/ros2_ws/install/px4_ros_com/share/px4_ros_com/cmake/ament_cmake_export_include_directories-extras.cmake
[1.083s] -- Up-to-date: /home/joshua_caratao/ros2_ws/install/px4_ros_com/share/px4_ros_com/cmake/ament_cmake_export_libraries-extras.cmake
[1.086s] -- Up-to-date: /home/joshua_caratao/ros2_ws/install/px4_ros_com/share/px4_ros_com/cmake/px4_ros_comConfig.cmake
[1.087s] -- Up-to-date: /home/joshua_caratao/ros2_ws/install/px4_ros_com/share/px4_ros_com/cmake/px4_ros_comConfig-version.cmake
[1.088s] -- Up-to-date: /home/joshua_caratao/ros2_ws/install/px4_ros_com/share/px4_ros_com/package.xml
[1.089s] Invoked command in '/home/joshua_caratao/ros2_ws/build/px4_ros_com' returned '0': CMAKE_PREFIX_PATH=/home/joshua_caratao/ros2_ws/install/px4_msgs:/home/joshua_caratao/ros2_ws/install/px4_ros_com:/home/joshua_caratao/ros2_ws/install/drone_controls:/opt/ros/foxy LD_LIBRARY_PATH=/home/joshua_caratao/ros2_ws/install/px4_msgs/lib:/home/joshua_caratao/ros2_ws/install/px4_ros_com/lib:/opt/ros/foxy/opt/yaml_cpp_vendor/lib:/opt/ros/foxy/opt/rviz_ogre_vendor/lib:/opt/ros/foxy/lib/x86_64-linux-gnu:/opt/ros/foxy/lib:/home/joshua_caratao/PX4-Autopilot/build/px4_sitl_default/build_gazebo-classic:/home/joshua_caratao/PX4-Autopilot/build/px4_sitl_default/build_gazebo-classic PYTHONPATH=/home/joshua_caratao/ros2_ws/install/px4_msgs/lib/python3.8/site-packages:/home/joshua_caratao/ros2_ws/install/px4_ros_com/lib/python3.8/site-packages:/home/joshua_caratao/ros2_ws/install/drone_controls/lib/python3.8/site-packages:/opt/ros/foxy/lib/python3.8/site-packages /home/joshua_caratao/cmake-3.27.6/bin/cmake --install /home/joshua_caratao/ros2_ws/build/px4_ros_com
